18 мар. 2026 11:25:17,414 ERROR SchedulerLogger - SERVER STOPPING, all scheduled tasks will be interrupted
18 мар. 2026 11:29:13,142 ERROR SchedulerLogger - SERVER STOPPING, all scheduled tasks will be interrupted
18 мар. 2026 11:30:49,767 ERROR SchedulerLogger - SERVER STOPPING, all scheduled tasks will be interrupted
18 мар. 2026 11:33:13,458 ERROR SchedulerLogger - SERVER STOPPING, all scheduled tasks will be interrupted
24 мар. 2026 19:37:24,646 ERROR SchedulerLogger - SERVER STOPPING, all scheduled tasks will be interrupted
24 мар. 2026 19:38:18,282 ERROR SchedulerLogger - SERVER STOPPING, all scheduled tasks will be interrupted
24 мар. 2026 19:40:24,975 ERROR SchedulerLogger - SERVER STOPPING, all scheduled tasks will be interrupted
24 мар. 2026 19:45:05,174 ERROR SchedulerLogger - SERVER STOPPING, all scheduled tasks will be interrupted
24 мар. 2026 23:05:21,112 ERROR SchedulerLogger - SERVER STOPPING, all scheduled tasks will be interrupted
24 мар. 2026 23:08:38,513 ERROR SchedulerLogger - SERVER STOPPING, all scheduled tasks will be interrupted
24 мар. 2026 23:11:21,612 ERROR SchedulerLogger - SERVER STOPPING, all scheduled tasks will be interrupted
24 мар. 2026 23:15:37,461 ERROR SchedulerLogger - SERVER STOPPING, all scheduled tasks will be interrupted
24 мар. 2026 23:16:35,386 ERROR SchedulerLogger - SERVER STOPPING, all scheduled tasks will be interrupted
24 мар. 2026 23:17:43,360 ERROR SchedulerLogger - SERVER STOPPING, all scheduled tasks will be interrupted
24 мар. 2026 23:18:22,892 ERROR SchedulerLogger - SERVER STOPPING, all scheduled tasks will be interrupted
24 мар. 2026 23:20:04,028 ERROR SchedulerLogger - SERVER STOPPING, all scheduled tasks will be interrupted
24 мар. 2026 23:22:15,140 ERROR SchedulerLogger - SERVER STOPPING, all scheduled tasks will be interrupted
24 мар. 2026 23:22:50,696 ERROR SchedulerLogger - SERVER STOPPING, all scheduled tasks will be interrupted
24 мар. 2026 23:24:16,139 ERROR SchedulerLogger - SERVER STOPPING, all scheduled tasks will be interrupted
24 мар. 2026 23:24:56,392 ERROR SchedulerLogger - SERVER STOPPING, all scheduled tasks will be interrupted
24 мар. 2026 23:28:05,717  INFO SchedulerLogger - Scheduled scheduler task: Обслуживание БД
24 мар. 2026 23:34:24,778 ERROR SchedulerLogger - SERVER STOPPING, all scheduled tasks will be interrupted
24 мар. 2026 23:35:13,467 ERROR SchedulerLogger - SERVER STOPPING, all scheduled tasks will be interrupted
24 мар. 2026 23:35:57,501 ERROR SchedulerLogger - SERVER STOPPING, all scheduled tasks will be interrupted
24 мар. 2026 23:46:00,257 ERROR SchedulerLogger - SERVER STOPPING, all scheduled tasks will be interrupted
25 мар. 2026 00:07:17,596 ERROR SchedulerLogger - SERVER STOPPING, all scheduled tasks will be interrupted
25 мар. 2026 00:09:53,137 ERROR SchedulerLogger - SERVER STOPPING, all scheduled tasks will be interrupted
25 мар. 2026 10:28:43,460  INFO SchedulerLogger - Started running scheduler task - Обслуживание БД
25 мар. 2026 10:28:43,652  INFO SchedulerLogger - Active threads: 6, total threads: 6
25 мар. 2026 10:28:43,652  INFO SchedulerLogger - Task Обслуживание БД. TimeFrom 00:00, TimeTo 00:00, daysOfWeek -, daysOfMonth -. Started successful
25 мар. 2026 10:28:43,741  INFO SchedulerLogger - Task Пересчитать статистику (Service.recalculateStatsAction[]) - Запущено start
25 мар. 2026 12:47:50,833 ERROR SchedulerLogger - SERVER STOPPING, all scheduled tasks will be interrupted
25 мар. 2026 12:48:20,489 ERROR SchedulerLogger - SERVER STOPPING, all scheduled tasks will be interrupted
25 мар. 2026 12:48:40,160 ERROR SchedulerLogger - SERVER STOPPING, all scheduled tasks will be interrupted
25 мар. 2026 12:48:56,899 ERROR SchedulerLogger - SERVER STOPPING, all scheduled tasks will be interrupted
25 мар. 2026 12:49:23,035 ERROR SchedulerLogger - SERVER STOPPING, all scheduled tasks will be interrupted
25 мар. 2026 12:49:44,250 ERROR SchedulerLogger - SERVER STOPPING, all scheduled tasks will be interrupted
25 мар. 2026 12:50:02,873 ERROR SchedulerLogger - SERVER STOPPING, all scheduled tasks will be interrupted
25 мар. 2026 12:50:22,825 ERROR SchedulerLogger - SERVER STOPPING, all scheduled tasks will be interrupted
25 мар. 2026 12:50:53,230 ERROR SchedulerLogger - SERVER STOPPING, all scheduled tasks will be interrupted
