24 мар. 2026 23:27:41,342  INFO ServiceLogger - Recalculate table stats 1 of 135: Profiler_profileObject started
24 мар. 2026 23:27:41,441  INFO ServiceLogger - Recalculate table stats 1 of 135: Profiler_profileObject finished, 99ms
24 мар. 2026 23:27:41,442  INFO ServiceLogger - Recalculate table stats 2 of 135: I18n_dictionary started
24 мар. 2026 23:27:41,762  INFO ServiceLogger - Recalculate table stats 2 of 135: I18n_dictionary finished, 320ms
24 мар. 2026 23:27:41,766  INFO ServiceLogger - Recalculate table stats 3 of 135: SystemEvents_exception started
24 мар. 2026 23:27:42,407  INFO ServiceLogger - Recalculate table stats 3 of 135: SystemEvents_exception finished, 641ms
24 мар. 2026 23:27:42,411  INFO ServiceLogger - Recalculate table stats 4 of 135: Email_encryptedConnectionTypeStatus started
24 мар. 2026 23:27:42,489  INFO ServiceLogger - Recalculate table stats 4 of 135: Email_encryptedConnectionTypeStatus finished, 78ms
24 мар. 2026 23:27:42,491  INFO ServiceLogger - Recalculate table stats 5 of 135: _auto_I18n_MultiLanguageNamed started
24 мар. 2026 23:27:42,550  INFO ServiceLogger - Recalculate table stats 5 of 135: _auto_I18n_MultiLanguageNamed finished, 59ms
24 мар. 2026 23:27:42,552  INFO ServiceLogger - Recalculate table stats 6 of 135: Scheduler_scheduledTaskScheduledTaskLog started
24 мар. 2026 23:27:42,614  INFO ServiceLogger - Recalculate table stats 6 of 135: Scheduler_scheduledTaskScheduledTaskLog finished, 62ms
24 мар. 2026 23:27:42,616  INFO ServiceLogger - Recalculate table stats 7 of 135: _auto_Profiler_ProfilerIndex started
24 мар. 2026 23:27:42,667  INFO ServiceLogger - Recalculate table stats 7 of 135: _auto_Profiler_ProfilerIndex finished, 51ms
24 мар. 2026 23:27:42,669  INFO ServiceLogger - Recalculate table stats 8 of 135: Reflection_formPropertyDraw started
24 мар. 2026 23:27:42,726  INFO ServiceLogger - Recalculate table stats 8 of 135: Reflection_formPropertyDraw finished, 57ms
24 мар. 2026 23:27:42,729  INFO ServiceLogger - Recalculate table stats 9 of 135: Reflection_dropColumn started
24 мар. 2026 23:27:42,920  INFO ServiceLogger - Recalculate table stats 9 of 135: Reflection_dropColumn finished, 191ms
24 мар. 2026 23:27:42,922  INFO ServiceLogger - Recalculate table stats 10 of 135: Scheduler_scheduledClientTaskLog started
24 мар. 2026 23:27:43,100  INFO ServiceLogger - Recalculate table stats 10 of 135: Scheduler_scheduledClientTaskLog finished, 178ms
24 мар. 2026 23:27:43,101  INFO ServiceLogger - Recalculate table stats 11 of 135: _auto_System_ListViewType started
24 мар. 2026 23:27:43,168  INFO ServiceLogger - Recalculate table stats 11 of 135: _auto_System_ListViewType finished, 67ms
24 мар. 2026 23:27:43,169  INFO ServiceLogger - Recalculate table stats 12 of 135: Security_memoryLimit started
24 мар. 2026 23:27:43,288  INFO ServiceLogger - Recalculate table stats 12 of 135: Security_memoryLimit finished, 119ms
24 мар. 2026 23:27:43,290  INFO ServiceLogger - Recalculate table stats 13 of 135: _auto_Time_DateTimeIntervalPickerRanges started
24 мар. 2026 23:27:43,328  INFO ServiceLogger - Recalculate table stats 13 of 135: _auto_Time_DateTimeIntervalPickerRanges finished, 38ms
24 мар. 2026 23:27:43,330  INFO ServiceLogger - Recalculate table stats 14 of 135: _auto_Authentication_CustomUser_Time_DateTimePickerRanges started
24 мар. 2026 23:27:43,385  INFO ServiceLogger - Recalculate table stats 14 of 135: _auto_Authentication_CustomUser_Time_DateTimePickerRanges finished, 55ms
24 мар. 2026 23:27:43,386  INFO ServiceLogger - Recalculate table stats 15 of 135: _auto_Authentication_DesignEnv started
24 мар. 2026 23:27:43,671  INFO ServiceLogger - Recalculate table stats 15 of 135: _auto_Authentication_DesignEnv finished, 285ms
24 мар. 2026 23:27:43,672  INFO ServiceLogger - Recalculate table stats 16 of 135: Service_DBType started
24 мар. 2026 23:27:43,731  INFO ServiceLogger - Recalculate table stats 16 of 135: Service_DBType finished, 59ms
24 мар. 2026 23:27:43,733  INFO ServiceLogger - Recalculate table stats 17 of 135: Reflection_form started
24 мар. 2026 23:27:43,904  INFO ServiceLogger - Recalculate table stats 17 of 135: Reflection_form finished, 171ms
24 мар. 2026 23:27:43,905  INFO ServiceLogger - Recalculate table stats 18 of 135: _auto_Security_Permission started
24 мар. 2026 23:27:43,950  INFO ServiceLogger - Recalculate table stats 18 of 135: _auto_Security_Permission finished, 45ms
24 мар. 2026 23:27:43,952  INFO ServiceLogger - Recalculate table stats 19 of 135: Chat_chatCustomUser started
24 мар. 2026 23:27:44,042  INFO ServiceLogger - Recalculate table stats 19 of 135: Chat_chatCustomUser finished, 90ms
24 мар. 2026 23:27:44,045  INFO ServiceLogger - Recalculate table stats 20 of 135: _auto_Schedule_Schedule started
24 мар. 2026 23:27:44,137  INFO ServiceLogger - Recalculate table stats 20 of 135: _auto_Schedule_Schedule finished, 92ms
24 мар. 2026 23:27:44,139  INFO ServiceLogger - Recalculate table stats 21 of 135: _auto_ProcessMonitor_ProcessType started
24 мар. 2026 23:27:44,217  INFO ServiceLogger - Recalculate table stats 21 of 135: _auto_ProcessMonitor_ProcessType finished, 78ms
24 мар. 2026 23:27:44,219  INFO ServiceLogger - Recalculate table stats 22 of 135: _auto started
24 мар. 2026 23:27:46,755  INFO ServiceLogger - Recalculate table stats 22 of 135: _auto finished, 2536ms
24 мар. 2026 23:27:46,758  INFO ServiceLogger - Recalculate table stats 23 of 135: Scheduler_schedulerStartType started
24 мар. 2026 23:27:46,799  INFO ServiceLogger - Recalculate table stats 23 of 135: Scheduler_schedulerStartType finished, 41ms
24 мар. 2026 23:27:46,800  INFO ServiceLogger - Recalculate table stats 24 of 135: Utils_yesNo started
24 мар. 2026 23:27:46,852  INFO ServiceLogger - Recalculate table stats 24 of 135: Utils_yesNo finished, 52ms
24 мар. 2026 23:27:46,853  INFO ServiceLogger - Recalculate table stats 25 of 135: _auto_System_ScriptType started
24 мар. 2026 23:27:46,901  INFO ServiceLogger - Recalculate table stats 25 of 135: _auto_System_ScriptType finished, 48ms
24 мар. 2026 23:27:46,903  INFO ServiceLogger - Recalculate table stats 26 of 135: BoardGame_publisher started
24 мар. 2026 23:27:47,052  INFO ServiceLogger - Recalculate table stats 26 of 135: BoardGame_publisher finished, 149ms
24 мар. 2026 23:27:47,055  INFO ServiceLogger - Recalculate table stats 27 of 135: Reflection_tables started
24 мар. 2026 23:27:47,205  INFO ServiceLogger - Recalculate table stats 27 of 135: Reflection_tables finished, 149ms
24 мар. 2026 23:27:47,205  INFO ServiceLogger - Recalculate table stats 28 of 135: Backup_backupTable started
24 мар. 2026 23:27:47,281  INFO ServiceLogger - Recalculate table stats 28 of 135: Backup_backupTable finished, 76ms
24 мар. 2026 23:27:47,283  INFO ServiceLogger - Recalculate table stats 29 of 135: Reflection_groupObject started
24 мар. 2026 23:27:47,501  INFO ServiceLogger - Recalculate table stats 29 of 135: Reflection_groupObject finished, 218ms
24 мар. 2026 23:27:47,502  INFO ServiceLogger - Recalculate table stats 30 of 135: Messenger_account started
24 мар. 2026 23:27:47,763  INFO ServiceLogger - Recalculate table stats 30 of 135: Messenger_account finished, 261ms
24 мар. 2026 23:27:47,765  INFO ServiceLogger - Recalculate table stats 31 of 135: _auto_SystemEvents_Theme started
24 мар. 2026 23:27:47,820  INFO ServiceLogger - Recalculate table stats 31 of 135: _auto_SystemEvents_Theme finished, 55ms
24 мар. 2026 23:27:47,823  INFO ServiceLogger - Recalculate table stats 32 of 135: Email_account started
24 мар. 2026 23:27:48,198  INFO ServiceLogger - Recalculate table stats 32 of 135: Email_account finished, 375ms
24 мар. 2026 23:27:48,199  INFO ServiceLogger - Recalculate table stats 33 of 135: _auto_Slack_User started
24 мар. 2026 23:27:48,281  INFO ServiceLogger - Recalculate table stats 33 of 135: _auto_Slack_User finished, 82ms
24 мар. 2026 23:27:48,282  INFO ServiceLogger - Recalculate table stats 34 of 135: Authentication_user started
24 мар. 2026 23:27:48,583  INFO ServiceLogger - Recalculate table stats 34 of 135: Authentication_user finished, 301ms
24 мар. 2026 23:27:48,584  INFO ServiceLogger - Recalculate table stats 35 of 135: SystemEvents_sessionContact started
24 мар. 2026 23:27:48,621  INFO ServiceLogger - Recalculate table stats 35 of 135: SystemEvents_sessionContact finished, 37ms
24 мар. 2026 23:27:48,622  INFO ServiceLogger - Recalculate table stats 36 of 135: _auto_Schedule_ScheduleDetail started
24 мар. 2026 23:27:49,172  INFO ServiceLogger - Recalculate table stats 36 of 135: _auto_Schedule_ScheduleDetail finished, 550ms
24 мар. 2026 23:27:49,173  INFO ServiceLogger - Recalculate table stats 37 of 135: BoardGame_boardGameMechanic started
24 мар. 2026 23:27:49,227  INFO ServiceLogger - Recalculate table stats 37 of 135: BoardGame_boardGameMechanic finished, 54ms
24 мар. 2026 23:27:49,229  INFO ServiceLogger - Recalculate table stats 38 of 135: BoardGame_mechanic started
24 мар. 2026 23:27:49,299  INFO ServiceLogger - Recalculate table stats 38 of 135: BoardGame_mechanic finished, 70ms
24 мар. 2026 23:27:49,300  INFO ServiceLogger - Recalculate table stats 39 of 135: Reflection_propertyGroup started
24 мар. 2026 23:27:49,418  INFO ServiceLogger - Recalculate table stats 39 of 135: Reflection_propertyGroup finished, 118ms
24 мар. 2026 23:27:49,419  INFO ServiceLogger - Recalculate table stats 40 of 135: _auto_SystemEvents_Size started
24 мар. 2026 23:27:49,452  INFO ServiceLogger - Recalculate table stats 40 of 135: _auto_SystemEvents_Size finished, 33ms
24 мар. 2026 23:27:49,453  INFO ServiceLogger - Recalculate table stats 41 of 135: Reflection_formGroupingPropertyDraw started
24 мар. 2026 23:27:49,541  INFO ServiceLogger - Recalculate table stats 41 of 135: Reflection_formGroupingPropertyDraw finished, 88ms
24 мар. 2026 23:27:49,543  INFO ServiceLogger - Recalculate table stats 42 of 135: Security_userRole started
24 мар. 2026 23:27:49,654  INFO ServiceLogger - Recalculate table stats 42 of 135: Security_userRole finished, 111ms
24 мар. 2026 23:27:49,655  INFO ServiceLogger - Recalculate table stats 43 of 135: Reflection_property started
24 мар. 2026 23:27:50,000  INFO ServiceLogger - Recalculate table stats 43 of 135: Reflection_property finished, 345ms
24 мар. 2026 23:27:50,002  INFO ServiceLogger - Recalculate table stats 44 of 135: Security_userRolePropertyGroup started
24 мар. 2026 23:27:50,204  INFO ServiceLogger - Recalculate table stats 44 of 135: Security_userRolePropertyGroup finished, 202ms
24 мар. 2026 23:27:50,206  INFO ServiceLogger - Recalculate table stats 45 of 135: Reflection_actionOrProperty started
24 мар. 2026 23:27:50,604  INFO ServiceLogger - Recalculate table stats 45 of 135: Reflection_actionOrProperty finished, 398ms
24 мар. 2026 23:27:50,606  INFO ServiceLogger - Recalculate table stats 46 of 135: System_script started
24 мар. 2026 23:27:50,697  INFO ServiceLogger - Recalculate table stats 46 of 135: System_script finished, 91ms
24 мар. 2026 23:27:50,698  INFO ServiceLogger - Recalculate table stats 47 of 135: SystemEvents_connectionNavigatorElement started
24 мар. 2026 23:27:50,737  INFO ServiceLogger - Recalculate table stats 47 of 135: SystemEvents_connectionNavigatorElement finished, 39ms
24 мар. 2026 23:27:50,738  INFO ServiceLogger - Recalculate table stats 48 of 135: Word_template started
24 мар. 2026 23:27:50,820  INFO ServiceLogger - Recalculate table stats 48 of 135: Word_template finished, 82ms
24 мар. 2026 23:27:50,822  INFO ServiceLogger - Recalculate table stats 49 of 135: SystemEvents_launch started
24 мар. 2026 23:27:50,896  INFO ServiceLogger - Recalculate table stats 49 of 135: SystemEvents_launch finished, 74ms
24 мар. 2026 23:27:50,897  INFO ServiceLogger - Recalculate table stats 50 of 135: _auto_Schedule_Holidays started
24 мар. 2026 23:27:50,925  INFO ServiceLogger - Recalculate table stats 50 of 135: _auto_Schedule_Holidays finished, 28ms
24 мар. 2026 23:27:50,927  INFO ServiceLogger - Recalculate table stats 51 of 135: Profiler_profileData started
24 мар. 2026 23:27:51,137  INFO ServiceLogger - Recalculate table stats 51 of 135: Profiler_profileData finished, 210ms
24 мар. 2026 23:27:51,138  INFO ServiceLogger - Recalculate table stats 52 of 135: Numerator_numerator started
24 мар. 2026 23:27:51,244  INFO ServiceLogger - Recalculate table stats 52 of 135: Numerator_numerator finished, 106ms
24 мар. 2026 23:27:51,245  INFO ServiceLogger - Recalculate table stats 53 of 135: _auto_Geo_MapProvider started
24 мар. 2026 23:27:51,294  INFO ServiceLogger - Recalculate table stats 53 of 135: _auto_Geo_MapProvider finished, 49ms
24 мар. 2026 23:27:51,295  INFO ServiceLogger - Recalculate table stats 54 of 135: _auto_System_ApplyFilter started
24 мар. 2026 23:27:51,324  INFO ServiceLogger - Recalculate table stats 54 of 135: _auto_System_ApplyFilter finished, 29ms
24 мар. 2026 23:27:51,326  INFO ServiceLogger - Recalculate table stats 55 of 135: Geo_POI started
24 мар. 2026 23:27:51,368  INFO ServiceLogger - Recalculate table stats 55 of 135: Geo_POI finished, 42ms
24 мар. 2026 23:27:51,369  INFO ServiceLogger - Recalculate table stats 56 of 135: Word_type started
24 мар. 2026 23:27:51,424  INFO ServiceLogger - Recalculate table stats 56 of 135: Word_type finished, 55ms
24 мар. 2026 23:27:51,425  INFO ServiceLogger - Recalculate table stats 57 of 135: _auto_Time_DateTimePickerRanges started
24 мар. 2026 23:27:51,464  INFO ServiceLogger - Recalculate table stats 57 of 135: _auto_Time_DateTimePickerRanges finished, 39ms
24 мар. 2026 23:27:51,465  INFO ServiceLogger - Recalculate table stats 58 of 135: Reflection_formGrouping started
24 мар. 2026 23:27:51,544  INFO ServiceLogger - Recalculate table stats 58 of 135: Reflection_formGrouping finished, 79ms
24 мар. 2026 23:27:51,545  INFO ServiceLogger - Recalculate table stats 59 of 135: _auto_System_Object started
24 мар. 2026 23:27:51,583  INFO ServiceLogger - Recalculate table stats 59 of 135: _auto_System_Object finished, 38ms
24 мар. 2026 23:27:51,584  INFO ServiceLogger - Recalculate table stats 60 of 135: Reflection_navigatorElement started
24 мар. 2026 23:27:51,725  INFO ServiceLogger - Recalculate table stats 60 of 135: Reflection_navigatorElement finished, 141ms
24 мар. 2026 23:27:51,726  INFO ServiceLogger - Recalculate table stats 61 of 135: Reflection_groupObjectCustomUser started
24 мар. 2026 23:27:51,837  INFO ServiceLogger - Recalculate table stats 61 of 135: Reflection_groupObjectCustomUser finished, 111ms
24 мар. 2026 23:27:51,838  INFO ServiceLogger - Recalculate table stats 62 of 135: Email_folder started
24 мар. 2026 23:27:51,924  INFO ServiceLogger - Recalculate table stats 62 of 135: Email_folder finished, 86ms
24 мар. 2026 23:27:51,925  INFO ServiceLogger - Recalculate table stats 63 of 135: Chat_chat started
24 мар. 2026 23:27:52,005  INFO ServiceLogger - Recalculate table stats 63 of 135: Chat_chat finished, 80ms
24 мар. 2026 23:27:52,006  INFO ServiceLogger - Recalculate table stats 64 of 135: Reflection_tableKey started
24 мар. 2026 23:27:52,163  INFO ServiceLogger - Recalculate table stats 64 of 135: Reflection_tableKey finished, 157ms
24 мар. 2026 23:27:52,164  INFO ServiceLogger - Recalculate table stats 65 of 135: I18n_language started
24 мар. 2026 23:27:52,236  INFO ServiceLogger - Recalculate table stats 65 of 135: I18n_language finished, 72ms
24 мар. 2026 23:27:52,237  INFO ServiceLogger - Recalculate table stats 66 of 135: Reflection_tableColumn started
24 мар. 2026 23:27:52,352  INFO ServiceLogger - Recalculate table stats 66 of 135: Reflection_tableColumn finished, 114ms
24 мар. 2026 23:27:52,352  INFO ServiceLogger - Recalculate table stats 67 of 135: Authentication_colorTheme started
24 мар. 2026 23:27:52,382  INFO ServiceLogger - Recalculate table stats 67 of 135: Authentication_colorTheme finished, 30ms
24 мар. 2026 23:27:52,384  INFO ServiceLogger - Recalculate table stats 68 of 135: Reflection_propertyGroupPropertyGroup started
24 мар. 2026 23:27:52,434  INFO ServiceLogger - Recalculate table stats 68 of 135: Reflection_propertyGroupPropertyGroup finished, 50ms
24 мар. 2026 23:27:52,435  INFO ServiceLogger - Recalculate table stats 69 of 135: System_customObjectClass started
24 мар. 2026 23:27:52,487  INFO ServiceLogger - Recalculate table stats 69 of 135: System_customObjectClass finished, 52ms
24 мар. 2026 23:27:52,488  INFO ServiceLogger - Recalculate table stats 70 of 135: Service_settingUserRole started
24 мар. 2026 23:27:52,536  INFO ServiceLogger - Recalculate table stats 70 of 135: Service_settingUserRole finished, 48ms
24 мар. 2026 23:27:52,537  INFO ServiceLogger - Recalculate table stats 71 of 135: Security_userUserRole started
24 мар. 2026 23:27:52,586  INFO ServiceLogger - Recalculate table stats 71 of 135: Security_userUserRole finished, 49ms
24 мар. 2026 23:27:52,587  INFO ServiceLogger - Recalculate table stats 72 of 135: Reflection_propertyDrawShowStatus started
24 мар. 2026 23:27:52,625  INFO ServiceLogger - Recalculate table stats 72 of 135: Reflection_propertyDrawShowStatus finished, 38ms
24 мар. 2026 23:27:52,626  INFO ServiceLogger - Recalculate table stats 73 of 135: _auto_Icon_Query started
24 мар. 2026 23:27:52,705  INFO ServiceLogger - Recalculate table stats 73 of 135: _auto_Icon_Query finished, 79ms
24 мар. 2026 23:27:52,706  INFO ServiceLogger - Recalculate table stats 74 of 135: BoardGame_genre started
24 мар. 2026 23:27:52,751  INFO ServiceLogger - Recalculate table stats 74 of 135: BoardGame_genre finished, 45ms
24 мар. 2026 23:27:52,752  INFO ServiceLogger - Recalculate table stats 75 of 135: _auto_Messenger_Messenger started
24 мар. 2026 23:27:52,780  INFO ServiceLogger - Recalculate table stats 75 of 135: _auto_Messenger_Messenger finished, 28ms
24 мар. 2026 23:27:52,781  INFO ServiceLogger - Recalculate table stats 76 of 135: Messenger_messages started
24 мар. 2026 23:27:52,903  INFO ServiceLogger - Recalculate table stats 76 of 135: Messenger_messages finished, 122ms
24 мар. 2026 23:27:52,904  INFO ServiceLogger - Recalculate table stats 77 of 135: System_row started
24 мар. 2026 23:27:53,290  INFO ServiceLogger - Recalculate table stats 77 of 135: System_row finished, 386ms
24 мар. 2026 23:27:53,293  INFO ServiceLogger - Recalculate table stats 78 of 135: Service_typeExecEnv started
24 мар. 2026 23:27:53,355  INFO ServiceLogger - Recalculate table stats 78 of 135: Service_typeExecEnv finished, 62ms
24 мар. 2026 23:27:53,357  INFO ServiceLogger - Recalculate table stats 79 of 135: Messenger_chat started
24 мар. 2026 23:27:53,557  INFO ServiceLogger - Recalculate table stats 79 of 135: Messenger_chat finished, 200ms
24 мар. 2026 23:27:53,560  INFO ServiceLogger - Recalculate table stats 80 of 135: _auto_Icon_Icon started
24 мар. 2026 23:27:54,853  INFO ServiceLogger - Recalculate table stats 80 of 135: _auto_Icon_Icon finished, 1293ms
24 мар. 2026 23:27:54,854  INFO ServiceLogger - Recalculate table stats 81 of 135: _auto_SystemEvents_Navbar started
24 мар. 2026 23:27:54,882  INFO ServiceLogger - Recalculate table stats 81 of 135: _auto_SystemEvents_Navbar finished, 28ms
24 мар. 2026 23:27:54,883  INFO ServiceLogger - Recalculate table stats 82 of 135: Reflection_propertyDraw started
24 мар. 2026 23:27:55,183  INFO ServiceLogger - Recalculate table stats 82 of 135: Reflection_propertyDraw finished, 300ms
24 мар. 2026 23:27:55,185  INFO ServiceLogger - Recalculate table stats 83 of 135: Email_receiveAccountType started
24 мар. 2026 23:27:55,225  INFO ServiceLogger - Recalculate table stats 83 of 135: Email_receiveAccountType finished, 40ms
24 мар. 2026 23:27:55,227  INFO ServiceLogger - Recalculate table stats 84 of 135: Scheduler_scheduledTask started
24 мар. 2026 23:27:55,401  INFO ServiceLogger - Recalculate table stats 84 of 135: Scheduler_scheduledTask finished, 174ms
24 мар. 2026 23:27:55,402  INFO ServiceLogger - Recalculate table stats 85 of 135: Scheduler_scheduledTaskDetail started
24 мар. 2026 23:27:55,651  INFO ServiceLogger - Recalculate table stats 85 of 135: Scheduler_scheduledTaskDetail finished, 249ms
24 мар. 2026 23:27:55,652  INFO ServiceLogger - Recalculate table stats 86 of 135: System_staticObject started
24 мар. 2026 23:27:55,812  INFO ServiceLogger - Recalculate table stats 86 of 135: System_staticObject finished, 160ms
24 мар. 2026 23:27:55,813  INFO ServiceLogger - Recalculate table stats 87 of 135: Service_setting started
24 мар. 2026 23:27:55,916  INFO ServiceLogger - Recalculate table stats 87 of 135: Service_setting finished, 103ms
24 мар. 2026 23:27:55,918  INFO ServiceLogger - Recalculate table stats 88 of 135: Excel_template started
24 мар. 2026 23:27:55,989  INFO ServiceLogger - Recalculate table stats 88 of 135: Excel_template finished, 71ms
24 мар. 2026 23:27:55,990  INFO ServiceLogger - Recalculate table stats 89 of 135: Security_userRoleActionOrProperty started
24 мар. 2026 23:27:56,086  INFO ServiceLogger - Recalculate table stats 89 of 135: Security_userRoleActionOrProperty finished, 96ms
24 мар. 2026 23:27:56,087  INFO ServiceLogger - Recalculate table stats 90 of 135: Chat_messageCustomUser started
24 мар. 2026 23:27:56,135  INFO ServiceLogger - Recalculate table stats 90 of 135: Chat_messageCustomUser finished, 48ms
24 мар. 2026 23:27:56,136  INFO ServiceLogger - Recalculate table stats 91 of 135: Time_month started
24 мар. 2026 23:27:56,206  INFO ServiceLogger - Recalculate table stats 91 of 135: Time_month finished, 70ms
24 мар. 2026 23:27:56,207  INFO ServiceLogger - Recalculate table stats 92 of 135: Email_email started
24 мар. 2026 23:27:56,475  INFO ServiceLogger - Recalculate table stats 92 of 135: Email_email finished, 268ms
24 мар. 2026 23:27:56,477  INFO ServiceLogger - Recalculate table stats 93 of 135: _auto_SystemEvents_Connection_TEXT started
24 мар. 2026 23:27:56,558  INFO ServiceLogger - Recalculate table stats 93 of 135: _auto_SystemEvents_Connection_TEXT finished, 81ms
24 мар. 2026 23:27:56,561  INFO ServiceLogger - Recalculate table stats 94 of 135: _auto_Messenger_ChatType started
24 мар. 2026 23:27:56,592  INFO ServiceLogger - Recalculate table stats 94 of 135: _auto_Messenger_ChatType finished, 31ms
24 мар. 2026 23:27:56,594  INFO ServiceLogger - Recalculate table stats 95 of 135: SystemEvents_clientType started
24 мар. 2026 23:27:56,620  INFO ServiceLogger - Recalculate table stats 95 of 135: SystemEvents_clientType finished, 26ms
24 мар. 2026 23:27:56,621  INFO ServiceLogger - Recalculate table stats 96 of 135: SystemEvents_connection started
24 мар. 2026 23:27:57,170  INFO ServiceLogger - Recalculate table stats 96 of 135: SystemEvents_connection finished, 549ms
24 мар. 2026 23:27:57,171  INFO ServiceLogger - Recalculate table stats 97 of 135: Geo_poiPoi started
24 мар. 2026 23:27:57,199  INFO ServiceLogger - Recalculate table stats 97 of 135: Geo_poiPoi finished, 28ms
24 мар. 2026 23:27:57,200  INFO ServiceLogger - Recalculate table stats 98 of 135: Scheduler_DOWScheduledTask started
24 мар. 2026 23:27:57,269  INFO ServiceLogger - Recalculate table stats 98 of 135: Scheduler_DOWScheduledTask finished, 69ms
24 мар. 2026 23:27:57,270  INFO ServiceLogger - Recalculate table stats 99 of 135: Icon_icon started
24 мар. 2026 23:27:57,301  INFO ServiceLogger - Recalculate table stats 99 of 135: Icon_icon finished, 31ms
24 мар. 2026 23:27:57,302  INFO ServiceLogger - Recalculate table stats 100 of 135: _auto_Reflection_SelectType started
24 мар. 2026 23:27:57,348  INFO ServiceLogger - Recalculate table stats 100 of 135: _auto_Reflection_SelectType finished, 46ms
24 мар. 2026 23:27:57,350  INFO ServiceLogger - Recalculate table stats 101 of 135: Time_dow started
24 мар. 2026 23:27:57,466  INFO ServiceLogger - Recalculate table stats 101 of 135: Time_dow finished, 116ms
24 мар. 2026 23:27:57,467  INFO ServiceLogger - Recalculate table stats 102 of 135: Security_userRoleNavigatorElement started
24 мар. 2026 23:27:57,599  INFO ServiceLogger - Recalculate table stats 102 of 135: Security_userRoleNavigatorElement finished, 132ms
24 мар. 2026 23:27:57,600  INFO ServiceLogger - Recalculate table stats 103 of 135: _auto_INTEGER_SystemEvents_Connection_TEXT started
24 мар. 2026 23:27:57,673  INFO ServiceLogger - Recalculate table stats 103 of 135: _auto_INTEGER_SystemEvents_Connection_TEXT finished, 73ms
24 мар. 2026 23:27:57,675  INFO ServiceLogger - Recalculate table stats 104 of 135: BoardGame_boardGame started
24 мар. 2026 23:27:57,864  INFO ServiceLogger - Recalculate table stats 104 of 135: BoardGame_boardGame finished, 189ms
24 мар. 2026 23:27:57,865  INFO ServiceLogger - Recalculate table stats 105 of 135: _auto_RabbitMQ_Channel started
24 мар. 2026 23:27:58,057  INFO ServiceLogger - Recalculate table stats 105 of 135: _auto_RabbitMQ_Channel finished, 192ms
24 мар. 2026 23:27:58,059  INFO ServiceLogger - Recalculate table stats 106 of 135: Security_customUserRole started
24 мар. 2026 23:27:58,096  INFO ServiceLogger - Recalculate table stats 106 of 135: Security_customUserRole finished, 37ms
24 мар. 2026 23:27:58,097  INFO ServiceLogger - Recalculate table stats 107 of 135: Reflection_propertyDrawCustomUser started
24 мар. 2026 23:27:58,226  INFO ServiceLogger - Recalculate table stats 107 of 135: Reflection_propertyDrawCustomUser finished, 129ms
24 мар. 2026 23:27:58,228  INFO ServiceLogger - Recalculate table stats 108 of 135: SystemEvents_connectionForm started
24 мар. 2026 23:27:58,266  INFO ServiceLogger - Recalculate table stats 108 of 135: SystemEvents_connectionForm finished, 38ms
24 мар. 2026 23:27:58,267  INFO ServiceLogger - Recalculate table stats 109 of 135: _auto_Authentication_OAuth2 started
24 мар. 2026 23:27:58,430  INFO ServiceLogger - Recalculate table stats 109 of 135: _auto_Authentication_OAuth2 finished, 163ms
24 мар. 2026 23:27:58,431  INFO ServiceLogger - Recalculate table stats 110 of 135: _auto_Authentication_Contact_STRING started
24 мар. 2026 23:27:58,469  INFO ServiceLogger - Recalculate table stats 110 of 135: _auto_Authentication_Contact_STRING finished, 38ms
24 мар. 2026 23:27:58,470  INFO ServiceLogger - Recalculate table stats 111 of 135: Scheduler_scheduledTaskLog started
24 мар. 2026 23:27:58,574  INFO ServiceLogger - Recalculate table stats 111 of 135: Scheduler_scheduledTaskLog finished, 104ms
24 мар. 2026 23:27:58,575  INFO ServiceLogger - Recalculate table stats 112 of 135: SystemEvents_sessionObject started
24 мар. 2026 23:27:58,608  INFO ServiceLogger - Recalculate table stats 112 of 135: SystemEvents_sessionObject finished, 33ms
24 мар. 2026 23:27:58,609  INFO ServiceLogger - Recalculate table stats 113 of 135: Word_templateEntry started
24 мар. 2026 23:27:58,728  INFO ServiceLogger - Recalculate table stats 113 of 135: Word_templateEntry finished, 119ms
24 мар. 2026 23:27:58,729  INFO ServiceLogger - Recalculate table stats 114 of 135: _auto_STRING_STRING_2 started
24 мар. 2026 23:27:58,829  INFO ServiceLogger - Recalculate table stats 114 of 135: _auto_STRING_STRING_2 finished, 100ms
24 мар. 2026 23:27:58,830  INFO ServiceLogger - Recalculate table stats 115 of 135: Utils_resources started
24 мар. 2026 23:27:58,854  INFO ServiceLogger - Recalculate table stats 115 of 135: Utils_resources finished, 24ms
24 мар. 2026 23:27:58,855  INFO ServiceLogger - Recalculate table stats 116 of 135: BoardGame_owner started
24 мар. 2026 23:27:58,900  INFO ServiceLogger - Recalculate table stats 116 of 135: BoardGame_owner finished, 45ms
24 мар. 2026 23:27:58,901  INFO ServiceLogger - Recalculate table stats 117 of 135: SystemEvents_pingTable started
24 мар. 2026 23:27:59,007  INFO ServiceLogger - Recalculate table stats 117 of 135: SystemEvents_pingTable finished, 106ms
24 мар. 2026 23:27:59,008  INFO ServiceLogger - Recalculate table stats 118 of 135: Reflection_action started
24 мар. 2026 23:27:59,171  INFO ServiceLogger - Recalculate table stats 118 of 135: Reflection_action finished, 163ms
24 мар. 2026 23:27:59,173  INFO ServiceLogger - Recalculate table stats 119 of 135: I18n_multiLanguageNamedLanguage started
24 мар. 2026 23:27:59,227  INFO ServiceLogger - Recalculate table stats 119 of 135: I18n_multiLanguageNamedLanguage finished, 54ms
24 мар. 2026 23:27:59,229  INFO ServiceLogger - Recalculate table stats 120 of 135: Chat_message started
24 мар. 2026 23:27:59,413  INFO ServiceLogger - Recalculate table stats 120 of 135: Chat_message finished, 184ms
24 мар. 2026 23:27:59,415  INFO ServiceLogger - Recalculate table stats 121 of 135: Backup_backup started
24 мар. 2026 23:27:59,605  INFO ServiceLogger - Recalculate table stats 121 of 135: Backup_backup finished, 190ms
24 мар. 2026 23:27:59,606  INFO ServiceLogger - Recalculate table stats 122 of 135: I18n_dictionaryEntry started
24 мар. 2026 23:27:59,699  INFO ServiceLogger - Recalculate table stats 122 of 135: I18n_dictionaryEntry finished, 92ms
24 мар. 2026 23:27:59,700  INFO ServiceLogger - Recalculate table stats 123 of 135: _auto_Authentication_CustomUser_Time_DateTimeIntervalPickerRang started
24 мар. 2026 23:27:59,754  INFO ServiceLogger - Recalculate table stats 123 of 135: _auto_Authentication_CustomUser_Time_DateTimeIntervalPickerRang finished, 54ms
24 мар. 2026 23:27:59,755  INFO ServiceLogger - Recalculate table stats 124 of 135: _auto_ProcessMonitor_StateProcess started
24 мар. 2026 23:27:59,794  INFO ServiceLogger - Recalculate table stats 124 of 135: _auto_ProcessMonitor_StateProcess finished, 39ms
24 мар. 2026 23:27:59,796  INFO ServiceLogger - Recalculate table stats 125 of 135: _auto_WebSocket_Socket started
24 мар. 2026 23:27:59,880  INFO ServiceLogger - Recalculate table stats 125 of 135: _auto_WebSocket_Socket finished, 84ms
24 мар. 2026 23:27:59,881  INFO ServiceLogger - Recalculate table stats 126 of 135: SystemEvents_session started
24 мар. 2026 23:28:00,020  INFO ServiceLogger - Recalculate table stats 126 of 135: SystemEvents_session finished, 139ms
24 мар. 2026 23:28:00,020  INFO ServiceLogger - Recalculate table stats 127 of 135: Excel_templateEntry started
24 мар. 2026 23:28:00,120  INFO ServiceLogger - Recalculate table stats 127 of 135: Excel_templateEntry finished, 100ms
24 мар. 2026 23:28:00,121  INFO ServiceLogger - Recalculate table stats 128 of 135: Authentication_customUser started
24 мар. 2026 23:28:00,564  INFO ServiceLogger - Recalculate table stats 128 of 135: Authentication_customUser finished, 443ms
24 мар. 2026 23:28:00,565  INFO ServiceLogger - Recalculate table stats 129 of 135: _auto_Chat_MessageStatus started
24 мар. 2026 23:28:00,601  INFO ServiceLogger - Recalculate table stats 129 of 135: _auto_Chat_MessageStatus finished, 36ms
24 мар. 2026 23:28:00,602  INFO ServiceLogger - Recalculate table stats 130 of 135: Authentication_contact started
24 мар. 2026 23:28:00,710  INFO ServiceLogger - Recalculate table stats 130 of 135: Authentication_contact finished, 108ms
24 мар. 2026 23:28:00,711  INFO ServiceLogger - Recalculate table stats 131 of 135: Email_attachmentEmail started
24 мар. 2026 23:28:00,857  INFO ServiceLogger - Recalculate table stats 131 of 135: Email_attachmentEmail finished, 146ms
24 мар. 2026 23:28:00,860  INFO ServiceLogger - Recalculate table stats 132 of 135: Reflection_formNames started
24 мар. 2026 23:28:00,898  INFO ServiceLogger - Recalculate table stats 132 of 135: Reflection_formNames finished, 38ms
24 мар. 2026 23:28:00,899  INFO ServiceLogger - Recalculate table stats 133 of 135: Authentication_computer started
24 мар. 2026 23:28:00,967  INFO ServiceLogger - Recalculate table stats 133 of 135: Authentication_computer finished, 68ms
24 мар. 2026 23:28:00,968  INFO ServiceLogger - Recalculate table stats 134 of 135: Reflection_navigatorElementNavigatorElement started
24 мар. 2026 23:28:01,022  INFO ServiceLogger - Recalculate table stats 134 of 135: Reflection_navigatorElementNavigatorElement finished, 54ms
24 мар. 2026 23:28:01,024  INFO ServiceLogger - Recalculate table stats 135 of 135: SystemEvents_connectionStatus started
24 мар. 2026 23:28:01,055  INFO ServiceLogger - Recalculate table stats 135 of 135: SystemEvents_connectionStatus finished, 31ms
24 мар. 2026 23:28:01,056  INFO ServiceLogger - Recalculate Class Stats 1 of 94: up{[Chat.MessageStatus 'Message status']} started
24 мар. 2026 23:28:01,063  INFO ServiceLogger - Recalculate Class Stats 1 of 94: up{[Chat.MessageStatus 'Message status']} finished, 7ms
24 мар. 2026 23:28:01,063  INFO ServiceLogger - Recalculate Class Stats 2 of 94: up{[Icon.Icon 'Icon']} started
24 мар. 2026 23:28:01,074  INFO ServiceLogger - Recalculate Class Stats 2 of 94: up{[Icon.Icon 'Icon']} finished, 11ms
24 мар. 2026 23:28:01,074  INFO ServiceLogger - Recalculate Class Stats 3 of 94: up{[BoardGame.Mechanic 'Mechanic']} started
24 мар. 2026 23:28:01,107  INFO ServiceLogger - Recalculate Class Stats 3 of 94: up{[BoardGame.Mechanic 'Mechanic']} finished, 33ms
24 мар. 2026 23:28:01,108  INFO ServiceLogger - Recalculate Class Stats 4 of 94: up{[Email.EncryptedConnectionTypeStatus 'Тип шифрованного подключения']} started
24 мар. 2026 23:28:01,125  INFO ServiceLogger - Recalculate Class Stats 4 of 94: up{[Email.EncryptedConnectionTypeStatus 'Тип шифрованного подключения']} finished, 17ms
24 мар. 2026 23:28:01,125  INFO ServiceLogger - Recalculate Class Stats 5 of 94: up{[Reflection.Form 'Форма']} started
24 мар. 2026 23:28:01,132  INFO ServiceLogger - Recalculate Class Stats 5 of 94: up{[Reflection.Form 'Форма']} finished, 7ms
24 мар. 2026 23:28:01,133  INFO ServiceLogger - Recalculate Class Stats 6 of 94: up{[Authentication.OAuth2 'O auth 2']} started
24 мар. 2026 23:28:01,137  INFO ServiceLogger - Recalculate Class Stats 6 of 94: up{[Authentication.OAuth2 'O auth 2']} finished, 4ms
24 мар. 2026 23:28:01,137  INFO ServiceLogger - Recalculate Class Stats 7 of 94: up{[System.ListViewType 'List view type']} started
24 мар. 2026 23:28:01,142  INFO ServiceLogger - Recalculate Class Stats 7 of 94: up{[System.ListViewType 'List view type']} finished, 5ms
24 мар. 2026 23:28:01,142  INFO ServiceLogger - Recalculate Class Stats 8 of 94: up{[BoardGame.BoardGame 'Board Game']} started
24 мар. 2026 23:28:01,146  INFO ServiceLogger - Recalculate Class Stats 8 of 94: up{[BoardGame.BoardGame 'Board Game']} finished, 4ms
24 мар. 2026 23:28:01,146  INFO ServiceLogger - Recalculate Class Stats 9 of 94: up{[Security.MemoryLimit 'Ограничение памяти']} started
24 мар. 2026 23:28:01,150  INFO ServiceLogger - Recalculate Class Stats 9 of 94: up{[Security.MemoryLimit 'Ограничение памяти']} finished, 4ms
24 мар. 2026 23:28:01,150  INFO ServiceLogger - Recalculate Class Stats 10 of 94: up{[Reflection.FormGrouping 'Группировка']} started
24 мар. 2026 23:28:01,154  INFO ServiceLogger - Recalculate Class Stats 10 of 94: up{[Reflection.FormGrouping 'Группировка']} finished, 4ms
24 мар. 2026 23:28:01,155  INFO ServiceLogger - Recalculate Class Stats 11 of 94: up{[Messenger.ChatType 'Chat type']} started
24 мар. 2026 23:28:01,168  INFO ServiceLogger - Recalculate Class Stats 11 of 94: up{[Messenger.ChatType 'Chat type']} finished, 13ms
24 мар. 2026 23:28:01,168  INFO ServiceLogger - Recalculate Class Stats 12 of 94: up{[Authentication.SystemUser 'Системный пользователь']} started
24 мар. 2026 23:28:01,188  INFO ServiceLogger - Recalculate Class Stats 12 of 94: up{[Authentication.SystemUser 'Системный пользователь']} finished, 20ms
24 мар. 2026 23:28:01,188  INFO ServiceLogger - Recalculate Class Stats 13 of 94: up{[Geo.MapProvider 'Использовать карты']} started
24 мар. 2026 23:28:01,197  INFO ServiceLogger - Recalculate Class Stats 13 of 94: up{[Geo.MapProvider 'Использовать карты']} finished, 9ms
24 мар. 2026 23:28:01,197  INFO ServiceLogger - Recalculate Class Stats 14 of 94: up{[Scheduler.SchedulerStartType 'Отсчёт времени']} started
24 мар. 2026 23:28:01,204  INFO ServiceLogger - Recalculate Class Stats 14 of 94: up{[Scheduler.SchedulerStartType 'Отсчёт времени']} finished, 7ms
24 мар. 2026 23:28:01,204  INFO ServiceLogger - Recalculate Class Stats 15 of 94: up{[Word.Template 'Шаблон']} started
24 мар. 2026 23:28:01,209  INFO ServiceLogger - Recalculate Class Stats 15 of 94: up{[Word.Template 'Шаблон']} finished, 5ms
24 мар. 2026 23:28:01,209  INFO ServiceLogger - Recalculate Class Stats 16 of 94: up{[Messenger.Account 'Аккаунт']} started
24 мар. 2026 23:28:01,217  INFO ServiceLogger - Recalculate Class Stats 16 of 94: up{[Messenger.Account 'Аккаунт']} finished, 8ms
24 мар. 2026 23:28:01,218  INFO ServiceLogger - Recalculate Class Stats 17 of 94: up{[Reflection.TableKey 'Ключ']} started
24 мар. 2026 23:28:01,224  INFO ServiceLogger - Recalculate Class Stats 17 of 94: up{[Reflection.TableKey 'Ключ']} finished, 6ms
24 мар. 2026 23:28:01,225  INFO ServiceLogger - Recalculate Class Stats 18 of 94: up{[SystemEvents.Size 'Размер']} started
24 мар. 2026 23:28:01,231  INFO ServiceLogger - Recalculate Class Stats 18 of 94: up{[SystemEvents.Size 'Размер']} finished, 6ms
24 мар. 2026 23:28:01,232  INFO ServiceLogger - Recalculate Class Stats 19 of 94: up{[Reflection.PropertyDrawShowStatus 'Показ свойства']} started
24 мар. 2026 23:28:01,237  INFO ServiceLogger - Recalculate Class Stats 19 of 94: up{[Reflection.PropertyDrawShowStatus 'Показ свойства']} finished, 5ms
24 мар. 2026 23:28:01,238  INFO ServiceLogger - Recalculate Class Stats 20 of 94: up{[I18n.MultiLanguageNamed 'Мультиязычный объект']} started
24 мар. 2026 23:28:01,243  INFO ServiceLogger - Recalculate Class Stats 20 of 94: up{[I18n.MultiLanguageNamed 'Мультиязычный объект']} finished, 5ms
24 мар. 2026 23:28:01,243  INFO ServiceLogger - Recalculate Class Stats 21 of 94: up{[Reflection.Action 'Действие']} started
24 мар. 2026 23:28:01,250  INFO ServiceLogger - Recalculate Class Stats 21 of 94: up{[Reflection.Action 'Действие']} finished, 7ms
24 мар. 2026 23:28:01,250  INFO ServiceLogger - Recalculate Class Stats 22 of 94: up{[RabbitMQ.Channel 'Channel']} started
24 мар. 2026 23:28:01,256  INFO ServiceLogger - Recalculate Class Stats 22 of 94: up{[RabbitMQ.Channel 'Channel']} finished, 6ms
24 мар. 2026 23:28:01,257  INFO ServiceLogger - Recalculate Class Stats 23 of 94: up{[Reflection.GroupObject 'Группа объектов']} started
24 мар. 2026 23:28:01,262  INFO ServiceLogger - Recalculate Class Stats 23 of 94: up{[Reflection.GroupObject 'Группа объектов']} finished, 5ms
24 мар. 2026 23:28:01,263  INFO ServiceLogger - Recalculate Class Stats 24 of 94: up{[SystemEvents.ConnectionStatus 'Статус подключения']} started
24 мар. 2026 23:28:01,269  INFO ServiceLogger - Recalculate Class Stats 24 of 94: up{[SystemEvents.ConnectionStatus 'Статус подключения']} finished, 6ms
24 мар. 2026 23:28:01,269  INFO ServiceLogger - Recalculate Class Stats 25 of 94: up{[SystemEvents.Theme 'Тема']} started
24 мар. 2026 23:28:01,274  INFO ServiceLogger - Recalculate Class Stats 25 of 94: up{[SystemEvents.Theme 'Тема']} finished, 5ms
24 мар. 2026 23:28:01,274  INFO ServiceLogger - Recalculate Class Stats 26 of 94: up{[Profiler.ProfileObject 'Profile object']} started
24 мар. 2026 23:28:01,280  INFO ServiceLogger - Recalculate Class Stats 26 of 94: up{[Profiler.ProfileObject 'Profile object']} finished, 6ms
24 мар. 2026 23:28:01,280  INFO ServiceLogger - Recalculate Class Stats 27 of 94: up{[Messenger.Messenger 'Messenger']} started
24 мар. 2026 23:28:01,284  INFO ServiceLogger - Recalculate Class Stats 27 of 94: up{[Messenger.Messenger 'Messenger']} finished, 4ms
24 мар. 2026 23:28:01,284  INFO ServiceLogger - Recalculate Class Stats 28 of 94: up{[I18n.DictionaryEntry 'Слова']} started
24 мар. 2026 23:28:01,288  INFO ServiceLogger - Recalculate Class Stats 28 of 94: up{[I18n.DictionaryEntry 'Слова']} finished, 4ms
24 мар. 2026 23:28:01,288  INFO ServiceLogger - Recalculate Class Stats 29 of 94: up{[ProcessMonitor.ProcessType 'Фильтр процессов']} started
24 мар. 2026 23:28:01,294  INFO ServiceLogger - Recalculate Class Stats 29 of 94: up{[ProcessMonitor.ProcessType 'Фильтр процессов']} finished, 6ms
24 мар. 2026 23:28:01,294  INFO ServiceLogger - Recalculate Class Stats 30 of 94: up{[Messenger.Chat 'Чат']} started
24 мар. 2026 23:28:01,300  INFO ServiceLogger - Recalculate Class Stats 30 of 94: up{[Messenger.Chat 'Чат']} finished, 6ms
24 мар. 2026 23:28:01,300  INFO ServiceLogger - Recalculate Class Stats 31 of 94: up{[ProcessMonitor.StateProcess 'Статус процесса']} started
24 мар. 2026 23:28:01,305  INFO ServiceLogger - Recalculate Class Stats 31 of 94: up{[ProcessMonitor.StateProcess 'Статус процесса']} finished, 5ms
24 мар. 2026 23:28:01,305  INFO ServiceLogger - Recalculate Class Stats 32 of 94: up{[Schedule.Schedule 'Расписание']} started
24 мар. 2026 23:28:01,312  INFO ServiceLogger - Recalculate Class Stats 32 of 94: up{[Schedule.Schedule 'Расписание']} finished, 7ms
24 мар. 2026 23:28:01,312  INFO ServiceLogger - Recalculate Class Stats 33 of 94: up{[SystemEvents.ClientType 'Тип клиента']} started
24 мар. 2026 23:28:01,319  INFO ServiceLogger - Recalculate Class Stats 33 of 94: up{[SystemEvents.ClientType 'Тип клиента']} finished, 7ms
24 мар. 2026 23:28:01,319  INFO ServiceLogger - Recalculate Class Stats 34 of 94: up{[Reflection.PropertyDraw 'Свойство на форме']} started
24 мар. 2026 23:28:01,325  INFO ServiceLogger - Recalculate Class Stats 34 of 94: up{[Reflection.PropertyDraw 'Свойство на форме']} finished, 6ms
24 мар. 2026 23:28:01,326  INFO ServiceLogger - Recalculate Class Stats 35 of 94: up{[SystemEvents.Session 'Сессия']} started
24 мар. 2026 23:28:01,333  INFO ServiceLogger - Recalculate Class Stats 35 of 94: up{[SystemEvents.Session 'Сессия']} finished, 7ms
24 мар. 2026 23:28:01,334  INFO ServiceLogger - Recalculate Class Stats 36 of 94: up{[Email.Email 'Письмо']} started
24 мар. 2026 23:28:01,339  INFO ServiceLogger - Recalculate Class Stats 36 of 94: up{[Email.Email 'Письмо']} finished, 5ms
24 мар. 2026 23:28:01,339  INFO ServiceLogger - Recalculate Class Stats 37 of 94: up{[Reflection.Table 'Таблица']} started
24 мар. 2026 23:28:01,345  INFO ServiceLogger - Recalculate Class Stats 37 of 94: up{[Reflection.Table 'Таблица']} finished, 6ms
24 мар. 2026 23:28:01,345  INFO ServiceLogger - Recalculate Class Stats 38 of 94: up{[Messenger.Message 'Сообщения']} started
24 мар. 2026 23:28:01,349  INFO ServiceLogger - Recalculate Class Stats 38 of 94: up{[Messenger.Message 'Сообщения']} finished, 4ms
24 мар. 2026 23:28:01,350  INFO ServiceLogger - Recalculate Class Stats 39 of 94: up{[Backup.Backup 'Резервная копия']} started
24 мар. 2026 23:28:01,354  INFO ServiceLogger - Recalculate Class Stats 39 of 94: up{[Backup.Backup 'Резервная копия']} finished, 4ms
24 мар. 2026 23:28:01,354  INFO ServiceLogger - Recalculate Class Stats 40 of 94: up{[Chat.Message 'Сообщение']} started
24 мар. 2026 23:28:01,359  INFO ServiceLogger - Recalculate Class Stats 40 of 94: up{[Chat.Message 'Сообщение']} finished, 5ms
24 мар. 2026 23:28:01,360  INFO ServiceLogger - Recalculate Class Stats 41 of 94: up{[Profiler.ProfilerIndex 'Profiler index']} started
24 мар. 2026 23:28:01,365  INFO ServiceLogger - Recalculate Class Stats 41 of 94: up{[Profiler.ProfilerIndex 'Profiler index']} finished, 5ms
24 мар. 2026 23:28:01,365  INFO ServiceLogger - Recalculate Class Stats 42 of 94: up{[SystemEvents.Launch 'Запуск']} started
24 мар. 2026 23:28:01,369  INFO ServiceLogger - Recalculate Class Stats 42 of 94: up{[SystemEvents.Launch 'Запуск']} finished, 4ms
24 мар. 2026 23:28:01,370  INFO ServiceLogger - Recalculate Class Stats 43 of 94: up{[SystemEvents.Navbar 'Панель навигации']} started
24 мар. 2026 23:28:01,376  INFO ServiceLogger - Recalculate Class Stats 43 of 94: up{[SystemEvents.Navbar 'Панель навигации']} finished, 6ms
24 мар. 2026 23:28:01,376  INFO ServiceLogger - Recalculate Class Stats 44 of 94: up{[BoardGame.Publisher 'Publisher']} started
24 мар. 2026 23:28:01,381  INFO ServiceLogger - Recalculate Class Stats 44 of 94: up{[BoardGame.Publisher 'Publisher']} finished, 5ms
24 мар. 2026 23:28:01,381  INFO ServiceLogger - Recalculate Class Stats 45 of 94: up{[Authentication.Computer 'Компьютер']} started
24 мар. 2026 23:28:01,384  INFO ServiceLogger - Recalculate Class Stats 45 of 94: up{[Authentication.Computer 'Компьютер']} finished, 3ms
24 мар. 2026 23:28:01,384  INFO ServiceLogger - Recalculate Class Stats 46 of 94: up{[Time.Month 'Месяц']} started
24 мар. 2026 23:28:01,390  INFO ServiceLogger - Recalculate Class Stats 46 of 94: up{[Time.Month 'Месяц']} finished, 6ms
24 мар. 2026 23:28:01,390  INFO ServiceLogger - Recalculate Class Stats 47 of 94: up{[Authentication.ColorTheme 'Цветовая тема']} started
24 мар. 2026 23:28:01,396  INFO ServiceLogger - Recalculate Class Stats 47 of 94: up{[Authentication.ColorTheme 'Цветовая тема']} finished, 6ms
24 мар. 2026 23:28:01,397  INFO ServiceLogger - Recalculate Class Stats 48 of 94: up{[Word.Type 'Тип строки шаблона']} started
24 мар. 2026 23:28:01,400  INFO ServiceLogger - Recalculate Class Stats 48 of 94: up{[Word.Type 'Тип строки шаблона']} finished, 3ms
24 мар. 2026 23:28:01,401  INFO ServiceLogger - Recalculate Class Stats 49 of 94: up{[Service.DBType 'DB type']} started
24 мар. 2026 23:28:01,405  INFO ServiceLogger - Recalculate Class Stats 49 of 94: up{[Service.DBType 'DB type']} finished, 4ms
24 мар. 2026 23:28:01,405  INFO ServiceLogger - Recalculate Class Stats 50 of 94: up{[Scheduler.ScheduledClientTaskLog 'Сообщения клиента']} started
24 мар. 2026 23:28:01,410  INFO ServiceLogger - Recalculate Class Stats 50 of 94: up{[Scheduler.ScheduledClientTaskLog 'Сообщения клиента']} finished, 5ms
24 мар. 2026 23:28:01,412  INFO ServiceLogger - Recalculate Class Stats 51 of 94: up{[Reflection.Property 'Свойство']} started
24 мар. 2026 23:28:01,417  INFO ServiceLogger - Recalculate Class Stats 51 of 94: up{[Reflection.Property 'Свойство']} finished, 5ms
24 мар. 2026 23:28:01,417  INFO ServiceLogger - Recalculate Class Stats 52 of 94: up{[Scheduler.ScheduledTaskDetail 'Строка задания планировщика']} started
24 мар. 2026 23:28:01,421  INFO ServiceLogger - Recalculate Class Stats 52 of 94: up{[Scheduler.ScheduledTaskDetail 'Строка задания планировщика']} finished, 4ms
24 мар. 2026 23:28:01,421  INFO ServiceLogger - Recalculate Class Stats 53 of 94: up{[Excel.TemplateEntry 'Строка шаблона']} started
24 мар. 2026 23:28:01,425  INFO ServiceLogger - Recalculate Class Stats 53 of 94: up{[Excel.TemplateEntry 'Строка шаблона']} finished, 4ms
24 мар. 2026 23:28:01,425  INFO ServiceLogger - Recalculate Class Stats 54 of 94: up{[Numerator.Numerator 'Нумератор']} started
24 мар. 2026 23:28:01,430  INFO ServiceLogger - Recalculate Class Stats 54 of 94: up{[Numerator.Numerator 'Нумератор']} finished, 5ms
24 мар. 2026 23:28:01,430  INFO ServiceLogger - Recalculate Class Stats 55 of 94: up{[Time.DateTimeIntervalPickerRanges 'Предопределенные даты интервала']} started
24 мар. 2026 23:28:01,443  INFO ServiceLogger - Recalculate Class Stats 55 of 94: up{[Time.DateTimeIntervalPickerRanges 'Предопределенные даты интервала']} finished, 13ms
24 мар. 2026 23:28:01,443  INFO ServiceLogger - Recalculate Class Stats 56 of 94: up{[Email.Account 'E-mail аккаунт']} started
24 мар. 2026 23:28:01,459  INFO ServiceLogger - Recalculate Class Stats 56 of 94: up{[Email.Account 'E-mail аккаунт']} finished, 16ms
24 мар. 2026 23:28:01,459  INFO ServiceLogger - Recalculate Class Stats 57 of 94: up{[System.ApplyFilter 'Apply filter']} started
24 мар. 2026 23:28:01,463  INFO ServiceLogger - Recalculate Class Stats 57 of 94: up{[System.ApplyFilter 'Apply filter']} finished, 4ms
24 мар. 2026 23:28:01,464  INFO ServiceLogger - Recalculate Class Stats 58 of 94: up{[Service.TypeExecEnv 'Type exec env']} started
24 мар. 2026 23:28:01,467  INFO ServiceLogger - Recalculate Class Stats 58 of 94: up{[Service.TypeExecEnv 'Type exec env']} finished, 3ms
24 мар. 2026 23:28:01,467  INFO ServiceLogger - Recalculate Class Stats 59 of 94: up{[SystemEvents.Exception 'Исключение']} started
24 мар. 2026 23:28:01,476  INFO ServiceLogger - Recalculate Class Stats 59 of 94: up{[SystemEvents.Exception 'Исключение']} finished, 9ms
24 мар. 2026 23:28:01,476  INFO ServiceLogger - Recalculate Class Stats 60 of 94: up{[Security.UserRole 'Роль']} started
24 мар. 2026 23:28:01,481  INFO ServiceLogger - Recalculate Class Stats 60 of 94: up{[Security.UserRole 'Роль']} finished, 5ms
24 мар. 2026 23:28:01,481  INFO ServiceLogger - Recalculate Class Stats 61 of 94: up{[Reflection.DropColumn 'Удалённая колонка']} started
24 мар. 2026 23:28:01,485  INFO ServiceLogger - Recalculate Class Stats 61 of 94: up{[Reflection.DropColumn 'Удалённая колонка']} finished, 4ms
24 мар. 2026 23:28:01,485  INFO ServiceLogger - Recalculate Class Stats 62 of 94: up{[I18n.Dictionary 'Словарь']} started
24 мар. 2026 23:28:01,489  INFO ServiceLogger - Recalculate Class Stats 62 of 94: up{[I18n.Dictionary 'Словарь']} finished, 4ms
24 мар. 2026 23:28:01,489  INFO ServiceLogger - Recalculate Class Stats 63 of 94: up{[BoardGame.Owner 'Owner']} started
24 мар. 2026 23:28:01,493  INFO ServiceLogger - Recalculate Class Stats 63 of 94: up{[BoardGame.Owner 'Owner']} finished, 4ms
24 мар. 2026 23:28:01,494  INFO ServiceLogger - Recalculate Class Stats 64 of 94: up{[System.ScriptType 'Script type']} started
24 мар. 2026 23:28:01,498  INFO ServiceLogger - Recalculate Class Stats 64 of 94: up{[System.ScriptType 'Script type']} finished, 4ms
24 мар. 2026 23:28:01,498  INFO ServiceLogger - Recalculate Class Stats 65 of 94: up{[Time.DOW 'День недели']} started
24 мар. 2026 23:28:01,502  INFO ServiceLogger - Recalculate Class Stats 65 of 94: up{[Time.DOW 'День недели']} finished, 4ms
24 мар. 2026 23:28:01,502  INFO ServiceLogger - Recalculate Class Stats 66 of 94: up{[System.Script 'Скрипт']} started
24 мар. 2026 23:28:01,506  INFO ServiceLogger - Recalculate Class Stats 66 of 94: up{[System.Script 'Скрипт']} finished, 4ms
24 мар. 2026 23:28:01,506  INFO ServiceLogger - Recalculate Class Stats 67 of 94: up{[Reflection.TableColumn 'Колонка']} started
24 мар. 2026 23:28:01,514  INFO ServiceLogger - Recalculate Class Stats 67 of 94: up{[Reflection.TableColumn 'Колонка']} finished, 8ms
24 мар. 2026 23:28:01,514  INFO ServiceLogger - Recalculate Class Stats 68 of 94: up{[WebSocket.Socket 'Socket']} started
24 мар. 2026 23:28:01,518  INFO ServiceLogger - Recalculate Class Stats 68 of 94: up{[WebSocket.Socket 'Socket']} finished, 4ms
24 мар. 2026 23:28:01,518  INFO ServiceLogger - Recalculate Class Stats 69 of 94: up{[System.Row 'Ряд']} started
24 мар. 2026 23:28:01,521  INFO ServiceLogger - Recalculate Class Stats 69 of 94: up{[System.Row 'Ряд']} finished, 3ms
24 мар. 2026 23:28:01,522  INFO ServiceLogger - Recalculate Class Stats 70 of 94: up{[Schedule.ScheduleDetail 'Строка расписания']} started
24 мар. 2026 23:28:01,527  INFO ServiceLogger - Recalculate Class Stats 70 of 94: up{[Schedule.ScheduleDetail 'Строка расписания']} finished, 5ms
24 мар. 2026 23:28:01,528  INFO ServiceLogger - Recalculate Class Stats 71 of 94: up{[Email.Folder 'Папка']} started
24 мар. 2026 23:28:01,532  INFO ServiceLogger - Recalculate Class Stats 71 of 94: up{[Email.Folder 'Папка']} finished, 4ms
24 мар. 2026 23:28:01,532  INFO ServiceLogger - Recalculate Class Stats 72 of 94: up{[Email.ReceiveAccountType 'Тип учётной записи']} started
24 мар. 2026 23:28:01,536  INFO ServiceLogger - Recalculate Class Stats 72 of 94: up{[Email.ReceiveAccountType 'Тип учётной записи']} finished, 4ms
24 мар. 2026 23:28:01,536  INFO ServiceLogger - Recalculate Class Stats 73 of 94: up{[Scheduler.ScheduledTask 'Задание планировщика']} started
24 мар. 2026 23:28:01,541  INFO ServiceLogger - Recalculate Class Stats 73 of 94: up{[Scheduler.ScheduledTask 'Задание планировщика']} finished, 5ms
24 мар. 2026 23:28:01,542  INFO ServiceLogger - Recalculate Class Stats 74 of 94: up{[Reflection.SelectType 'Выбор']} started
24 мар. 2026 23:28:01,547  INFO ServiceLogger - Recalculate Class Stats 74 of 94: up{[Reflection.SelectType 'Выбор']} finished, 5ms
24 мар. 2026 23:28:01,547  INFO ServiceLogger - Recalculate Class Stats 75 of 94: Chat.Chat 'Чат' started
24 мар. 2026 23:28:01,551  INFO ServiceLogger - Recalculate Class Stats 75 of 94: Chat.Chat 'Чат' finished, 4ms
24 мар. 2026 23:28:01,551  INFO ServiceLogger - Recalculate Class Stats 76 of 94: up{[Icon.Query 'Query']} started
24 мар. 2026 23:28:01,555  INFO ServiceLogger - Recalculate Class Stats 76 of 94: up{[Icon.Query 'Query']} finished, 4ms
24 мар. 2026 23:28:01,555  INFO ServiceLogger - Recalculate Class Stats 77 of 94: up{[I18n.Language 'Язык']} started
24 мар. 2026 23:28:01,561  INFO ServiceLogger - Recalculate Class Stats 77 of 94: up{[I18n.Language 'Язык']} finished, 6ms
24 мар. 2026 23:28:01,561  INFO ServiceLogger - Recalculate Class Stats 78 of 94: up{[Time.DateTimePickerRanges 'Предопределенные даты']} started
24 мар. 2026 23:28:01,567  INFO ServiceLogger - Recalculate Class Stats 78 of 94: up{[Time.DateTimePickerRanges 'Предопределенные даты']} finished, 6ms
24 мар. 2026 23:28:01,567  INFO ServiceLogger - Recalculate Class Stats 79 of 94: up{[Slack.User 'User']} started
24 мар. 2026 23:28:01,574  INFO ServiceLogger - Recalculate Class Stats 79 of 94: up{[Slack.User 'User']} finished, 7ms
24 мар. 2026 23:28:01,574  INFO ServiceLogger - Recalculate Class Stats 80 of 94: up{[Reflection.PropertyGroup 'Родит. группа']} started
24 мар. 2026 23:28:01,579  INFO ServiceLogger - Recalculate Class Stats 80 of 94: up{[Reflection.PropertyGroup 'Родит. группа']} finished, 5ms
24 мар. 2026 23:28:01,580  INFO ServiceLogger - Recalculate Class Stats 81 of 94: up{[Scheduler.ScheduledTaskLog 'Лог планировщика']} started
24 мар. 2026 23:28:01,585  INFO ServiceLogger - Recalculate Class Stats 81 of 94: up{[Scheduler.ScheduledTaskLog 'Лог планировщика']} finished, 5ms
24 мар. 2026 23:28:01,585  INFO ServiceLogger - Recalculate Class Stats 82 of 94: up{[SystemEvents.Connection 'Подключение']} started
24 мар. 2026 23:28:01,592  INFO ServiceLogger - Recalculate Class Stats 82 of 94: up{[SystemEvents.Connection 'Подключение']} finished, 7ms
24 мар. 2026 23:28:01,592  INFO ServiceLogger - Recalculate Class Stats 83 of 94: up{[Security.Permission 'Permission']} started
24 мар. 2026 23:28:01,597  INFO ServiceLogger - Recalculate Class Stats 83 of 94: up{[Security.Permission 'Permission']} finished, 5ms
24 мар. 2026 23:28:01,597  INFO ServiceLogger - Recalculate Class Stats 84 of 94: up{[Authentication.Contact 'Контакт']} started
24 мар. 2026 23:28:01,601  INFO ServiceLogger - Recalculate Class Stats 84 of 94: up{[Authentication.Contact 'Контакт']} finished, 4ms
24 мар. 2026 23:28:01,601  INFO ServiceLogger - Recalculate Class Stats 85 of 94: up{[Utils.YesNo 'Логическое']} started
24 мар. 2026 23:28:01,606  INFO ServiceLogger - Recalculate Class Stats 85 of 94: up{[Utils.YesNo 'Логическое']} finished, 4ms
24 мар. 2026 23:28:01,606  INFO ServiceLogger - Recalculate Class Stats 86 of 94: Authentication.DesignEnv 'Design env' started
24 мар. 2026 23:28:01,611  INFO ServiceLogger - Recalculate Class Stats 86 of 94: Authentication.DesignEnv 'Design env' finished, 5ms
24 мар. 2026 23:28:01,611  INFO ServiceLogger - Recalculate Class Stats 87 of 94: up{[System.CustomObjectClass 'Класс объекта']} started
24 мар. 2026 23:28:01,616  INFO ServiceLogger - Recalculate Class Stats 87 of 94: up{[System.CustomObjectClass 'Класс объекта']} finished, 5ms
24 мар. 2026 23:28:01,616  INFO ServiceLogger - Recalculate Class Stats 88 of 94: up{[Reflection.NavigatorElement 'Элемент навигатора']} started
24 мар. 2026 23:28:01,621  INFO ServiceLogger - Recalculate Class Stats 88 of 94: up{[Reflection.NavigatorElement 'Элемент навигатора']} finished, 5ms
24 мар. 2026 23:28:01,621  INFO ServiceLogger - Recalculate Class Stats 89 of 94: up{[Schedule.Holidays 'Выходные дни']} started
24 мар. 2026 23:28:01,626  INFO ServiceLogger - Recalculate Class Stats 89 of 94: up{[Schedule.Holidays 'Выходные дни']} finished, 5ms
24 мар. 2026 23:28:01,626  INFO ServiceLogger - Recalculate Class Stats 90 of 94: up{[Email.AttachmentEmail 'Вложение']} started
24 мар. 2026 23:28:01,630  INFO ServiceLogger - Recalculate Class Stats 90 of 94: up{[Email.AttachmentEmail 'Вложение']} finished, 4ms
24 мар. 2026 23:28:01,630  INFO ServiceLogger - Recalculate Class Stats 91 of 94: up{[Word.TemplateEntry 'Строка шаблона']} started
24 мар. 2026 23:28:01,634  INFO ServiceLogger - Recalculate Class Stats 91 of 94: up{[Word.TemplateEntry 'Строка шаблона']} finished, 4ms
24 мар. 2026 23:28:01,634  INFO ServiceLogger - Recalculate Class Stats 92 of 94: up{[Excel.Template 'Шаблон']} started
24 мар. 2026 23:28:01,638  INFO ServiceLogger - Recalculate Class Stats 92 of 94: up{[Excel.Template 'Шаблон']} finished, 4ms
24 мар. 2026 23:28:01,638  INFO ServiceLogger - Recalculate Class Stats 93 of 94: up{[BoardGame.Genre 'Genre']} started
24 мар. 2026 23:28:01,644  INFO ServiceLogger - Recalculate Class Stats 93 of 94: up{[BoardGame.Genre 'Genre']} finished, 6ms
24 мар. 2026 23:28:01,644  INFO ServiceLogger - Recalculate Class Stats 94 of 94: up{[Service.Setting 'Параметры']} started
24 мар. 2026 23:28:01,648  INFO ServiceLogger - Recalculate Class Stats 94 of 94: up{[Service.Setting 'Параметры']} finished, 4ms
24 мар. 2026 23:28:01,766  INFO ServiceLogger - Recalculating materialization 1 of 39: System.caption[System.StaticObject] started
24 мар. 2026 23:28:01,904  INFO ServiceLogger - Recalculating materialization 1 of 39: System.caption[System.StaticObject] finished, 138ms
24 мар. 2026 23:28:01,904  INFO ServiceLogger - Recalculating materialization 2 of 39: System.name[System.StaticObject] started
24 мар. 2026 23:28:01,932  INFO ServiceLogger - Recalculating materialization 2 of 39: System.name[System.StaticObject] finished, 28ms
24 мар. 2026 23:28:01,932  INFO ServiceLogger - Recalculating materialization 3 of 39: System.defaultOverrideBackgroundColor[] started
24 мар. 2026 23:28:01,977  INFO ServiceLogger - Recalculating materialization 3 of 39: System.defaultOverrideBackgroundColor[] finished, 45ms
24 мар. 2026 23:28:01,977  INFO ServiceLogger - Recalculating materialization 4 of 39: System.defaultOverrideForegroundColor[] started
24 мар. 2026 23:28:02,002  INFO ServiceLogger - Recalculating materialization 4 of 39: System.defaultOverrideForegroundColor[] finished, 25ms
24 мар. 2026 23:28:02,002  INFO ServiceLogger - Recalculating materialization 5 of 39: Time.number[Time.Month] started
24 мар. 2026 23:28:02,080  INFO ServiceLogger - Recalculating materialization 5 of 39: Time.number[Time.Month] finished, 78ms
24 мар. 2026 23:28:02,080  INFO ServiceLogger - Recalculating materialization 6 of 39: Time.name[Time.Month] started
24 мар. 2026 23:28:02,096  INFO ServiceLogger - Recalculating materialization 6 of 39: Time.name[Time.Month] finished, 16ms
24 мар. 2026 23:28:02,096  INFO ServiceLogger - Recalculating materialization 7 of 39: Time.number[Time.DOW] started
24 мар. 2026 23:28:02,129  INFO ServiceLogger - Recalculating materialization 7 of 39: Time.number[Time.DOW] finished, 33ms
24 мар. 2026 23:28:02,129  INFO ServiceLogger - Recalculating materialization 8 of 39: Time.numberM[Time.DOW] started
24 мар. 2026 23:28:02,160  INFO ServiceLogger - Recalculating materialization 8 of 39: Time.numberM[Time.DOW] finished, 31ms
24 мар. 2026 23:28:02,160  INFO ServiceLogger - Recalculating materialization 9 of 39: Time.name[Time.DOW] started
24 мар. 2026 23:28:02,177  INFO ServiceLogger - Recalculating materialization 9 of 39: Time.name[Time.DOW] finished, 17ms
24 мар. 2026 23:28:02,178  INFO ServiceLogger - Recalculating materialization 10 of 39: Schedule.ndoyFrom[Schedule.ScheduleDetail] started
24 мар. 2026 23:28:02,192  INFO ServiceLogger - Recalculating materialization 10 of 39: Schedule.ndoyFrom[Schedule.ScheduleDetail] finished, 14ms
24 мар. 2026 23:28:02,192  INFO ServiceLogger - Recalculating materialization 11 of 39: Schedule.ndoyTo[Schedule.ScheduleDetail] started
24 мар. 2026 23:28:02,207  INFO ServiceLogger - Recalculating materialization 11 of 39: Schedule.ndoyTo[Schedule.ScheduleDetail] finished, 15ms
24 мар. 2026 23:28:02,207  INFO ServiceLogger - Recalculating materialization 12 of 39: Schedule.ndowTo[Schedule.ScheduleDetail] started
24 мар. 2026 23:28:02,230  INFO ServiceLogger - Recalculating materialization 12 of 39: Schedule.ndowTo[Schedule.ScheduleDetail] finished, 23ms
24 мар. 2026 23:28:02,231  INFO ServiceLogger - Recalculating materialization 13 of 39: Schedule.ndowFrom[Schedule.ScheduleDetail] started
24 мар. 2026 23:28:02,252  INFO ServiceLogger - Recalculating materialization 13 of 39: Schedule.ndowFrom[Schedule.ScheduleDetail] finished, 21ms
24 мар. 2026 23:28:02,252  INFO ServiceLogger - Recalculating materialization 14 of 39: Reflection.level[Reflection.PropertyGroup,Reflection.PropertyGroup] started
24 мар. 2026 23:28:02,340  INFO ServiceLogger - Recalculating materialization 14 of 39: Reflection.level[Reflection.PropertyGroup,Reflection.PropertyGroup] finished, 88ms
24 мар. 2026 23:28:02,340  INFO ServiceLogger - Recalculating materialization 15 of 39: Reflection.level[Reflection.NavigatorElement,Reflection.NavigatorElement] started
24 мар. 2026 23:28:02,427  INFO ServiceLogger - Recalculating materialization 15 of 39: Reflection.level[Reflection.NavigatorElement,Reflection.NavigatorElement] finished, 87ms
24 мар. 2026 23:28:02,427  INFO ServiceLogger - Recalculating materialization 16 of 39: Reflection.form[STRING] started
24 мар. 2026 23:28:02,437  INFO ServiceLogger - Recalculating materialization 16 of 39: Reflection.form[STRING] finished, 10ms
24 мар. 2026 23:28:02,438  INFO ServiceLogger - Recalculating materialization 17 of 39: Reflection.canonicalNameWithPostfix[Reflection.ActionOrProperty] started
24 мар. 2026 23:28:02,522  INFO ServiceLogger - Recalculating materialization 17 of 39: Reflection.canonicalNameWithPostfix[Reflection.ActionOrProperty] finished, 84ms
24 мар. 2026 23:28:02,522  INFO ServiceLogger - Recalculating materialization 18 of 39: SystemEvents.countConnection[Authentication.CustomUser] started
24 мар. 2026 23:28:02,536  INFO ServiceLogger - Recalculating materialization 18 of 39: SystemEvents.countConnection[Authentication.CustomUser] finished, 14ms
24 мар. 2026 23:28:02,536  INFO ServiceLogger - Recalculating materialization 19 of 39: Geo.name[Geo.POI] started
24 мар. 2026 23:28:02,548  INFO ServiceLogger - Recalculating materialization 19 of 39: Geo.name[Geo.POI] finished, 12ms
24 мар. 2026 23:28:02,548  INFO ServiceLogger - Recalculating materialization 20 of 39: Geo.nameCountry[Geo.POI] started
24 мар. 2026 23:28:02,555  INFO ServiceLogger - Recalculating materialization 20 of 39: Geo.nameCountry[Geo.POI] finished, 7ms
24 мар. 2026 23:28:02,555  INFO ServiceLogger - Recalculating materialization 21 of 39: Geo.mainAddress[Geo.POI] started
24 мар. 2026 23:28:02,563  INFO ServiceLogger - Recalculating materialization 21 of 39: Geo.mainAddress[Geo.POI] finished, 8ms
24 мар. 2026 23:28:02,563  INFO ServiceLogger - Recalculating materialization 22 of 39: Icon.type[Icon.Icon] started
24 мар. 2026 23:28:02,580  INFO ServiceLogger - Recalculating materialization 22 of 39: Icon.type[Icon.Icon] finished, 17ms
24 мар. 2026 23:28:02,580  INFO ServiceLogger - Recalculating materialization 23 of 39: Geo.additionalAddress[Geo.POI] started
24 мар. 2026 23:28:02,587  INFO ServiceLogger - Recalculating materialization 23 of 39: Geo.additionalAddress[Geo.POI] finished, 7ms
24 мар. 2026 23:28:02,587  INFO ServiceLogger - Recalculating materialization 24 of 39: Icon.icon[STRING,STRING] started
24 мар. 2026 23:28:02,623  INFO ServiceLogger - Recalculating materialization 24 of 39: Icon.icon[STRING,STRING] finished, 36ms
24 мар. 2026 23:28:02,623  INFO ServiceLogger - Recalculating materialization 25 of 39: Icon.searchExplicit[Icon.Icon] started
24 мар. 2026 23:28:02,639  INFO ServiceLogger - Recalculating materialization 25 of 39: Icon.searchExplicit[Icon.Icon] finished, 16ms
24 мар. 2026 23:28:02,639  INFO ServiceLogger - Recalculating materialization 26 of 39: Icon.searchLabel[Icon.Icon] started
24 мар. 2026 23:28:02,679  INFO ServiceLogger - Recalculating materialization 26 of 39: Icon.searchLabel[Icon.Icon] finished, 40ms
24 мар. 2026 23:28:02,680  INFO ServiceLogger - Recalculating materialization 27 of 39: Icon.searchTerms[Icon.Icon] started
24 мар. 2026 23:28:02,735  INFO ServiceLogger - Recalculating materialization 27 of 39: Icon.searchTerms[Icon.Icon] finished, 55ms
24 мар. 2026 23:28:02,735  INFO ServiceLogger - Recalculating materialization 28 of 39: Icon.searchSynonyms[Icon.Icon] started
24 мар. 2026 23:28:03,216  INFO ServiceLogger - Recalculating materialization 28 of 39: Icon.searchSynonyms[Icon.Icon] finished, 481ms
24 мар. 2026 23:28:03,216  INFO ServiceLogger - Recalculating materialization 29 of 39: Icon.searchStyles[Icon.Icon] started
24 мар. 2026 23:28:03,230  INFO ServiceLogger - Recalculating materialization 29 of 39: Icon.searchStyles[Icon.Icon] finished, 14ms
24 мар. 2026 23:28:03,230  INFO ServiceLogger - Recalculating materialization 30 of 39: Icon.search[Icon.Icon] started
24 мар. 2026 23:28:03,927  INFO ServiceLogger - Recalculating materialization 30 of 39: Icon.search[Icon.Icon] finished, 697ms
24 мар. 2026 23:28:03,928  INFO ServiceLogger - Recalculating materialization 31 of 39: Security.has[Authentication.User,Security.UserRole] started
24 мар. 2026 23:28:03,947  INFO ServiceLogger - Recalculating materialization 31 of 39: Security.has[Authentication.User,Security.UserRole] finished, 19ms
24 мар. 2026 23:28:03,948  INFO ServiceLogger - Recalculating materialization 32 of 39: Security.rolesCount[Authentication.User] started
24 мар. 2026 23:28:03,959  INFO ServiceLogger - Recalculating materialization 32 of 39: Security.rolesCount[Authentication.User] finished, 11ms
24 мар. 2026 23:28:03,960  INFO ServiceLogger - Recalculating materialization 33 of 39: Security.nearestParentPermissionView[Security.UserRole,Reflection.PropertyGroup] started
24 мар. 2026 23:28:03,982  INFO ServiceLogger - Recalculating materialization 33 of 39: Security.nearestParentPermissionView[Security.UserRole,Reflection.PropertyGroup] finished, 22ms
24 мар. 2026 23:28:03,982  INFO ServiceLogger - Recalculating materialization 34 of 39: Security.nearestParentPermissionChange[Security.UserRole,Reflection.PropertyGroup] started
24 мар. 2026 23:28:04,006  INFO ServiceLogger - Recalculating materialization 34 of 39: Security.nearestParentPermissionChange[Security.UserRole,Reflection.PropertyGroup] finished, 24ms
24 мар. 2026 23:28:04,007  INFO ServiceLogger - Recalculating materialization 35 of 39: Security.nearestParentPermissionEditObjects[Security.UserRole,Reflection.PropertyGroup] started
24 мар. 2026 23:28:04,038  INFO ServiceLogger - Recalculating materialization 35 of 39: Security.nearestParentPermissionEditObjects[Security.UserRole,Reflection.PropertyGroup] finished, 31ms
24 мар. 2026 23:28:04,038  INFO ServiceLogger - Recalculating materialization 36 of 39: Security.nearestParentPermissionGroupChange[Security.UserRole,Reflection.PropertyGroup] started
24 мар. 2026 23:28:04,058  INFO ServiceLogger - Recalculating materialization 36 of 39: Security.nearestParentPermissionGroupChange[Security.UserRole,Reflection.PropertyGroup] finished, 20ms
24 мар. 2026 23:28:04,058  INFO ServiceLogger - Recalculating materialization 37 of 39: Security.nearestParentPermission[Security.UserRole,Reflection.NavigatorElement] started
24 мар. 2026 23:28:04,081  INFO ServiceLogger - Recalculating materialization 37 of 39: Security.nearestParentPermission[Security.UserRole,Reflection.NavigatorElement] finished, 23ms
24 мар. 2026 23:28:04,082  INFO ServiceLogger - Recalculating materialization 38 of 39: Chat.isDialog[Chat.Chat] started
24 мар. 2026 23:28:04,101  INFO ServiceLogger - Recalculating materialization 38 of 39: Chat.isDialog[Chat.Chat] finished, 19ms
24 мар. 2026 23:28:04,101  INFO ServiceLogger - Recalculating materialization 39 of 39: Profiler.id[Authentication.User] started
24 мар. 2026 23:28:04,116  INFO ServiceLogger - Recalculating materialization 39 of 39: Profiler.id[Authentication.User] finished, 15ms
