24 мар. 2026 23:18:22,880 system - system - system ERROR SQLLogger - EnsureDB error: 
org.postgresql.util.PSQLException: The server requested SCRAM-based authentication, but the password is an empty string.
	at org.postgresql.core.v3.ConnectionFactoryImpl.lambda$doAuthentication$4(ConnectionFactoryImpl.java:849)
	at org.postgresql.core.v3.AuthenticationPluginManager.withPassword(AuthenticationPluginManager.java:82)
	at org.postgresql.core.v3.ConnectionFactoryImpl.doAuthentication(ConnectionFactoryImpl.java:840)
	at org.postgresql.core.v3.ConnectionFactoryImpl.tryConnect(ConnectionFactoryImpl.java:207)
	at org.postgresql.core.v3.ConnectionFactoryImpl.openConnectionImpl(ConnectionFactoryImpl.java:262)
	at org.postgresql.core.ConnectionFactory.openConnection(ConnectionFactory.java:54)
	at org.postgresql.jdbc.PgConnection.<init>(PgConnection.java:273)
	at org.postgresql.Driver.makeConnection(Driver.java:446)
	at org.postgresql.Driver.connect(Driver.java:298)
	at java.sql/java.sql.DriverManager.getConnection(DriverManager.java:681)
	at java.sql/java.sql.DriverManager.getConnection(DriverManager.java:252)
	at lsfusion.server.data.sql.adapter.PostgreDataAdapter.getConnection(PostgreDataAdapter.java:73)
	at lsfusion.server.data.sql.adapter.PostgreDataAdapter.ensureDB(PostgreDataAdapter.java:90)
	at lsfusion.server.data.sql.adapter.DataAdapter.ensureDBConnection(DataAdapter.java:70)
	at lsfusion.server.physics.exec.db.controller.manager.DBManager.lambda$2(DBManager.java:258)
	at lsfusion.server.physics.exec.db.table.ImplementTable.reflectionStatProps(ImplementTable.java:515)
	at lsfusion.server.physics.exec.db.controller.manager.DBManager.initReflectionEvents(DBManager.java:252)
	at lsfusion.server.physics.admin.reflection.controller.init.InitReflectionEventsTask.run(InitReflectionEventsTask.java:13)
	at lsfusion.server.base.task.Task.lambda$1(Task.java:151)
	at lsfusion.server.base.controller.thread.ExecutorFactory.lambda$0(ExecutorFactory.java:183)
	at lsfusion.base.BaseUtils.executeWithTimeout(BaseUtils.java:2323)
	at lsfusion.server.base.controller.thread.ExecutorFactory.executeWithTimeout(ExecutorFactory.java:180)
	at lsfusion.server.base.task.Task.proceed(Task.java:150)
	at lsfusion.server.base.task.Task$1.aspectRun(Task.java:107)
	at lsfusion.server.base.controller.thread.ExecutorFactory$AspectRunnable.run(ExecutorFactory.java:510)
	at java.base/java.util.concurrent.ThreadPoolExecutor.runWorker(ThreadPoolExecutor.java:1136)
	at java.base/java.util.concurrent.ThreadPoolExecutor$Worker.run(ThreadPoolExecutor.java:635)
	at java.base/java.lang.Thread.run(Thread.java:842)
	at lsfusion.server.base.controller.thread.ExecutorFactory$ClosableDaemonThreadFactory$ClosableThread.run(ExecutorFactory.java:592)
24 мар. 2026 23:20:04,012 system - system - system ERROR SQLLogger - EnsureDB error: 
org.postgresql.util.PSQLException: The server requested SCRAM-based authentication, but the password is an empty string.
	at org.postgresql.core.v3.ConnectionFactoryImpl.lambda$doAuthentication$4(ConnectionFactoryImpl.java:849)
	at org.postgresql.core.v3.AuthenticationPluginManager.withPassword(AuthenticationPluginManager.java:82)
	at org.postgresql.core.v3.ConnectionFactoryImpl.doAuthentication(ConnectionFactoryImpl.java:840)
	at org.postgresql.core.v3.ConnectionFactoryImpl.tryConnect(ConnectionFactoryImpl.java:207)
	at org.postgresql.core.v3.ConnectionFactoryImpl.openConnectionImpl(ConnectionFactoryImpl.java:262)
	at org.postgresql.core.ConnectionFactory.openConnection(ConnectionFactory.java:54)
	at org.postgresql.jdbc.PgConnection.<init>(PgConnection.java:273)
	at org.postgresql.Driver.makeConnection(Driver.java:446)
	at org.postgresql.Driver.connect(Driver.java:298)
	at java.sql/java.sql.DriverManager.getConnection(DriverManager.java:681)
	at java.sql/java.sql.DriverManager.getConnection(DriverManager.java:252)
	at lsfusion.server.data.sql.adapter.PostgreDataAdapter.getConnection(PostgreDataAdapter.java:73)
	at lsfusion.server.data.sql.adapter.PostgreDataAdapter.ensureDB(PostgreDataAdapter.java:90)
	at lsfusion.server.data.sql.adapter.DataAdapter.ensureDBConnection(DataAdapter.java:70)
	at lsfusion.server.physics.exec.db.controller.manager.DBManager.lambda$2(DBManager.java:258)
	at lsfusion.server.physics.exec.db.table.ImplementTable.reflectionStatProps(ImplementTable.java:515)
	at lsfusion.server.physics.exec.db.controller.manager.DBManager.initReflectionEvents(DBManager.java:252)
	at lsfusion.server.physics.admin.reflection.controller.init.InitReflectionEventsTask.run(InitReflectionEventsTask.java:13)
	at lsfusion.server.base.task.Task.lambda$1(Task.java:151)
	at lsfusion.server.base.controller.thread.ExecutorFactory.lambda$0(ExecutorFactory.java:183)
	at lsfusion.base.BaseUtils.executeWithTimeout(BaseUtils.java:2323)
	at lsfusion.server.base.controller.thread.ExecutorFactory.executeWithTimeout(ExecutorFactory.java:180)
	at lsfusion.server.base.task.Task.proceed(Task.java:150)
	at lsfusion.server.base.task.Task$1.aspectRun(Task.java:107)
	at lsfusion.server.base.controller.thread.ExecutorFactory$AspectRunnable.run(ExecutorFactory.java:510)
	at java.base/java.util.concurrent.ThreadPoolExecutor.runWorker(ThreadPoolExecutor.java:1136)
	at java.base/java.util.concurrent.ThreadPoolExecutor$Worker.run(ThreadPoolExecutor.java:635)
	at java.base/java.lang.Thread.run(Thread.java:842)
	at lsfusion.server.base.controller.thread.ExecutorFactory$ClosableDaemonThreadFactory$ClosableThread.run(ExecutorFactory.java:592)
24 мар. 2026 23:22:15,131 system - system - system ERROR SQLLogger - EnsureDB error: 
org.postgresql.util.PSQLException: The server requested SCRAM-based authentication, but the password is an empty string.
	at org.postgresql.core.v3.ConnectionFactoryImpl.lambda$doAuthentication$4(ConnectionFactoryImpl.java:849)
	at org.postgresql.core.v3.AuthenticationPluginManager.withPassword(AuthenticationPluginManager.java:82)
	at org.postgresql.core.v3.ConnectionFactoryImpl.doAuthentication(ConnectionFactoryImpl.java:840)
	at org.postgresql.core.v3.ConnectionFactoryImpl.tryConnect(ConnectionFactoryImpl.java:207)
	at org.postgresql.core.v3.ConnectionFactoryImpl.openConnectionImpl(ConnectionFactoryImpl.java:262)
	at org.postgresql.core.ConnectionFactory.openConnection(ConnectionFactory.java:54)
	at org.postgresql.jdbc.PgConnection.<init>(PgConnection.java:273)
	at org.postgresql.Driver.makeConnection(Driver.java:446)
	at org.postgresql.Driver.connect(Driver.java:298)
	at java.sql/java.sql.DriverManager.getConnection(DriverManager.java:681)
	at java.sql/java.sql.DriverManager.getConnection(DriverManager.java:252)
	at lsfusion.server.data.sql.adapter.PostgreDataAdapter.getConnection(PostgreDataAdapter.java:73)
	at lsfusion.server.data.sql.adapter.PostgreDataAdapter.ensureDB(PostgreDataAdapter.java:90)
	at lsfusion.server.data.sql.adapter.DataAdapter.ensureDBConnection(DataAdapter.java:70)
	at lsfusion.server.physics.exec.db.controller.manager.DBManager.lambda$2(DBManager.java:258)
	at lsfusion.server.physics.exec.db.table.ImplementTable.reflectionStatProps(ImplementTable.java:515)
	at lsfusion.server.physics.exec.db.controller.manager.DBManager.initReflectionEvents(DBManager.java:252)
	at lsfusion.server.physics.admin.reflection.controller.init.InitReflectionEventsTask.run(InitReflectionEventsTask.java:13)
	at lsfusion.server.base.task.Task.lambda$1(Task.java:151)
	at lsfusion.server.base.controller.thread.ExecutorFactory.lambda$0(ExecutorFactory.java:183)
	at lsfusion.base.BaseUtils.executeWithTimeout(BaseUtils.java:2323)
	at lsfusion.server.base.controller.thread.ExecutorFactory.executeWithTimeout(ExecutorFactory.java:180)
	at lsfusion.server.base.task.Task.proceed(Task.java:150)
	at lsfusion.server.base.task.Task$1.aspectRun(Task.java:107)
	at lsfusion.server.base.controller.thread.ExecutorFactory$AspectRunnable.run(ExecutorFactory.java:510)
	at java.base/java.util.concurrent.ThreadPoolExecutor.runWorker(ThreadPoolExecutor.java:1136)
	at java.base/java.util.concurrent.ThreadPoolExecutor$Worker.run(ThreadPoolExecutor.java:635)
	at java.base/java.lang.Thread.run(Thread.java:842)
	at lsfusion.server.base.controller.thread.ExecutorFactory$ClosableDaemonThreadFactory$ClosableThread.run(ExecutorFactory.java:592)
24 мар. 2026 23:22:50,680 system - system - system ERROR SQLLogger - EnsureDB error: 
org.postgresql.util.PSQLException: The server requested SCRAM-based authentication, but the password is an empty string.
	at org.postgresql.core.v3.ConnectionFactoryImpl.lambda$doAuthentication$4(ConnectionFactoryImpl.java:849)
	at org.postgresql.core.v3.AuthenticationPluginManager.withPassword(AuthenticationPluginManager.java:82)
	at org.postgresql.core.v3.ConnectionFactoryImpl.doAuthentication(ConnectionFactoryImpl.java:840)
	at org.postgresql.core.v3.ConnectionFactoryImpl.tryConnect(ConnectionFactoryImpl.java:207)
	at org.postgresql.core.v3.ConnectionFactoryImpl.openConnectionImpl(ConnectionFactoryImpl.java:262)
	at org.postgresql.core.ConnectionFactory.openConnection(ConnectionFactory.java:54)
	at org.postgresql.jdbc.PgConnection.<init>(PgConnection.java:273)
	at org.postgresql.Driver.makeConnection(Driver.java:446)
	at org.postgresql.Driver.connect(Driver.java:298)
	at java.sql/java.sql.DriverManager.getConnection(DriverManager.java:681)
	at java.sql/java.sql.DriverManager.getConnection(DriverManager.java:252)
	at lsfusion.server.data.sql.adapter.PostgreDataAdapter.getConnection(PostgreDataAdapter.java:73)
	at lsfusion.server.data.sql.adapter.PostgreDataAdapter.ensureDB(PostgreDataAdapter.java:90)
	at lsfusion.server.data.sql.adapter.DataAdapter.ensureDBConnection(DataAdapter.java:70)
	at lsfusion.server.physics.exec.db.controller.manager.DBManager.lambda$2(DBManager.java:258)
	at lsfusion.server.physics.exec.db.table.ImplementTable.reflectionStatProps(ImplementTable.java:515)
	at lsfusion.server.physics.exec.db.controller.manager.DBManager.initReflectionEvents(DBManager.java:252)
	at lsfusion.server.physics.admin.reflection.controller.init.InitReflectionEventsTask.run(InitReflectionEventsTask.java:13)
	at lsfusion.server.base.task.Task.lambda$1(Task.java:151)
	at lsfusion.server.base.controller.thread.ExecutorFactory.lambda$0(ExecutorFactory.java:183)
	at lsfusion.base.BaseUtils.executeWithTimeout(BaseUtils.java:2323)
	at lsfusion.server.base.controller.thread.ExecutorFactory.executeWithTimeout(ExecutorFactory.java:180)
	at lsfusion.server.base.task.Task.proceed(Task.java:150)
	at lsfusion.server.base.task.Task$1.aspectRun(Task.java:107)
	at lsfusion.server.base.controller.thread.ExecutorFactory$AspectRunnable.run(ExecutorFactory.java:510)
	at java.base/java.util.concurrent.ThreadPoolExecutor.runWorker(ThreadPoolExecutor.java:1136)
	at java.base/java.util.concurrent.ThreadPoolExecutor$Worker.run(ThreadPoolExecutor.java:635)
	at java.base/java.lang.Thread.run(Thread.java:842)
	at lsfusion.server.base.controller.thread.ExecutorFactory$ClosableDaemonThreadFactory$ClosableThread.run(ExecutorFactory.java:592)
24 мар. 2026 23:24:16,126 system - system - system ERROR SQLLogger - EnsureDB error: 
org.postgresql.util.PSQLException: The server requested SCRAM-based authentication, but the password is an empty string.
	at org.postgresql.core.v3.ConnectionFactoryImpl.lambda$doAuthentication$4(ConnectionFactoryImpl.java:849)
	at org.postgresql.core.v3.AuthenticationPluginManager.withPassword(AuthenticationPluginManager.java:82)
	at org.postgresql.core.v3.ConnectionFactoryImpl.doAuthentication(ConnectionFactoryImpl.java:840)
	at org.postgresql.core.v3.ConnectionFactoryImpl.tryConnect(ConnectionFactoryImpl.java:207)
	at org.postgresql.core.v3.ConnectionFactoryImpl.openConnectionImpl(ConnectionFactoryImpl.java:262)
	at org.postgresql.core.ConnectionFactory.openConnection(ConnectionFactory.java:54)
	at org.postgresql.jdbc.PgConnection.<init>(PgConnection.java:273)
	at org.postgresql.Driver.makeConnection(Driver.java:446)
	at org.postgresql.Driver.connect(Driver.java:298)
	at java.sql/java.sql.DriverManager.getConnection(DriverManager.java:681)
	at java.sql/java.sql.DriverManager.getConnection(DriverManager.java:252)
	at lsfusion.server.data.sql.adapter.PostgreDataAdapter.getConnection(PostgreDataAdapter.java:73)
	at lsfusion.server.data.sql.adapter.PostgreDataAdapter.ensureDB(PostgreDataAdapter.java:90)
	at lsfusion.server.data.sql.adapter.DataAdapter.ensureDBConnection(DataAdapter.java:70)
	at lsfusion.server.physics.exec.db.controller.manager.DBManager.lambda$2(DBManager.java:258)
	at lsfusion.server.physics.exec.db.table.ImplementTable.reflectionStatProps(ImplementTable.java:515)
	at lsfusion.server.physics.exec.db.controller.manager.DBManager.initReflectionEvents(DBManager.java:252)
	at lsfusion.server.physics.admin.reflection.controller.init.InitReflectionEventsTask.run(InitReflectionEventsTask.java:13)
	at lsfusion.server.base.task.Task.lambda$1(Task.java:151)
	at lsfusion.server.base.controller.thread.ExecutorFactory.lambda$0(ExecutorFactory.java:183)
	at lsfusion.base.BaseUtils.executeWithTimeout(BaseUtils.java:2323)
	at lsfusion.server.base.controller.thread.ExecutorFactory.executeWithTimeout(ExecutorFactory.java:180)
	at lsfusion.server.base.task.Task.proceed(Task.java:150)
	at lsfusion.server.base.task.Task$1.aspectRun(Task.java:107)
	at lsfusion.server.base.controller.thread.ExecutorFactory$AspectRunnable.run(ExecutorFactory.java:510)
	at java.base/java.util.concurrent.ThreadPoolExecutor.runWorker(ThreadPoolExecutor.java:1136)
	at java.base/java.util.concurrent.ThreadPoolExecutor$Worker.run(ThreadPoolExecutor.java:635)
	at java.base/java.lang.Thread.run(Thread.java:842)
	at lsfusion.server.base.controller.thread.ExecutorFactory$ClosableDaemonThreadFactory$ClosableThread.run(ExecutorFactory.java:592)
24 мар. 2026 23:24:56,377 system - system - system ERROR SQLLogger - EnsureDB error: 
org.postgresql.util.PSQLException: The server requested SCRAM-based authentication, but the password is an empty string.
	at org.postgresql.core.v3.ConnectionFactoryImpl.lambda$doAuthentication$4(ConnectionFactoryImpl.java:849)
	at org.postgresql.core.v3.AuthenticationPluginManager.withPassword(AuthenticationPluginManager.java:82)
	at org.postgresql.core.v3.ConnectionFactoryImpl.doAuthentication(ConnectionFactoryImpl.java:840)
	at org.postgresql.core.v3.ConnectionFactoryImpl.tryConnect(ConnectionFactoryImpl.java:207)
	at org.postgresql.core.v3.ConnectionFactoryImpl.openConnectionImpl(ConnectionFactoryImpl.java:262)
	at org.postgresql.core.ConnectionFactory.openConnection(ConnectionFactory.java:54)
	at org.postgresql.jdbc.PgConnection.<init>(PgConnection.java:273)
	at org.postgresql.Driver.makeConnection(Driver.java:446)
	at org.postgresql.Driver.connect(Driver.java:298)
	at java.sql/java.sql.DriverManager.getConnection(DriverManager.java:681)
	at java.sql/java.sql.DriverManager.getConnection(DriverManager.java:252)
	at lsfusion.server.data.sql.adapter.PostgreDataAdapter.getConnection(PostgreDataAdapter.java:73)
	at lsfusion.server.data.sql.adapter.PostgreDataAdapter.ensureDB(PostgreDataAdapter.java:90)
	at lsfusion.server.data.sql.adapter.DataAdapter.ensureDBConnection(DataAdapter.java:70)
	at lsfusion.server.physics.exec.db.controller.manager.DBManager.lambda$2(DBManager.java:258)
	at lsfusion.server.physics.exec.db.table.ImplementTable.reflectionStatProps(ImplementTable.java:515)
	at lsfusion.server.physics.exec.db.controller.manager.DBManager.initReflectionEvents(DBManager.java:252)
	at lsfusion.server.physics.admin.reflection.controller.init.InitReflectionEventsTask.run(InitReflectionEventsTask.java:13)
	at lsfusion.server.base.task.Task.lambda$1(Task.java:151)
	at lsfusion.server.base.controller.thread.ExecutorFactory.lambda$0(ExecutorFactory.java:183)
	at lsfusion.base.BaseUtils.executeWithTimeout(BaseUtils.java:2323)
	at lsfusion.server.base.controller.thread.ExecutorFactory.executeWithTimeout(ExecutorFactory.java:180)
	at lsfusion.server.base.task.Task.proceed(Task.java:150)
	at lsfusion.server.base.task.Task$1.aspectRun(Task.java:107)
	at lsfusion.server.base.controller.thread.ExecutorFactory$AspectRunnable.run(ExecutorFactory.java:510)
	at java.base/java.util.concurrent.ThreadPoolExecutor.runWorker(ThreadPoolExecutor.java:1136)
	at java.base/java.util.concurrent.ThreadPoolExecutor$Worker.run(ThreadPoolExecutor.java:635)
	at java.base/java.lang.Thread.run(Thread.java:842)
	at lsfusion.server.base.controller.thread.ExecutorFactory$ClosableDaemonThreadFactory$ClosableThread.run(ExecutorFactory.java:592)
24 мар. 2026 23:35:57,486 system - system - system ERROR SQLLogger - EnsureDB error: 
org.postgresql.util.PSQLException: The server requested SCRAM-based authentication, but the password is an empty string.
	at org.postgresql.core.v3.ConnectionFactoryImpl.lambda$doAuthentication$4(ConnectionFactoryImpl.java:849)
	at org.postgresql.core.v3.AuthenticationPluginManager.withPassword(AuthenticationPluginManager.java:82)
	at org.postgresql.core.v3.ConnectionFactoryImpl.doAuthentication(ConnectionFactoryImpl.java:840)
	at org.postgresql.core.v3.ConnectionFactoryImpl.tryConnect(ConnectionFactoryImpl.java:207)
	at org.postgresql.core.v3.ConnectionFactoryImpl.openConnectionImpl(ConnectionFactoryImpl.java:262)
	at org.postgresql.core.ConnectionFactory.openConnection(ConnectionFactory.java:54)
	at org.postgresql.jdbc.PgConnection.<init>(PgConnection.java:273)
	at org.postgresql.Driver.makeConnection(Driver.java:446)
	at org.postgresql.Driver.connect(Driver.java:298)
	at java.sql/java.sql.DriverManager.getConnection(DriverManager.java:681)
	at java.sql/java.sql.DriverManager.getConnection(DriverManager.java:252)
	at lsfusion.server.data.sql.adapter.PostgreDataAdapter.getConnection(PostgreDataAdapter.java:73)
	at lsfusion.server.data.sql.adapter.PostgreDataAdapter.ensureDB(PostgreDataAdapter.java:90)
	at lsfusion.server.data.sql.adapter.DataAdapter.ensureDBConnection(DataAdapter.java:70)
	at lsfusion.server.physics.exec.db.controller.manager.DBManager.lambda$2(DBManager.java:258)
	at lsfusion.server.physics.exec.db.table.ImplementTable.reflectionStatProps(ImplementTable.java:515)
	at lsfusion.server.physics.exec.db.controller.manager.DBManager.initReflectionEvents(DBManager.java:252)
	at lsfusion.server.physics.admin.reflection.controller.init.InitReflectionEventsTask.run(InitReflectionEventsTask.java:13)
	at lsfusion.server.base.task.Task.lambda$1(Task.java:151)
	at lsfusion.server.base.controller.thread.ExecutorFactory.lambda$0(ExecutorFactory.java:183)
	at lsfusion.base.BaseUtils.executeWithTimeout(BaseUtils.java:2323)
	at lsfusion.server.base.controller.thread.ExecutorFactory.executeWithTimeout(ExecutorFactory.java:180)
	at lsfusion.server.base.task.Task.proceed(Task.java:150)
	at lsfusion.server.base.task.Task$1.aspectRun(Task.java:107)
	at lsfusion.server.base.controller.thread.ExecutorFactory$AspectRunnable.run(ExecutorFactory.java:510)
	at java.base/java.util.concurrent.ThreadPoolExecutor.runWorker(ThreadPoolExecutor.java:1136)
	at java.base/java.util.concurrent.ThreadPoolExecutor$Worker.run(ThreadPoolExecutor.java:635)
	at java.base/java.lang.Thread.run(Thread.java:842)
	at lsfusion.server.base.controller.thread.ExecutorFactory$ClosableDaemonThreadFactory$ClosableThread.run(ExecutorFactory.java:592)
