24 мар. 2026 23:26:25,550 system - system - system ERROR SQLHandLogger - SUPPRESSED : ОШИБКА: база данных "boardgame" уже существует
	at org.postgresql.core.v3.QueryExecutorImpl.receiveErrorResponse(QueryExecutorImpl.java:2725)
	at org.postgresql.core.v3.QueryExecutorImpl.processResults(QueryExecutorImpl.java:2412)
	at org.postgresql.core.v3.QueryExecutorImpl.execute(QueryExecutorImpl.java:371)
	at org.postgresql.jdbc.PgStatement.executeInternal(PgStatement.java:502)
	at org.postgresql.jdbc.PgStatement.execute(PgStatement.java:419)
	at org.postgresql.jdbc.PgStatement.executeWithFlags(PgStatement.java:341)
	at org.postgresql.jdbc.PgStatement.executeCachedSql(PgStatement.java:326)
	at org.postgresql.jdbc.PgStatement.executeWithFlags(PgStatement.java:302)
	at org.postgresql.jdbc.PgStatement.execute(PgStatement.java:297)
	at lsfusion.server.data.sql.adapter.PostgreDataAdapter.ensureDB(PostgreDataAdapter.java:112)
	at lsfusion.server.data.sql.adapter.DataAdapter.ensureDBConnection(DataAdapter.java:70)
	at lsfusion.server.physics.exec.db.controller.manager.DBManager.lambda$2(DBManager.java:258)
	at lsfusion.server.physics.exec.db.table.ImplementTable.reflectionStatProps(ImplementTable.java:515)
	at lsfusion.server.physics.exec.db.controller.manager.DBManager.initReflectionEvents(DBManager.java:252)
	at lsfusion.server.physics.admin.reflection.controller.init.InitReflectionEventsTask.run(InitReflectionEventsTask.java:13)
	at lsfusion.server.base.task.Task.lambda$1(Task.java:151)
	at lsfusion.server.base.controller.thread.ExecutorFactory.lambda$0(ExecutorFactory.java:183)
	at lsfusion.base.BaseUtils.executeWithTimeout(BaseUtils.java:2323)
	at lsfusion.server.base.controller.thread.ExecutorFactory.executeWithTimeout(ExecutorFactory.java:180)
	at lsfusion.server.base.task.Task.proceed(Task.java:150)
	at lsfusion.server.base.task.Task$1.aspectRun(Task.java:107)
	at lsfusion.server.base.controller.thread.ExecutorFactory$AspectRunnable.run(ExecutorFactory.java:510)
	at java.base/java.util.concurrent.ThreadPoolExecutor.runWorker(ThreadPoolExecutor.java:1136)
	at java.base/java.util.concurrent.ThreadPoolExecutor$Worker.run(ThreadPoolExecutor.java:635)
	at java.base/java.lang.Thread.run(Thread.java:842)
	at lsfusion.server.base.controller.thread.ExecutorFactory$ClosableDaemonThreadFactory$ClosableThread.run(ExecutorFactory.java:592)


THREAD :Thread[pool-4-taskRunner-pool-2,5,main]
	at lsfusion.base.ExceptionUtils.getStackTrace(ExceptionUtils.java:26)
	at lsfusion.server.base.controller.stack.ExecutionStackAspect.getExStackTrace(ExecutionStackAspect.java:434)
	at lsfusion.server.physics.admin.log.ServerLoggers.sqlSuppLog(ServerLoggers.java:106)
	at lsfusion.server.data.sql.adapter.PostgreDataAdapter.ensureDB(PostgreDataAdapter.java:114)
	at lsfusion.server.data.sql.adapter.DataAdapter.ensureDBConnection(DataAdapter.java:70)
	at lsfusion.server.physics.exec.db.controller.manager.DBManager.lambda$2(DBManager.java:258)
	at lsfusion.server.physics.exec.db.table.ImplementTable.reflectionStatProps(ImplementTable.java:515)
	at lsfusion.server.physics.exec.db.controller.manager.DBManager.initReflectionEvents(DBManager.java:252)
	at lsfusion.server.physics.admin.reflection.controller.init.InitReflectionEventsTask.run(InitReflectionEventsTask.java:13)
	at lsfusion.server.base.task.Task.lambda$1(Task.java:151)
	at lsfusion.server.base.controller.thread.ExecutorFactory.lambda$0(ExecutorFactory.java:183)
	at lsfusion.base.BaseUtils.executeWithTimeout(BaseUtils.java:2323)
	at lsfusion.server.base.controller.thread.ExecutorFactory.executeWithTimeout(ExecutorFactory.java:180)
	at lsfusion.server.base.task.Task.proceed(Task.java:150)
	at lsfusion.server.base.task.Task$1.aspectRun(Task.java:107)
	at lsfusion.server.base.controller.thread.ExecutorFactory$AspectRunnable.run(ExecutorFactory.java:510)
	at java.base/java.util.concurrent.ThreadPoolExecutor.runWorker(ThreadPoolExecutor.java:1136)
	at java.base/java.util.concurrent.ThreadPoolExecutor$Worker.run(ThreadPoolExecutor.java:635)
	at java.base/java.lang.Thread.run(Thread.java:842)
	at lsfusion.server.base.controller.thread.ExecutorFactory$ClosableDaemonThreadFactory$ClosableThread.run(ExecutorFactory.java:592)

24 мар. 2026 23:26:25,760 system - system - system  INFO SQLHandLogger - TABLE DOES NOT EXIST {}
24 мар. 2026 23:26:26,353 system - system - system  INFO SQLHandLogger - TABLE DOES NOT EXIST {}
24 мар. 2026 23:27:15,825 system - system - system  INFO SQLHandLogger -  lsfusion.server.data.sql.exception.SQLTimeoutException: TIMEOUT TIMEOUTINSERT INTO t_4 (k3,k1,k0,k2) SELECT t1.e0 AS jkey0,t0.k0 AS jkey1,(split_part(t0.k0,CAST(',' AS varchar(1)),2)) AS jkey2,t0.p00 AS jkey3 FROM t_3 t0 JOIN (SELECT t0.k0 AS k0,t0.k1 AS k1,LAST(t1.key0 ORDER BY CASE WHEN t1.Icon_searchStyles_Icon LIKE (CAST((CAST((CAST('%' AS varchar(1)) || t0.k0) AS text) || CAST('%' AS varchar(1))) AS text)) THEN (scast_DOUBLE_int(((((scast_DOUBLE_int(((ts_rank(t1.Icon_searchExplicit_Icon, t0.k1))*12))+scast_DOUBLE_int((scast_DOUBLE_int((CAST((ts_rank(t1.Icon_searchLabel_Icon, t0.k1)) AS double precision)/notZero((1+scast_DOUBLE_int((CAST((ln(MAX((length(t1.Icon_searchLabel_Icon)),1))) AS double precision)/notZero((ln(4)))))))))*8)))+scast_DOUBLE_int(((ts_rank(t1.Icon_searchTerms_Icon, t0.k1))*6)))+scast_DOUBLE_int((scast_DOUBLE_int((CAST((ts_rank(t1.Icon_searchSynonyms_Icon, t0.k1)) AS double precision)/notZero((1+scast_DOUBLE_int((CAST((ln(MAX((length(t1.Icon_searchSynonyms_Icon)),1))) AS double precision)/notZero((ln(16)))))))))*4)))*scast_INTEGER_int((CAST(((numnode(t0.k1))+1) AS integer)/notZero(2)))))+0) ELSE (scast_DOUBLE_int(((((scast_DOUBLE_int(((ts_rank(t1.Icon_searchExplicit_Icon, t0.k1))*12))+scast_DOUBLE_int((scast_DOUBLE_int((CAST((ts_rank(t1.Icon_searchLabel_Icon, t0.k1)) AS double precision)/notZero((1+scast_DOUBLE_int((CAST((ln(MAX((length(t1.Icon_searchLabel_Icon)),1))) AS double precision)/notZero((ln(4)))))))))*8)))+scast_DOUBLE_int(((ts_rank(t1.Icon_searchTerms_Icon, t0.k1))*6)))+scast_DOUBLE_int((scast_DOUBLE_int((CAST((ts_rank(t1.Icon_searchSynonyms_Icon, t0.k1)) AS double precision)/notZero((1+scast_DOUBLE_int((CAST((ln(MAX((length(t1.Icon_searchSynonyms_Icon)),1))) AS double precision)/notZero((ln(16)))))))))*4)))*scast_INTEGER_int((CAST(((numnode(t0.k1))+1) AS integer)/notZero(2)))))+((-(0.25)))) END ASC) AS e0 FROM (SELECT (split_part(t0.k0,CAST(',' AS varchar(1)),2)) AS k0,t0.p00 AS k1,ANYVALUE(1) AS e0 FROM t_3 t0 WHERE t0.p00 IS NOT NULL GROUP BY 1,2) t0 JOIN _auto_Icon_Icon t1 ON 1=1 WHERE (t1.Icon_search_Icon @@ t0.k1 AND scast_DOUBLE_int(((((scast_DOUBLE_int(((ts_rank(t1.Icon_searchExplicit_Icon, t0.k1))*12))+scast_DOUBLE_int((scast_DOUBLE_int((CAST((ts_rank(t1.Icon_searchLabel_Icon, t0.k1)) AS double precision)/notZero((1+scast_DOUBLE_int((CAST((ln(MAX((length(t1.Icon_searchLabel_Icon)),1))) AS double precision)/notZero((ln(4)))))))))*8)))+scast_DOUBLE_int(((ts_rank(t1.Icon_searchTerms_Icon, t0.k1))*6)))+scast_DOUBLE_int((scast_DOUBLE_int((CAST((ts_rank(t1.Icon_searchSynonyms_Icon, t0.k1)) AS double precision)/notZero((1+scast_DOUBLE_int((CAST((ln(MAX((length(t1.Icon_searchSynonyms_Icon)),1))) AS double precision)/notZero((ln(16)))))))))*4)))*scast_INTEGER_int((CAST(((numnode(t0.k1))+1) AS integer)/notZero(2))))) IS NOT NULL AND t0.e0 IS NOT NULL) GROUP BY 1,2) t1 ON t1.k0=(split_part(t0.k0,CAST(',' AS varchar(1)),2)) AND t1.k1=t0.p00 WHERE t1.e0 IS NOT NULL
24 мар. 2026 23:27:16,063 system - system - system  INFO SQLHandLogger -  lsfusion.server.data.sql.exception.SQLTimeoutException: TIMEOUT TIMEOUTINSERT INTO t_4 (k3,k1,k0,k2) SELECT t1.e0 AS jkey0,t0.k0 AS jkey1,(split_part(t0.k0,CAST(',' AS varchar(1)),2)) AS jkey2,t0.p00 AS jkey3 FROM t_3 t0 JOIN (SELECT t0.k0 AS k0,t0.k1 AS k1,LAST(t1.key0 ORDER BY CASE WHEN t1.Icon_searchStyles_Icon LIKE (CAST((CAST((CAST('%' AS varchar(1)) || t0.k0) AS text) || CAST('%' AS varchar(1))) AS text)) THEN (scast_DOUBLE_int(((((scast_DOUBLE_int(((ts_rank(t1.Icon_searchExplicit_Icon, t0.k1))*12))+scast_DOUBLE_int((scast_DOUBLE_int((CAST((ts_rank(t1.Icon_searchLabel_Icon, t0.k1)) AS double precision)/notZero((1+scast_DOUBLE_int((CAST((ln(MAX((length(t1.Icon_searchLabel_Icon)),1))) AS double precision)/notZero((ln(4)))))))))*8)))+scast_DOUBLE_int(((ts_rank(t1.Icon_searchTerms_Icon, t0.k1))*6)))+scast_DOUBLE_int((scast_DOUBLE_int((CAST((ts_rank(t1.Icon_searchSynonyms_Icon, t0.k1)) AS double precision)/notZero((1+scast_DOUBLE_int((CAST((ln(MAX((length(t1.Icon_searchSynonyms_Icon)),1))) AS double precision)/notZero((ln(16)))))))))*4)))*scast_INTEGER_int((CAST(((numnode(t0.k1))+1) AS integer)/notZero(2)))))+0) ELSE (scast_DOUBLE_int(((((scast_DOUBLE_int(((ts_rank(t1.Icon_searchExplicit_Icon, t0.k1))*12))+scast_DOUBLE_int((scast_DOUBLE_int((CAST((ts_rank(t1.Icon_searchLabel_Icon, t0.k1)) AS double precision)/notZero((1+scast_DOUBLE_int((CAST((ln(MAX((length(t1.Icon_searchLabel_Icon)),1))) AS double precision)/notZero((ln(4)))))))))*8)))+scast_DOUBLE_int(((ts_rank(t1.Icon_searchTerms_Icon, t0.k1))*6)))+scast_DOUBLE_int((scast_DOUBLE_int((CAST((ts_rank(t1.Icon_searchSynonyms_Icon, t0.k1)) AS double precision)/notZero((1+scast_DOUBLE_int((CAST((ln(MAX((length(t1.Icon_searchSynonyms_Icon)),1))) AS double precision)/notZero((ln(16)))))))))*4)))*scast_INTEGER_int((CAST(((numnode(t0.k1))+1) AS integer)/notZero(2)))))+((-(0.25)))) END ASC) AS e0 FROM (SELECT (split_part(t0.k0,CAST(',' AS varchar(1)),2)) AS k0,t0.p00 AS k1,ANYVALUE(1) AS e0 FROM t_3 t0 WHERE t0.p00 IS NOT NULL GROUP BY 1,2) t0 JOIN _auto_Icon_Icon t1 ON 1=1 WHERE (t1.Icon_search_Icon @@ t0.k1 AND scast_DOUBLE_int(((((scast_DOUBLE_int(((ts_rank(t1.Icon_searchExplicit_Icon, t0.k1))*12))+scast_DOUBLE_int((scast_DOUBLE_int((CAST((ts_rank(t1.Icon_searchLabel_Icon, t0.k1)) AS double precision)/notZero((1+scast_DOUBLE_int((CAST((ln(MAX((length(t1.Icon_searchLabel_Icon)),1))) AS double precision)/notZero((ln(4)))))))))*8)))+scast_DOUBLE_int(((ts_rank(t1.Icon_searchTerms_Icon, t0.k1))*6)))+scast_DOUBLE_int((scast_DOUBLE_int((CAST((ts_rank(t1.Icon_searchSynonyms_Icon, t0.k1)) AS double precision)/notZero((1+scast_DOUBLE_int((CAST((ln(MAX((length(t1.Icon_searchSynonyms_Icon)),1))) AS double precision)/notZero((ln(16)))))))))*4)))*scast_INTEGER_int((CAST(((numnode(t0.k1))+1) AS integer)/notZero(2))))) IS NOT NULL AND t0.e0 IS NOT NULL) GROUP BY 1,2) t1 ON t1.k0=(split_part(t0.k0,CAST(',' AS varchar(1)),2)) AND t1.k1=t0.p00 WHERE t1.e0 IS NOT NULL
24 мар. 2026 23:27:16,383 system - system - system  INFO SQLHandLogger -  lsfusion.server.data.sql.exception.SQLTimeoutException: TIMEOUT TIMEOUTINSERT INTO t_42 (k3,k1,k0,k2) SELECT t1.e0 AS jkey0,t0.k0 AS jkey1,(split_part(t0.k0,CAST(',' AS varchar(1)),2)) AS jkey2,t0.p00 AS jkey3 FROM t_41 t0 JOIN (SELECT t0.k0 AS k0,t0.k1 AS k1,LAST(t1.key0 ORDER BY CASE WHEN t1.Icon_searchStyles_Icon LIKE (CAST((CAST((CAST('%' AS varchar(1)) || t0.k0) AS text) || CAST('%' AS varchar(1))) AS text)) THEN (scast_DOUBLE_int(((((scast_DOUBLE_int(((ts_rank(t1.Icon_searchExplicit_Icon, t0.k1))*12))+scast_DOUBLE_int((scast_DOUBLE_int((CAST((ts_rank(t1.Icon_searchLabel_Icon, t0.k1)) AS double precision)/notZero((1+scast_DOUBLE_int((CAST((ln(MAX((length(t1.Icon_searchLabel_Icon)),1))) AS double precision)/notZero((ln(4)))))))))*8)))+scast_DOUBLE_int(((ts_rank(t1.Icon_searchTerms_Icon, t0.k1))*6)))+scast_DOUBLE_int((scast_DOUBLE_int((CAST((ts_rank(t1.Icon_searchSynonyms_Icon, t0.k1)) AS double precision)/notZero((1+scast_DOUBLE_int((CAST((ln(MAX((length(t1.Icon_searchSynonyms_Icon)),1))) AS double precision)/notZero((ln(16)))))))))*4)))*scast_INTEGER_int((CAST(((numnode(t0.k1))+1) AS integer)/notZero(2)))))+0) ELSE (scast_DOUBLE_int(((((scast_DOUBLE_int(((ts_rank(t1.Icon_searchExplicit_Icon, t0.k1))*12))+scast_DOUBLE_int((scast_DOUBLE_int((CAST((ts_rank(t1.Icon_searchLabel_Icon, t0.k1)) AS double precision)/notZero((1+scast_DOUBLE_int((CAST((ln(MAX((length(t1.Icon_searchLabel_Icon)),1))) AS double precision)/notZero((ln(4)))))))))*8)))+scast_DOUBLE_int(((ts_rank(t1.Icon_searchTerms_Icon, t0.k1))*6)))+scast_DOUBLE_int((scast_DOUBLE_int((CAST((ts_rank(t1.Icon_searchSynonyms_Icon, t0.k1)) AS double precision)/notZero((1+scast_DOUBLE_int((CAST((ln(MAX((length(t1.Icon_searchSynonyms_Icon)),1))) AS double precision)/notZero((ln(16)))))))))*4)))*scast_INTEGER_int((CAST(((numnode(t0.k1))+1) AS integer)/notZero(2)))))+((-(0.25)))) END ASC) AS e0 FROM (SELECT (split_part(t0.k0,CAST(',' AS varchar(1)),2)) AS k0,t0.p00 AS k1,ANYVALUE(1) AS e0 FROM t_41 t0 WHERE t0.p00 IS NOT NULL GROUP BY 1,2) t0 JOIN _auto_Icon_Icon t1 ON 1=1 WHERE (t1.Icon_search_Icon @@ t0.k1 AND scast_DOUBLE_int(((((scast_DOUBLE_int(((ts_rank(t1.Icon_searchExplicit_Icon, t0.k1))*12))+scast_DOUBLE_int((scast_DOUBLE_int((CAST((ts_rank(t1.Icon_searchLabel_Icon, t0.k1)) AS double precision)/notZero((1+scast_DOUBLE_int((CAST((ln(MAX((length(t1.Icon_searchLabel_Icon)),1))) AS double precision)/notZero((ln(4)))))))))*8)))+scast_DOUBLE_int(((ts_rank(t1.Icon_searchTerms_Icon, t0.k1))*6)))+scast_DOUBLE_int((scast_DOUBLE_int((CAST((ts_rank(t1.Icon_searchSynonyms_Icon, t0.k1)) AS double precision)/notZero((1+scast_DOUBLE_int((CAST((ln(MAX((length(t1.Icon_searchSynonyms_Icon)),1))) AS double precision)/notZero((ln(16)))))))))*4)))*scast_INTEGER_int((CAST(((numnode(t0.k1))+1) AS integer)/notZero(2))))) IS NOT NULL AND t0.e0 IS NOT NULL) GROUP BY 1,2) t1 ON t1.k0=(split_part(t0.k0,CAST(',' AS varchar(1)),2)) AND t1.k1=t0.p00 WHERE t1.e0 IS NOT NULL
24 мар. 2026 23:27:16,625 system - system - system  INFO SQLHandLogger -  lsfusion.server.data.sql.exception.SQLTimeoutException: TIMEOUT TIMEOUTINSERT INTO t_4 (k3,k1,k0,k2) SELECT t1.e0 AS jkey0,t0.k0 AS jkey1,(split_part(t0.k0,CAST(',' AS varchar(1)),2)) AS jkey2,t0.p00 AS jkey3 FROM t_3 t0 JOIN (SELECT t0.k0 AS k0,t0.k1 AS k1,LAST(t1.key0 ORDER BY CASE WHEN t1.Icon_searchStyles_Icon LIKE (CAST((CAST((CAST('%' AS varchar(1)) || t0.k0) AS text) || CAST('%' AS varchar(1))) AS text)) THEN (scast_DOUBLE_int(((((scast_DOUBLE_int(((ts_rank(t1.Icon_searchExplicit_Icon, t0.k1))*12))+scast_DOUBLE_int((scast_DOUBLE_int((CAST((ts_rank(t1.Icon_searchLabel_Icon, t0.k1)) AS double precision)/notZero((1+scast_DOUBLE_int((CAST((ln(MAX((length(t1.Icon_searchLabel_Icon)),1))) AS double precision)/notZero((ln(4)))))))))*8)))+scast_DOUBLE_int(((ts_rank(t1.Icon_searchTerms_Icon, t0.k1))*6)))+scast_DOUBLE_int((scast_DOUBLE_int((CAST((ts_rank(t1.Icon_searchSynonyms_Icon, t0.k1)) AS double precision)/notZero((1+scast_DOUBLE_int((CAST((ln(MAX((length(t1.Icon_searchSynonyms_Icon)),1))) AS double precision)/notZero((ln(16)))))))))*4)))*scast_INTEGER_int((CAST(((numnode(t0.k1))+1) AS integer)/notZero(2)))))+0) ELSE (scast_DOUBLE_int(((((scast_DOUBLE_int(((ts_rank(t1.Icon_searchExplicit_Icon, t0.k1))*12))+scast_DOUBLE_int((scast_DOUBLE_int((CAST((ts_rank(t1.Icon_searchLabel_Icon, t0.k1)) AS double precision)/notZero((1+scast_DOUBLE_int((CAST((ln(MAX((length(t1.Icon_searchLabel_Icon)),1))) AS double precision)/notZero((ln(4)))))))))*8)))+scast_DOUBLE_int(((ts_rank(t1.Icon_searchTerms_Icon, t0.k1))*6)))+scast_DOUBLE_int((scast_DOUBLE_int((CAST((ts_rank(t1.Icon_searchSynonyms_Icon, t0.k1)) AS double precision)/notZero((1+scast_DOUBLE_int((CAST((ln(MAX((length(t1.Icon_searchSynonyms_Icon)),1))) AS double precision)/notZero((ln(16)))))))))*4)))*scast_INTEGER_int((CAST(((numnode(t0.k1))+1) AS integer)/notZero(2)))))+((-(0.25)))) END ASC) AS e0 FROM (SELECT (split_part(t0.k0,CAST(',' AS varchar(1)),2)) AS k0,t0.p00 AS k1,ANYVALUE(1) AS e0 FROM t_3 t0 WHERE t0.p00 IS NOT NULL GROUP BY 1,2) t0 JOIN _auto_Icon_Icon t1 ON 1=1 WHERE (t1.Icon_search_Icon @@ t0.k1 AND scast_DOUBLE_int(((((scast_DOUBLE_int(((ts_rank(t1.Icon_searchExplicit_Icon, t0.k1))*12))+scast_DOUBLE_int((scast_DOUBLE_int((CAST((ts_rank(t1.Icon_searchLabel_Icon, t0.k1)) AS double precision)/notZero((1+scast_DOUBLE_int((CAST((ln(MAX((length(t1.Icon_searchLabel_Icon)),1))) AS double precision)/notZero((ln(4)))))))))*8)))+scast_DOUBLE_int(((ts_rank(t1.Icon_searchTerms_Icon, t0.k1))*6)))+scast_DOUBLE_int((scast_DOUBLE_int((CAST((ts_rank(t1.Icon_searchSynonyms_Icon, t0.k1)) AS double precision)/notZero((1+scast_DOUBLE_int((CAST((ln(MAX((length(t1.Icon_searchSynonyms_Icon)),1))) AS double precision)/notZero((ln(16)))))))))*4)))*scast_INTEGER_int((CAST(((numnode(t0.k1))+1) AS integer)/notZero(2))))) IS NOT NULL AND t0.e0 IS NOT NULL) GROUP BY 1,2) t1 ON t1.k0=(split_part(t0.k0,CAST(',' AS varchar(1)),2)) AND t1.k1=t0.p00 WHERE t1.e0 IS NOT NULL
24 мар. 2026 23:27:16,743 system - system - system  INFO SQLHandLogger -  lsfusion.server.data.sql.exception.SQLTimeoutException: TIMEOUT TIMEOUTINSERT INTO t_159 (k3,k1,k0,k2) SELECT t1.e0 AS jkey0,t0.k0 AS jkey1,(split_part(t0.k0,CAST(',' AS varchar(1)),2)) AS jkey2,t0.p00 AS jkey3 FROM t_158 t0 JOIN (SELECT t0.k0 AS k0,t0.k1 AS k1,LAST(t1.key0 ORDER BY CASE WHEN t1.Icon_searchStyles_Icon LIKE (CAST((CAST((CAST('%' AS varchar(1)) || t0.k0) AS text) || CAST('%' AS varchar(1))) AS text)) THEN (scast_DOUBLE_int(((((scast_DOUBLE_int(((ts_rank(t1.Icon_searchExplicit_Icon, t0.k1))*12))+scast_DOUBLE_int((scast_DOUBLE_int((CAST((ts_rank(t1.Icon_searchLabel_Icon, t0.k1)) AS double precision)/notZero((1+scast_DOUBLE_int((CAST((ln(MAX((length(t1.Icon_searchLabel_Icon)),1))) AS double precision)/notZero((ln(4)))))))))*8)))+scast_DOUBLE_int(((ts_rank(t1.Icon_searchTerms_Icon, t0.k1))*6)))+scast_DOUBLE_int((scast_DOUBLE_int((CAST((ts_rank(t1.Icon_searchSynonyms_Icon, t0.k1)) AS double precision)/notZero((1+scast_DOUBLE_int((CAST((ln(MAX((length(t1.Icon_searchSynonyms_Icon)),1))) AS double precision)/notZero((ln(16)))))))))*4)))*scast_INTEGER_int((CAST(((numnode(t0.k1))+1) AS integer)/notZero(2)))))+0) ELSE (scast_DOUBLE_int(((((scast_DOUBLE_int(((ts_rank(t1.Icon_searchExplicit_Icon, t0.k1))*12))+scast_DOUBLE_int((scast_DOUBLE_int((CAST((ts_rank(t1.Icon_searchLabel_Icon, t0.k1)) AS double precision)/notZero((1+scast_DOUBLE_int((CAST((ln(MAX((length(t1.Icon_searchLabel_Icon)),1))) AS double precision)/notZero((ln(4)))))))))*8)))+scast_DOUBLE_int(((ts_rank(t1.Icon_searchTerms_Icon, t0.k1))*6)))+scast_DOUBLE_int((scast_DOUBLE_int((CAST((ts_rank(t1.Icon_searchSynonyms_Icon, t0.k1)) AS double precision)/notZero((1+scast_DOUBLE_int((CAST((ln(MAX((length(t1.Icon_searchSynonyms_Icon)),1))) AS double precision)/notZero((ln(16)))))))))*4)))*scast_INTEGER_int((CAST(((numnode(t0.k1))+1) AS integer)/notZero(2)))))+((-(0.25)))) END ASC) AS e0 FROM (SELECT (split_part(t0.k0,CAST(',' AS varchar(1)),2)) AS k0,t0.p00 AS k1,ANYVALUE(1) AS e0 FROM t_158 t0 WHERE t0.p00 IS NOT NULL GROUP BY 1,2) t0 JOIN _auto_Icon_Icon t1 ON 1=1 WHERE (t1.Icon_search_Icon @@ t0.k1 AND scast_DOUBLE_int(((((scast_DOUBLE_int(((ts_rank(t1.Icon_searchExplicit_Icon, t0.k1))*12))+scast_DOUBLE_int((scast_DOUBLE_int((CAST((ts_rank(t1.Icon_searchLabel_Icon, t0.k1)) AS double precision)/notZero((1+scast_DOUBLE_int((CAST((ln(MAX((length(t1.Icon_searchLabel_Icon)),1))) AS double precision)/notZero((ln(4)))))))))*8)))+scast_DOUBLE_int(((ts_rank(t1.Icon_searchTerms_Icon, t0.k1))*6)))+scast_DOUBLE_int((scast_DOUBLE_int((CAST((ts_rank(t1.Icon_searchSynonyms_Icon, t0.k1)) AS double precision)/notZero((1+scast_DOUBLE_int((CAST((ln(MAX((length(t1.Icon_searchSynonyms_Icon)),1))) AS double precision)/notZero((ln(16)))))))))*4)))*scast_INTEGER_int((CAST(((numnode(t0.k1))+1) AS integer)/notZero(2))))) IS NOT NULL AND t0.e0 IS NOT NULL) GROUP BY 1,2) t1 ON t1.k0=(split_part(t0.k0,CAST(',' AS varchar(1)),2)) AND t1.k1=t0.p00 WHERE t1.e0 IS NOT NULL
24 мар. 2026 23:27:16,895 system - system - system  INFO SQLHandLogger -  lsfusion.server.data.sql.exception.SQLTimeoutException: TIMEOUT TIMEOUTINSERT INTO t_4 (k3,k1,k0,k2) SELECT t1.e0 AS jkey0,t0.k0 AS jkey1,(split_part(t0.k0,CAST(',' AS varchar(1)),2)) AS jkey2,t0.p00 AS jkey3 FROM t_3 t0 JOIN (SELECT t0.k0 AS k0,t0.k1 AS k1,LAST(t1.key0 ORDER BY CASE WHEN t1.Icon_searchStyles_Icon LIKE (CAST((CAST((CAST('%' AS varchar(1)) || t0.k0) AS text) || CAST('%' AS varchar(1))) AS text)) THEN (scast_DOUBLE_int(((((scast_DOUBLE_int(((ts_rank(t1.Icon_searchExplicit_Icon, t0.k1))*12))+scast_DOUBLE_int((scast_DOUBLE_int((CAST((ts_rank(t1.Icon_searchLabel_Icon, t0.k1)) AS double precision)/notZero((1+scast_DOUBLE_int((CAST((ln(MAX((length(t1.Icon_searchLabel_Icon)),1))) AS double precision)/notZero((ln(4)))))))))*8)))+scast_DOUBLE_int(((ts_rank(t1.Icon_searchTerms_Icon, t0.k1))*6)))+scast_DOUBLE_int((scast_DOUBLE_int((CAST((ts_rank(t1.Icon_searchSynonyms_Icon, t0.k1)) AS double precision)/notZero((1+scast_DOUBLE_int((CAST((ln(MAX((length(t1.Icon_searchSynonyms_Icon)),1))) AS double precision)/notZero((ln(16)))))))))*4)))*scast_INTEGER_int((CAST(((numnode(t0.k1))+1) AS integer)/notZero(2)))))+0) ELSE (scast_DOUBLE_int(((((scast_DOUBLE_int(((ts_rank(t1.Icon_searchExplicit_Icon, t0.k1))*12))+scast_DOUBLE_int((scast_DOUBLE_int((CAST((ts_rank(t1.Icon_searchLabel_Icon, t0.k1)) AS double precision)/notZero((1+scast_DOUBLE_int((CAST((ln(MAX((length(t1.Icon_searchLabel_Icon)),1))) AS double precision)/notZero((ln(4)))))))))*8)))+scast_DOUBLE_int(((ts_rank(t1.Icon_searchTerms_Icon, t0.k1))*6)))+scast_DOUBLE_int((scast_DOUBLE_int((CAST((ts_rank(t1.Icon_searchSynonyms_Icon, t0.k1)) AS double precision)/notZero((1+scast_DOUBLE_int((CAST((ln(MAX((length(t1.Icon_searchSynonyms_Icon)),1))) AS double precision)/notZero((ln(16)))))))))*4)))*scast_INTEGER_int((CAST(((numnode(t0.k1))+1) AS integer)/notZero(2)))))+((-(0.25)))) END ASC) AS e0 FROM (SELECT (split_part(t0.k0,CAST(',' AS varchar(1)),2)) AS k0,t0.p00 AS k1,ANYVALUE(1) AS e0 FROM t_3 t0 WHERE t0.p00 IS NOT NULL GROUP BY 1,2) t0 JOIN _auto_Icon_Icon t1 ON 1=1 WHERE (t1.Icon_search_Icon @@ t0.k1 AND scast_DOUBLE_int(((((scast_DOUBLE_int(((ts_rank(t1.Icon_searchExplicit_Icon, t0.k1))*12))+scast_DOUBLE_int((scast_DOUBLE_int((CAST((ts_rank(t1.Icon_searchLabel_Icon, t0.k1)) AS double precision)/notZero((1+scast_DOUBLE_int((CAST((ln(MAX((length(t1.Icon_searchLabel_Icon)),1))) AS double precision)/notZero((ln(4)))))))))*8)))+scast_DOUBLE_int(((ts_rank(t1.Icon_searchTerms_Icon, t0.k1))*6)))+scast_DOUBLE_int((scast_DOUBLE_int((CAST((ts_rank(t1.Icon_searchSynonyms_Icon, t0.k1)) AS double precision)/notZero((1+scast_DOUBLE_int((CAST((ln(MAX((length(t1.Icon_searchSynonyms_Icon)),1))) AS double precision)/notZero((ln(16)))))))))*4)))*scast_INTEGER_int((CAST(((numnode(t0.k1))+1) AS integer)/notZero(2))))) IS NOT NULL AND t0.e0 IS NOT NULL) GROUP BY 1,2) t1 ON t1.k0=(split_part(t0.k0,CAST(',' AS varchar(1)),2)) AND t1.k1=t0.p00 WHERE t1.e0 IS NOT NULL
24 мар. 2026 23:27:17,029 system - system - system  INFO SQLHandLogger -  lsfusion.server.data.sql.exception.SQLTimeoutException: TIMEOUT TIMEOUTINSERT INTO t_4 (k3,k1,k0,k2) SELECT t1.e0 AS jkey0,t0.k0 AS jkey1,(split_part(t0.k0,CAST(',' AS varchar(1)),2)) AS jkey2,t0.p00 AS jkey3 FROM t_3 t0 JOIN (SELECT t0.k0 AS k0,t0.k1 AS k1,LAST(t1.key0 ORDER BY CASE WHEN t1.Icon_searchStyles_Icon LIKE (CAST((CAST((CAST('%' AS varchar(1)) || t0.k0) AS text) || CAST('%' AS varchar(1))) AS text)) THEN (scast_DOUBLE_int(((((scast_DOUBLE_int(((ts_rank(t1.Icon_searchExplicit_Icon, t0.k1))*12))+scast_DOUBLE_int((scast_DOUBLE_int((CAST((ts_rank(t1.Icon_searchLabel_Icon, t0.k1)) AS double precision)/notZero((1+scast_DOUBLE_int((CAST((ln(MAX((length(t1.Icon_searchLabel_Icon)),1))) AS double precision)/notZero((ln(4)))))))))*8)))+scast_DOUBLE_int(((ts_rank(t1.Icon_searchTerms_Icon, t0.k1))*6)))+scast_DOUBLE_int((scast_DOUBLE_int((CAST((ts_rank(t1.Icon_searchSynonyms_Icon, t0.k1)) AS double precision)/notZero((1+scast_DOUBLE_int((CAST((ln(MAX((length(t1.Icon_searchSynonyms_Icon)),1))) AS double precision)/notZero((ln(16)))))))))*4)))*scast_INTEGER_int((CAST(((numnode(t0.k1))+1) AS integer)/notZero(2)))))+0) ELSE (scast_DOUBLE_int(((((scast_DOUBLE_int(((ts_rank(t1.Icon_searchExplicit_Icon, t0.k1))*12))+scast_DOUBLE_int((scast_DOUBLE_int((CAST((ts_rank(t1.Icon_searchLabel_Icon, t0.k1)) AS double precision)/notZero((1+scast_DOUBLE_int((CAST((ln(MAX((length(t1.Icon_searchLabel_Icon)),1))) AS double precision)/notZero((ln(4)))))))))*8)))+scast_DOUBLE_int(((ts_rank(t1.Icon_searchTerms_Icon, t0.k1))*6)))+scast_DOUBLE_int((scast_DOUBLE_int((CAST((ts_rank(t1.Icon_searchSynonyms_Icon, t0.k1)) AS double precision)/notZero((1+scast_DOUBLE_int((CAST((ln(MAX((length(t1.Icon_searchSynonyms_Icon)),1))) AS double precision)/notZero((ln(16)))))))))*4)))*scast_INTEGER_int((CAST(((numnode(t0.k1))+1) AS integer)/notZero(2)))))+((-(0.25)))) END ASC) AS e0 FROM (SELECT (split_part(t0.k0,CAST(',' AS varchar(1)),2)) AS k0,t0.p00 AS k1,ANYVALUE(1) AS e0 FROM t_3 t0 WHERE t0.p00 IS NOT NULL GROUP BY 1,2) t0 JOIN _auto_Icon_Icon t1 ON 1=1 WHERE (t1.Icon_search_Icon @@ t0.k1 AND scast_DOUBLE_int(((((scast_DOUBLE_int(((ts_rank(t1.Icon_searchExplicit_Icon, t0.k1))*12))+scast_DOUBLE_int((scast_DOUBLE_int((CAST((ts_rank(t1.Icon_searchLabel_Icon, t0.k1)) AS double precision)/notZero((1+scast_DOUBLE_int((CAST((ln(MAX((length(t1.Icon_searchLabel_Icon)),1))) AS double precision)/notZero((ln(4)))))))))*8)))+scast_DOUBLE_int(((ts_rank(t1.Icon_searchTerms_Icon, t0.k1))*6)))+scast_DOUBLE_int((scast_DOUBLE_int((CAST((ts_rank(t1.Icon_searchSynonyms_Icon, t0.k1)) AS double precision)/notZero((1+scast_DOUBLE_int((CAST((ln(MAX((length(t1.Icon_searchSynonyms_Icon)),1))) AS double precision)/notZero((ln(16)))))))))*4)))*scast_INTEGER_int((CAST(((numnode(t0.k1))+1) AS integer)/notZero(2))))) IS NOT NULL AND t0.e0 IS NOT NULL) GROUP BY 1,2) t1 ON t1.k0=(split_part(t0.k0,CAST(',' AS varchar(1)),2)) AND t1.k1=t0.p00 WHERE t1.e0 IS NOT NULL
24 мар. 2026 23:34:18,620 system - system - system ERROR SQLHandLogger - SUPPRESSED : ОШИБКА: база данных "boardgame" уже существует
	at org.postgresql.core.v3.QueryExecutorImpl.receiveErrorResponse(QueryExecutorImpl.java:2725)
	at org.postgresql.core.v3.QueryExecutorImpl.processResults(QueryExecutorImpl.java:2412)
	at org.postgresql.core.v3.QueryExecutorImpl.execute(QueryExecutorImpl.java:371)
	at org.postgresql.jdbc.PgStatement.executeInternal(PgStatement.java:502)
	at org.postgresql.jdbc.PgStatement.execute(PgStatement.java:419)
	at org.postgresql.jdbc.PgStatement.executeWithFlags(PgStatement.java:341)
	at org.postgresql.jdbc.PgStatement.executeCachedSql(PgStatement.java:326)
	at org.postgresql.jdbc.PgStatement.executeWithFlags(PgStatement.java:302)
	at org.postgresql.jdbc.PgStatement.execute(PgStatement.java:297)
	at lsfusion.server.data.sql.adapter.PostgreDataAdapter.ensureDB(PostgreDataAdapter.java:112)
	at lsfusion.server.data.sql.adapter.DataAdapter.ensureDBConnection(DataAdapter.java:70)
	at lsfusion.server.physics.exec.db.controller.manager.DBManager.lambda$2(DBManager.java:258)
	at lsfusion.server.physics.exec.db.table.ImplementTable.reflectionStatProps(ImplementTable.java:515)
	at lsfusion.server.physics.exec.db.controller.manager.DBManager.initReflectionEvents(DBManager.java:252)
	at lsfusion.server.physics.admin.reflection.controller.init.InitReflectionEventsTask.run(InitReflectionEventsTask.java:13)
	at lsfusion.server.base.task.Task.lambda$1(Task.java:151)
	at lsfusion.server.base.controller.thread.ExecutorFactory.lambda$0(ExecutorFactory.java:183)
	at lsfusion.base.BaseUtils.executeWithTimeout(BaseUtils.java:2323)
	at lsfusion.server.base.controller.thread.ExecutorFactory.executeWithTimeout(ExecutorFactory.java:180)
	at lsfusion.server.base.task.Task.proceed(Task.java:150)
	at lsfusion.server.base.task.Task$1.aspectRun(Task.java:107)
	at lsfusion.server.base.controller.thread.ExecutorFactory$AspectRunnable.run(ExecutorFactory.java:510)
	at java.base/java.util.concurrent.ThreadPoolExecutor.runWorker(ThreadPoolExecutor.java:1136)
	at java.base/java.util.concurrent.ThreadPoolExecutor$Worker.run(ThreadPoolExecutor.java:635)
	at java.base/java.lang.Thread.run(Thread.java:842)
	at lsfusion.server.base.controller.thread.ExecutorFactory$ClosableDaemonThreadFactory$ClosableThread.run(ExecutorFactory.java:592)


THREAD :Thread[pool-4-taskRunner-pool-3,5,main]
	at lsfusion.base.ExceptionUtils.getStackTrace(ExceptionUtils.java:26)
	at lsfusion.server.base.controller.stack.ExecutionStackAspect.getExStackTrace(ExecutionStackAspect.java:434)
	at lsfusion.server.physics.admin.log.ServerLoggers.sqlSuppLog(ServerLoggers.java:106)
	at lsfusion.server.data.sql.adapter.PostgreDataAdapter.ensureDB(PostgreDataAdapter.java:114)
	at lsfusion.server.data.sql.adapter.DataAdapter.ensureDBConnection(DataAdapter.java:70)
	at lsfusion.server.physics.exec.db.controller.manager.DBManager.lambda$2(DBManager.java:258)
	at lsfusion.server.physics.exec.db.table.ImplementTable.reflectionStatProps(ImplementTable.java:515)
	at lsfusion.server.physics.exec.db.controller.manager.DBManager.initReflectionEvents(DBManager.java:252)
	at lsfusion.server.physics.admin.reflection.controller.init.InitReflectionEventsTask.run(InitReflectionEventsTask.java:13)
	at lsfusion.server.base.task.Task.lambda$1(Task.java:151)
	at lsfusion.server.base.controller.thread.ExecutorFactory.lambda$0(ExecutorFactory.java:183)
	at lsfusion.base.BaseUtils.executeWithTimeout(BaseUtils.java:2323)
	at lsfusion.server.base.controller.thread.ExecutorFactory.executeWithTimeout(ExecutorFactory.java:180)
	at lsfusion.server.base.task.Task.proceed(Task.java:150)
	at lsfusion.server.base.task.Task$1.aspectRun(Task.java:107)
	at lsfusion.server.base.controller.thread.ExecutorFactory$AspectRunnable.run(ExecutorFactory.java:510)
	at java.base/java.util.concurrent.ThreadPoolExecutor.runWorker(ThreadPoolExecutor.java:1136)
	at java.base/java.util.concurrent.ThreadPoolExecutor$Worker.run(ThreadPoolExecutor.java:635)
	at java.base/java.lang.Thread.run(Thread.java:842)
	at lsfusion.server.base.controller.thread.ExecutorFactory$ClosableDaemonThreadFactory$ClosableThread.run(ExecutorFactory.java:592)

24 мар. 2026 23:34:50,418 system - system - system  INFO SQLHandLogger - TABLE DOES NOT EXIST {}
24 мар. 2026 23:34:50,880 system - system - system  INFO SQLHandLogger - TABLE DOES NOT EXIST {}
24 мар. 2026 23:39:34,820 system - system - system ERROR SQLHandLogger - SUPPRESSED : ОШИБКА: база данных "boardgame" уже существует
	at org.postgresql.core.v3.QueryExecutorImpl.receiveErrorResponse(QueryExecutorImpl.java:2725)
	at org.postgresql.core.v3.QueryExecutorImpl.processResults(QueryExecutorImpl.java:2412)
	at org.postgresql.core.v3.QueryExecutorImpl.execute(QueryExecutorImpl.java:371)
	at org.postgresql.jdbc.PgStatement.executeInternal(PgStatement.java:502)
	at org.postgresql.jdbc.PgStatement.execute(PgStatement.java:419)
	at org.postgresql.jdbc.PgStatement.executeWithFlags(PgStatement.java:341)
	at org.postgresql.jdbc.PgStatement.executeCachedSql(PgStatement.java:326)
	at org.postgresql.jdbc.PgStatement.executeWithFlags(PgStatement.java:302)
	at org.postgresql.jdbc.PgStatement.execute(PgStatement.java:297)
	at lsfusion.server.data.sql.adapter.PostgreDataAdapter.ensureDB(PostgreDataAdapter.java:112)
	at lsfusion.server.data.sql.adapter.DataAdapter.ensureDBConnection(DataAdapter.java:70)
	at lsfusion.server.physics.exec.db.controller.manager.DBManager.lambda$2(DBManager.java:258)
	at lsfusion.server.physics.exec.db.table.ImplementTable.reflectionStatProps(ImplementTable.java:515)
	at lsfusion.server.physics.exec.db.controller.manager.DBManager.initReflectionEvents(DBManager.java:252)
	at lsfusion.server.physics.admin.reflection.controller.init.InitReflectionEventsTask.run(InitReflectionEventsTask.java:13)
	at lsfusion.server.base.task.Task.lambda$1(Task.java:151)
	at lsfusion.server.base.controller.thread.ExecutorFactory.lambda$0(ExecutorFactory.java:183)
	at lsfusion.base.BaseUtils.executeWithTimeout(BaseUtils.java:2323)
	at lsfusion.server.base.controller.thread.ExecutorFactory.executeWithTimeout(ExecutorFactory.java:180)
	at lsfusion.server.base.task.Task.proceed(Task.java:150)
	at lsfusion.server.base.task.Task$1.aspectRun(Task.java:107)
	at lsfusion.server.base.controller.thread.ExecutorFactory$AspectRunnable.run(ExecutorFactory.java:510)
	at java.base/java.util.concurrent.ThreadPoolExecutor.runWorker(ThreadPoolExecutor.java:1136)
	at java.base/java.util.concurrent.ThreadPoolExecutor$Worker.run(ThreadPoolExecutor.java:635)
	at java.base/java.lang.Thread.run(Thread.java:842)
	at lsfusion.server.base.controller.thread.ExecutorFactory$ClosableDaemonThreadFactory$ClosableThread.run(ExecutorFactory.java:592)


THREAD :Thread[pool-4-taskRunner-pool-8,5,main]
	at lsfusion.base.ExceptionUtils.getStackTrace(ExceptionUtils.java:26)
	at lsfusion.server.base.controller.stack.ExecutionStackAspect.getExStackTrace(ExecutionStackAspect.java:434)
	at lsfusion.server.physics.admin.log.ServerLoggers.sqlSuppLog(ServerLoggers.java:106)
	at lsfusion.server.data.sql.adapter.PostgreDataAdapter.ensureDB(PostgreDataAdapter.java:114)
	at lsfusion.server.data.sql.adapter.DataAdapter.ensureDBConnection(DataAdapter.java:70)
	at lsfusion.server.physics.exec.db.controller.manager.DBManager.lambda$2(DBManager.java:258)
	at lsfusion.server.physics.exec.db.table.ImplementTable.reflectionStatProps(ImplementTable.java:515)
	at lsfusion.server.physics.exec.db.controller.manager.DBManager.initReflectionEvents(DBManager.java:252)
	at lsfusion.server.physics.admin.reflection.controller.init.InitReflectionEventsTask.run(InitReflectionEventsTask.java:13)
	at lsfusion.server.base.task.Task.lambda$1(Task.java:151)
	at lsfusion.server.base.controller.thread.ExecutorFactory.lambda$0(ExecutorFactory.java:183)
	at lsfusion.base.BaseUtils.executeWithTimeout(BaseUtils.java:2323)
	at lsfusion.server.base.controller.thread.ExecutorFactory.executeWithTimeout(ExecutorFactory.java:180)
	at lsfusion.server.base.task.Task.proceed(Task.java:150)
	at lsfusion.server.base.task.Task$1.aspectRun(Task.java:107)
	at lsfusion.server.base.controller.thread.ExecutorFactory$AspectRunnable.run(ExecutorFactory.java:510)
	at java.base/java.util.concurrent.ThreadPoolExecutor.runWorker(ThreadPoolExecutor.java:1136)
	at java.base/java.util.concurrent.ThreadPoolExecutor$Worker.run(ThreadPoolExecutor.java:635)
	at java.base/java.lang.Thread.run(Thread.java:842)
	at lsfusion.server.base.controller.thread.ExecutorFactory$ClosableDaemonThreadFactory$ClosableThread.run(ExecutorFactory.java:592)

24 мар. 2026 23:39:50,677 system - system - system  INFO SQLHandLogger -  lsfusion.server.data.sql.exception.SQLTimeoutException: TIMEOUT TIMEOUTINSERT INTO t_4 (k1,k2,k0,k3,p00) SELECT t1.e0 AS jkey0,t0.p00 AS jkey1,(split_part(t0.k0,CAST(',' AS varchar(1)),2)) AS jkey2,t0.k0 AS jkey3,CASE WHEN t1.e0 IS NOT NULL THEN 1 ELSE NULL END AS jprop0 FROM t_3 t0 JOIN (SELECT t0.k0 AS k0,t0.k1 AS k1,(SELECT w1w1LEALIAS.jprop1 FROM (SELECT w1t0.key0 AS jkey0,t0.k1 AS jkey1,t0.k0 AS jkey2,w1t0.key0 AS jprop0,w1t0.key0 AS jprop1,CASE WHEN w1t0.Icon_searchStyles_Icon LIKE (CAST((CAST((CAST('%' AS varchar(1)) || t0.k0) AS text) || CAST('%' AS varchar(1))) AS text)) THEN (scast_DOUBLE_int(((((scast_DOUBLE_int(((ts_rank(w1t0.Icon_searchExplicit_Icon, t0.k1))*12))+scast_DOUBLE_int((scast_DOUBLE_int((CAST((ts_rank(w1t0.Icon_searchLabel_Icon, t0.k1)) AS double precision)/notZero((1+scast_DOUBLE_int((CAST((ln(MAX((length(w1t0.Icon_searchLabel_Icon)),1))) AS double precision)/notZero((ln(4)))))))))*8)))+scast_DOUBLE_int(((ts_rank(w1t0.Icon_searchTerms_Icon, t0.k1))*6)))+scast_DOUBLE_int((scast_DOUBLE_int((CAST((ts_rank(w1t0.Icon_searchSynonyms_Icon, t0.k1)) AS double precision)/notZero((1+scast_DOUBLE_int((CAST((ln(MAX((length(w1t0.Icon_searchSynonyms_Icon)),1))) AS double precision)/notZero((ln(16)))))))))*4)))*scast_INTEGER_int((CAST(((numnode(t0.k1))+1) AS integer)/notZero(2)))))+0) ELSE (scast_DOUBLE_int(((((scast_DOUBLE_int(((ts_rank(w1t0.Icon_searchExplicit_Icon, t0.k1))*12))+scast_DOUBLE_int((scast_DOUBLE_int((CAST((ts_rank(w1t0.Icon_searchLabel_Icon, t0.k1)) AS double precision)/notZero((1+scast_DOUBLE_int((CAST((ln(MAX((length(w1t0.Icon_searchLabel_Icon)),1))) AS double precision)/notZero((ln(4)))))))))*8)))+scast_DOUBLE_int(((ts_rank(w1t0.Icon_searchTerms_Icon, t0.k1))*6)))+scast_DOUBLE_int((scast_DOUBLE_int((CAST((ts_rank(w1t0.Icon_searchSynonyms_Icon, t0.k1)) AS double precision)/notZero((1+scast_DOUBLE_int((CAST((ln(MAX((length(w1t0.Icon_searchSynonyms_Icon)),1))) AS double precision)/notZero((ln(16)))))))))*4)))*scast_INTEGER_int((CAST(((numnode(t0.k1))+1) AS integer)/notZero(2)))))+((-(0.25)))) END AS jprop2 FROM _auto_Icon_Icon w1t0 WHERE (w1t0.Icon_search_Icon @@ t0.k1 AND scast_DOUBLE_int(((((scast_DOUBLE_int(((ts_rank(w1t0.Icon_searchExplicit_Icon, t0.k1))*12))+scast_DOUBLE_int((scast_DOUBLE_int((CAST((ts_rank(w1t0.Icon_searchLabel_Icon, t0.k1)) AS double precision)/notZero((1+scast_DOUBLE_int((CAST((ln(MAX((length(w1t0.Icon_searchLabel_Icon)),1))) AS double precision)/notZero((ln(4)))))))))*8)))+scast_DOUBLE_int(((ts_rank(w1t0.Icon_searchTerms_Icon, t0.k1))*6)))+scast_DOUBLE_int((scast_DOUBLE_int((CAST((ts_rank(w1t0.Icon_searchSynonyms_Icon, t0.k1)) AS double precision)/notZero((1+scast_DOUBLE_int((CAST((ln(MAX((length(w1t0.Icon_searchSynonyms_Icon)),1))) AS double precision)/notZero((ln(16)))))))))*4)))*scast_INTEGER_int((CAST(((numnode(t0.k1))+1) AS integer)/notZero(2))))) IS NOT NULL AND t0.k0 IS NOT NULL) ORDER BY 6 DESC NULLS LAST LIMIT 1) w1w1LEALIAS) AS e0 FROM (SELECT (split_part(t0.k0,CAST(',' AS varchar(1)),2)) AS k0,t0.p00 AS k1,ANYVALUE(1) AS e0 FROM t_3 t0 WHERE t0.p00 IS NOT NULL GROUP BY 1,2) t0 WHERE t0.e0 IS NOT NULL) t1 ON t1.k0=(split_part(t0.k0,CAST(',' AS varchar(1)),2)) AND t1.k1=t0.p00 WHERE t1.e0 IS NOT NULL
24 мар. 2026 23:39:50,874 system - system - system  INFO SQLHandLogger -  lsfusion.server.data.sql.exception.SQLTimeoutException: TIMEOUT TIMEOUTINSERT INTO t_4 (k1,k2,k0,k3,p00) SELECT t1.e0 AS jkey0,t0.p00 AS jkey1,(split_part(t0.k0,CAST(',' AS varchar(1)),2)) AS jkey2,t0.k0 AS jkey3,CASE WHEN t1.e0 IS NOT NULL THEN 1 ELSE NULL END AS jprop0 FROM t_3 t0 JOIN (SELECT t0.k0 AS k0,t0.k1 AS k1,(SELECT w1w1LEALIAS.jprop1 FROM (SELECT w1t0.key0 AS jkey0,t0.k1 AS jkey1,t0.k0 AS jkey2,w1t0.key0 AS jprop0,w1t0.key0 AS jprop1,CASE WHEN w1t0.Icon_searchStyles_Icon LIKE (CAST((CAST((CAST('%' AS varchar(1)) || t0.k0) AS text) || CAST('%' AS varchar(1))) AS text)) THEN (scast_DOUBLE_int(((((scast_DOUBLE_int(((ts_rank(w1t0.Icon_searchExplicit_Icon, t0.k1))*12))+scast_DOUBLE_int((scast_DOUBLE_int((CAST((ts_rank(w1t0.Icon_searchLabel_Icon, t0.k1)) AS double precision)/notZero((1+scast_DOUBLE_int((CAST((ln(MAX((length(w1t0.Icon_searchLabel_Icon)),1))) AS double precision)/notZero((ln(4)))))))))*8)))+scast_DOUBLE_int(((ts_rank(w1t0.Icon_searchTerms_Icon, t0.k1))*6)))+scast_DOUBLE_int((scast_DOUBLE_int((CAST((ts_rank(w1t0.Icon_searchSynonyms_Icon, t0.k1)) AS double precision)/notZero((1+scast_DOUBLE_int((CAST((ln(MAX((length(w1t0.Icon_searchSynonyms_Icon)),1))) AS double precision)/notZero((ln(16)))))))))*4)))*scast_INTEGER_int((CAST(((numnode(t0.k1))+1) AS integer)/notZero(2)))))+0) ELSE (scast_DOUBLE_int(((((scast_DOUBLE_int(((ts_rank(w1t0.Icon_searchExplicit_Icon, t0.k1))*12))+scast_DOUBLE_int((scast_DOUBLE_int((CAST((ts_rank(w1t0.Icon_searchLabel_Icon, t0.k1)) AS double precision)/notZero((1+scast_DOUBLE_int((CAST((ln(MAX((length(w1t0.Icon_searchLabel_Icon)),1))) AS double precision)/notZero((ln(4)))))))))*8)))+scast_DOUBLE_int(((ts_rank(w1t0.Icon_searchTerms_Icon, t0.k1))*6)))+scast_DOUBLE_int((scast_DOUBLE_int((CAST((ts_rank(w1t0.Icon_searchSynonyms_Icon, t0.k1)) AS double precision)/notZero((1+scast_DOUBLE_int((CAST((ln(MAX((length(w1t0.Icon_searchSynonyms_Icon)),1))) AS double precision)/notZero((ln(16)))))))))*4)))*scast_INTEGER_int((CAST(((numnode(t0.k1))+1) AS integer)/notZero(2)))))+((-(0.25)))) END AS jprop2 FROM _auto_Icon_Icon w1t0 WHERE (w1t0.Icon_search_Icon @@ t0.k1 AND scast_DOUBLE_int(((((scast_DOUBLE_int(((ts_rank(w1t0.Icon_searchExplicit_Icon, t0.k1))*12))+scast_DOUBLE_int((scast_DOUBLE_int((CAST((ts_rank(w1t0.Icon_searchLabel_Icon, t0.k1)) AS double precision)/notZero((1+scast_DOUBLE_int((CAST((ln(MAX((length(w1t0.Icon_searchLabel_Icon)),1))) AS double precision)/notZero((ln(4)))))))))*8)))+scast_DOUBLE_int(((ts_rank(w1t0.Icon_searchTerms_Icon, t0.k1))*6)))+scast_DOUBLE_int((scast_DOUBLE_int((CAST((ts_rank(w1t0.Icon_searchSynonyms_Icon, t0.k1)) AS double precision)/notZero((1+scast_DOUBLE_int((CAST((ln(MAX((length(w1t0.Icon_searchSynonyms_Icon)),1))) AS double precision)/notZero((ln(16)))))))))*4)))*scast_INTEGER_int((CAST(((numnode(t0.k1))+1) AS integer)/notZero(2))))) IS NOT NULL AND t0.k0 IS NOT NULL) ORDER BY 6 DESC NULLS LAST LIMIT 1) w1w1LEALIAS) AS e0 FROM (SELECT (split_part(t0.k0,CAST(',' AS varchar(1)),2)) AS k0,t0.p00 AS k1,ANYVALUE(1) AS e0 FROM t_3 t0 WHERE t0.p00 IS NOT NULL GROUP BY 1,2) t0 WHERE t0.e0 IS NOT NULL) t1 ON t1.k0=(split_part(t0.k0,CAST(',' AS varchar(1)),2)) AND t1.k1=t0.p00 WHERE t1.e0 IS NOT NULL
24 мар. 2026 23:39:51,058 system - system - system  INFO SQLHandLogger -  lsfusion.server.data.sql.exception.SQLTimeoutException: TIMEOUT TIMEOUTINSERT INTO t_9 (k1,k2,k0,k3,p00) SELECT t1.e0 AS jkey0,t0.p00 AS jkey1,(split_part(t0.k0,CAST(',' AS varchar(1)),2)) AS jkey2,t0.k0 AS jkey3,CASE WHEN t1.e0 IS NOT NULL THEN 1 ELSE NULL END AS jprop0 FROM t_8 t0 JOIN (SELECT t0.k0 AS k0,t0.k1 AS k1,(SELECT w1w1LEALIAS.jprop1 FROM (SELECT w1t0.key0 AS jkey0,t0.k1 AS jkey1,t0.k0 AS jkey2,w1t0.key0 AS jprop0,w1t0.key0 AS jprop1,CASE WHEN w1t0.Icon_searchStyles_Icon LIKE (CAST((CAST((CAST('%' AS varchar(1)) || t0.k0) AS text) || CAST('%' AS varchar(1))) AS text)) THEN (scast_DOUBLE_int(((((scast_DOUBLE_int(((ts_rank(w1t0.Icon_searchExplicit_Icon, t0.k1))*12))+scast_DOUBLE_int((scast_DOUBLE_int((CAST((ts_rank(w1t0.Icon_searchLabel_Icon, t0.k1)) AS double precision)/notZero((1+scast_DOUBLE_int((CAST((ln(MAX((length(w1t0.Icon_searchLabel_Icon)),1))) AS double precision)/notZero((ln(4)))))))))*8)))+scast_DOUBLE_int(((ts_rank(w1t0.Icon_searchTerms_Icon, t0.k1))*6)))+scast_DOUBLE_int((scast_DOUBLE_int((CAST((ts_rank(w1t0.Icon_searchSynonyms_Icon, t0.k1)) AS double precision)/notZero((1+scast_DOUBLE_int((CAST((ln(MAX((length(w1t0.Icon_searchSynonyms_Icon)),1))) AS double precision)/notZero((ln(16)))))))))*4)))*scast_INTEGER_int((CAST(((numnode(t0.k1))+1) AS integer)/notZero(2)))))+0) ELSE (scast_DOUBLE_int(((((scast_DOUBLE_int(((ts_rank(w1t0.Icon_searchExplicit_Icon, t0.k1))*12))+scast_DOUBLE_int((scast_DOUBLE_int((CAST((ts_rank(w1t0.Icon_searchLabel_Icon, t0.k1)) AS double precision)/notZero((1+scast_DOUBLE_int((CAST((ln(MAX((length(w1t0.Icon_searchLabel_Icon)),1))) AS double precision)/notZero((ln(4)))))))))*8)))+scast_DOUBLE_int(((ts_rank(w1t0.Icon_searchTerms_Icon, t0.k1))*6)))+scast_DOUBLE_int((scast_DOUBLE_int((CAST((ts_rank(w1t0.Icon_searchSynonyms_Icon, t0.k1)) AS double precision)/notZero((1+scast_DOUBLE_int((CAST((ln(MAX((length(w1t0.Icon_searchSynonyms_Icon)),1))) AS double precision)/notZero((ln(16)))))))))*4)))*scast_INTEGER_int((CAST(((numnode(t0.k1))+1) AS integer)/notZero(2)))))+((-(0.25)))) END AS jprop2 FROM _auto_Icon_Icon w1t0 WHERE (w1t0.Icon_search_Icon @@ t0.k1 AND scast_DOUBLE_int(((((scast_DOUBLE_int(((ts_rank(w1t0.Icon_searchExplicit_Icon, t0.k1))*12))+scast_DOUBLE_int((scast_DOUBLE_int((CAST((ts_rank(w1t0.Icon_searchLabel_Icon, t0.k1)) AS double precision)/notZero((1+scast_DOUBLE_int((CAST((ln(MAX((length(w1t0.Icon_searchLabel_Icon)),1))) AS double precision)/notZero((ln(4)))))))))*8)))+scast_DOUBLE_int(((ts_rank(w1t0.Icon_searchTerms_Icon, t0.k1))*6)))+scast_DOUBLE_int((scast_DOUBLE_int((CAST((ts_rank(w1t0.Icon_searchSynonyms_Icon, t0.k1)) AS double precision)/notZero((1+scast_DOUBLE_int((CAST((ln(MAX((length(w1t0.Icon_searchSynonyms_Icon)),1))) AS double precision)/notZero((ln(16)))))))))*4)))*scast_INTEGER_int((CAST(((numnode(t0.k1))+1) AS integer)/notZero(2))))) IS NOT NULL AND t0.k0 IS NOT NULL) ORDER BY 6 DESC NULLS LAST LIMIT 1) w1w1LEALIAS) AS e0 FROM (SELECT (split_part(t0.k0,CAST(',' AS varchar(1)),2)) AS k0,t0.p00 AS k1,ANYVALUE(1) AS e0 FROM t_8 t0 WHERE t0.p00 IS NOT NULL GROUP BY 1,2) t0 WHERE t0.e0 IS NOT NULL) t1 ON t1.k0=(split_part(t0.k0,CAST(',' AS varchar(1)),2)) AND t1.k1=t0.p00 WHERE t1.e0 IS NOT NULL
24 мар. 2026 23:39:51,336 system - system - system  INFO SQLHandLogger -  lsfusion.server.data.sql.exception.SQLTimeoutException: TIMEOUT TIMEOUTINSERT INTO t_4 (k1,k2,k0,k3,p00) SELECT t1.e0 AS jkey0,t0.p00 AS jkey1,(split_part(t0.k0,CAST(',' AS varchar(1)),2)) AS jkey2,t0.k0 AS jkey3,CASE WHEN t1.e0 IS NOT NULL THEN 1 ELSE NULL END AS jprop0 FROM t_3 t0 JOIN (SELECT t0.k0 AS k0,t0.k1 AS k1,(SELECT w1w1LEALIAS.jprop1 FROM (SELECT w1t0.key0 AS jkey0,t0.k1 AS jkey1,t0.k0 AS jkey2,w1t0.key0 AS jprop0,w1t0.key0 AS jprop1,CASE WHEN w1t0.Icon_searchStyles_Icon LIKE (CAST((CAST((CAST('%' AS varchar(1)) || t0.k0) AS text) || CAST('%' AS varchar(1))) AS text)) THEN (scast_DOUBLE_int(((((scast_DOUBLE_int(((ts_rank(w1t0.Icon_searchExplicit_Icon, t0.k1))*12))+scast_DOUBLE_int((scast_DOUBLE_int((CAST((ts_rank(w1t0.Icon_searchLabel_Icon, t0.k1)) AS double precision)/notZero((1+scast_DOUBLE_int((CAST((ln(MAX((length(w1t0.Icon_searchLabel_Icon)),1))) AS double precision)/notZero((ln(4)))))))))*8)))+scast_DOUBLE_int(((ts_rank(w1t0.Icon_searchTerms_Icon, t0.k1))*6)))+scast_DOUBLE_int((scast_DOUBLE_int((CAST((ts_rank(w1t0.Icon_searchSynonyms_Icon, t0.k1)) AS double precision)/notZero((1+scast_DOUBLE_int((CAST((ln(MAX((length(w1t0.Icon_searchSynonyms_Icon)),1))) AS double precision)/notZero((ln(16)))))))))*4)))*scast_INTEGER_int((CAST(((numnode(t0.k1))+1) AS integer)/notZero(2)))))+0) ELSE (scast_DOUBLE_int(((((scast_DOUBLE_int(((ts_rank(w1t0.Icon_searchExplicit_Icon, t0.k1))*12))+scast_DOUBLE_int((scast_DOUBLE_int((CAST((ts_rank(w1t0.Icon_searchLabel_Icon, t0.k1)) AS double precision)/notZero((1+scast_DOUBLE_int((CAST((ln(MAX((length(w1t0.Icon_searchLabel_Icon)),1))) AS double precision)/notZero((ln(4)))))))))*8)))+scast_DOUBLE_int(((ts_rank(w1t0.Icon_searchTerms_Icon, t0.k1))*6)))+scast_DOUBLE_int((scast_DOUBLE_int((CAST((ts_rank(w1t0.Icon_searchSynonyms_Icon, t0.k1)) AS double precision)/notZero((1+scast_DOUBLE_int((CAST((ln(MAX((length(w1t0.Icon_searchSynonyms_Icon)),1))) AS double precision)/notZero((ln(16)))))))))*4)))*scast_INTEGER_int((CAST(((numnode(t0.k1))+1) AS integer)/notZero(2)))))+((-(0.25)))) END AS jprop2 FROM _auto_Icon_Icon w1t0 WHERE (w1t0.Icon_search_Icon @@ t0.k1 AND scast_DOUBLE_int(((((scast_DOUBLE_int(((ts_rank(w1t0.Icon_searchExplicit_Icon, t0.k1))*12))+scast_DOUBLE_int((scast_DOUBLE_int((CAST((ts_rank(w1t0.Icon_searchLabel_Icon, t0.k1)) AS double precision)/notZero((1+scast_DOUBLE_int((CAST((ln(MAX((length(w1t0.Icon_searchLabel_Icon)),1))) AS double precision)/notZero((ln(4)))))))))*8)))+scast_DOUBLE_int(((ts_rank(w1t0.Icon_searchTerms_Icon, t0.k1))*6)))+scast_DOUBLE_int((scast_DOUBLE_int((CAST((ts_rank(w1t0.Icon_searchSynonyms_Icon, t0.k1)) AS double precision)/notZero((1+scast_DOUBLE_int((CAST((ln(MAX((length(w1t0.Icon_searchSynonyms_Icon)),1))) AS double precision)/notZero((ln(16)))))))))*4)))*scast_INTEGER_int((CAST(((numnode(t0.k1))+1) AS integer)/notZero(2))))) IS NOT NULL AND t0.k0 IS NOT NULL) ORDER BY 6 DESC NULLS LAST LIMIT 1) w1w1LEALIAS) AS e0 FROM (SELECT (split_part(t0.k0,CAST(',' AS varchar(1)),2)) AS k0,t0.p00 AS k1,ANYVALUE(1) AS e0 FROM t_3 t0 WHERE t0.p00 IS NOT NULL GROUP BY 1,2) t0 WHERE t0.e0 IS NOT NULL) t1 ON t1.k0=(split_part(t0.k0,CAST(',' AS varchar(1)),2)) AND t1.k1=t0.p00 WHERE t1.e0 IS NOT NULL
24 мар. 2026 23:39:51,630 system - system - system  INFO SQLHandLogger -  lsfusion.server.data.sql.exception.SQLTimeoutException: TIMEOUT TIMEOUTINSERT INTO t_4 (k1,k2,k0,k3,p00) SELECT t1.e0 AS jkey0,t0.p00 AS jkey1,(split_part(t0.k0,CAST(',' AS varchar(1)),2)) AS jkey2,t0.k0 AS jkey3,CASE WHEN t1.e0 IS NOT NULL THEN 1 ELSE NULL END AS jprop0 FROM t_3 t0 JOIN (SELECT t0.k0 AS k0,t0.k1 AS k1,(SELECT w1w1LEALIAS.jprop1 FROM (SELECT w1t0.key0 AS jkey0,t0.k1 AS jkey1,t0.k0 AS jkey2,w1t0.key0 AS jprop0,w1t0.key0 AS jprop1,CASE WHEN w1t0.Icon_searchStyles_Icon LIKE (CAST((CAST((CAST('%' AS varchar(1)) || t0.k0) AS text) || CAST('%' AS varchar(1))) AS text)) THEN (scast_DOUBLE_int(((((scast_DOUBLE_int(((ts_rank(w1t0.Icon_searchExplicit_Icon, t0.k1))*12))+scast_DOUBLE_int((scast_DOUBLE_int((CAST((ts_rank(w1t0.Icon_searchLabel_Icon, t0.k1)) AS double precision)/notZero((1+scast_DOUBLE_int((CAST((ln(MAX((length(w1t0.Icon_searchLabel_Icon)),1))) AS double precision)/notZero((ln(4)))))))))*8)))+scast_DOUBLE_int(((ts_rank(w1t0.Icon_searchTerms_Icon, t0.k1))*6)))+scast_DOUBLE_int((scast_DOUBLE_int((CAST((ts_rank(w1t0.Icon_searchSynonyms_Icon, t0.k1)) AS double precision)/notZero((1+scast_DOUBLE_int((CAST((ln(MAX((length(w1t0.Icon_searchSynonyms_Icon)),1))) AS double precision)/notZero((ln(16)))))))))*4)))*scast_INTEGER_int((CAST(((numnode(t0.k1))+1) AS integer)/notZero(2)))))+0) ELSE (scast_DOUBLE_int(((((scast_DOUBLE_int(((ts_rank(w1t0.Icon_searchExplicit_Icon, t0.k1))*12))+scast_DOUBLE_int((scast_DOUBLE_int((CAST((ts_rank(w1t0.Icon_searchLabel_Icon, t0.k1)) AS double precision)/notZero((1+scast_DOUBLE_int((CAST((ln(MAX((length(w1t0.Icon_searchLabel_Icon)),1))) AS double precision)/notZero((ln(4)))))))))*8)))+scast_DOUBLE_int(((ts_rank(w1t0.Icon_searchTerms_Icon, t0.k1))*6)))+scast_DOUBLE_int((scast_DOUBLE_int((CAST((ts_rank(w1t0.Icon_searchSynonyms_Icon, t0.k1)) AS double precision)/notZero((1+scast_DOUBLE_int((CAST((ln(MAX((length(w1t0.Icon_searchSynonyms_Icon)),1))) AS double precision)/notZero((ln(16)))))))))*4)))*scast_INTEGER_int((CAST(((numnode(t0.k1))+1) AS integer)/notZero(2)))))+((-(0.25)))) END AS jprop2 FROM _auto_Icon_Icon w1t0 WHERE (w1t0.Icon_search_Icon @@ t0.k1 AND scast_DOUBLE_int(((((scast_DOUBLE_int(((ts_rank(w1t0.Icon_searchExplicit_Icon, t0.k1))*12))+scast_DOUBLE_int((scast_DOUBLE_int((CAST((ts_rank(w1t0.Icon_searchLabel_Icon, t0.k1)) AS double precision)/notZero((1+scast_DOUBLE_int((CAST((ln(MAX((length(w1t0.Icon_searchLabel_Icon)),1))) AS double precision)/notZero((ln(4)))))))))*8)))+scast_DOUBLE_int(((ts_rank(w1t0.Icon_searchTerms_Icon, t0.k1))*6)))+scast_DOUBLE_int((scast_DOUBLE_int((CAST((ts_rank(w1t0.Icon_searchSynonyms_Icon, t0.k1)) AS double precision)/notZero((1+scast_DOUBLE_int((CAST((ln(MAX((length(w1t0.Icon_searchSynonyms_Icon)),1))) AS double precision)/notZero((ln(16)))))))))*4)))*scast_INTEGER_int((CAST(((numnode(t0.k1))+1) AS integer)/notZero(2))))) IS NOT NULL AND t0.k0 IS NOT NULL) ORDER BY 6 DESC NULLS LAST LIMIT 1) w1w1LEALIAS) AS e0 FROM (SELECT (split_part(t0.k0,CAST(',' AS varchar(1)),2)) AS k0,t0.p00 AS k1,ANYVALUE(1) AS e0 FROM t_3 t0 WHERE t0.p00 IS NOT NULL GROUP BY 1,2) t0 WHERE t0.e0 IS NOT NULL) t1 ON t1.k0=(split_part(t0.k0,CAST(',' AS varchar(1)),2)) AND t1.k1=t0.p00 WHERE t1.e0 IS NOT NULL
24 мар. 2026 23:39:51,781 system - system - system  INFO SQLHandLogger -  lsfusion.server.data.sql.exception.SQLTimeoutException: TIMEOUT TIMEOUTINSERT INTO t_4 (k1,k2,k0,k3,p00) SELECT t1.e0 AS jkey0,t0.p00 AS jkey1,(split_part(t0.k0,CAST(',' AS varchar(1)),2)) AS jkey2,t0.k0 AS jkey3,CASE WHEN t1.e0 IS NOT NULL THEN 1 ELSE NULL END AS jprop0 FROM t_3 t0 JOIN (SELECT t0.k0 AS k0,t0.k1 AS k1,(SELECT w1w1LEALIAS.jprop1 FROM (SELECT w1t0.key0 AS jkey0,t0.k1 AS jkey1,t0.k0 AS jkey2,w1t0.key0 AS jprop0,w1t0.key0 AS jprop1,CASE WHEN w1t0.Icon_searchStyles_Icon LIKE (CAST((CAST((CAST('%' AS varchar(1)) || t0.k0) AS text) || CAST('%' AS varchar(1))) AS text)) THEN (scast_DOUBLE_int(((((scast_DOUBLE_int(((ts_rank(w1t0.Icon_searchExplicit_Icon, t0.k1))*12))+scast_DOUBLE_int((scast_DOUBLE_int((CAST((ts_rank(w1t0.Icon_searchLabel_Icon, t0.k1)) AS double precision)/notZero((1+scast_DOUBLE_int((CAST((ln(MAX((length(w1t0.Icon_searchLabel_Icon)),1))) AS double precision)/notZero((ln(4)))))))))*8)))+scast_DOUBLE_int(((ts_rank(w1t0.Icon_searchTerms_Icon, t0.k1))*6)))+scast_DOUBLE_int((scast_DOUBLE_int((CAST((ts_rank(w1t0.Icon_searchSynonyms_Icon, t0.k1)) AS double precision)/notZero((1+scast_DOUBLE_int((CAST((ln(MAX((length(w1t0.Icon_searchSynonyms_Icon)),1))) AS double precision)/notZero((ln(16)))))))))*4)))*scast_INTEGER_int((CAST(((numnode(t0.k1))+1) AS integer)/notZero(2)))))+0) ELSE (scast_DOUBLE_int(((((scast_DOUBLE_int(((ts_rank(w1t0.Icon_searchExplicit_Icon, t0.k1))*12))+scast_DOUBLE_int((scast_DOUBLE_int((CAST((ts_rank(w1t0.Icon_searchLabel_Icon, t0.k1)) AS double precision)/notZero((1+scast_DOUBLE_int((CAST((ln(MAX((length(w1t0.Icon_searchLabel_Icon)),1))) AS double precision)/notZero((ln(4)))))))))*8)))+scast_DOUBLE_int(((ts_rank(w1t0.Icon_searchTerms_Icon, t0.k1))*6)))+scast_DOUBLE_int((scast_DOUBLE_int((CAST((ts_rank(w1t0.Icon_searchSynonyms_Icon, t0.k1)) AS double precision)/notZero((1+scast_DOUBLE_int((CAST((ln(MAX((length(w1t0.Icon_searchSynonyms_Icon)),1))) AS double precision)/notZero((ln(16)))))))))*4)))*scast_INTEGER_int((CAST(((numnode(t0.k1))+1) AS integer)/notZero(2)))))+((-(0.25)))) END AS jprop2 FROM _auto_Icon_Icon w1t0 WHERE (w1t0.Icon_search_Icon @@ t0.k1 AND scast_DOUBLE_int(((((scast_DOUBLE_int(((ts_rank(w1t0.Icon_searchExplicit_Icon, t0.k1))*12))+scast_DOUBLE_int((scast_DOUBLE_int((CAST((ts_rank(w1t0.Icon_searchLabel_Icon, t0.k1)) AS double precision)/notZero((1+scast_DOUBLE_int((CAST((ln(MAX((length(w1t0.Icon_searchLabel_Icon)),1))) AS double precision)/notZero((ln(4)))))))))*8)))+scast_DOUBLE_int(((ts_rank(w1t0.Icon_searchTerms_Icon, t0.k1))*6)))+scast_DOUBLE_int((scast_DOUBLE_int((CAST((ts_rank(w1t0.Icon_searchSynonyms_Icon, t0.k1)) AS double precision)/notZero((1+scast_DOUBLE_int((CAST((ln(MAX((length(w1t0.Icon_searchSynonyms_Icon)),1))) AS double precision)/notZero((ln(16)))))))))*4)))*scast_INTEGER_int((CAST(((numnode(t0.k1))+1) AS integer)/notZero(2))))) IS NOT NULL AND t0.k0 IS NOT NULL) ORDER BY 6 DESC NULLS LAST LIMIT 1) w1w1LEALIAS) AS e0 FROM (SELECT (split_part(t0.k0,CAST(',' AS varchar(1)),2)) AS k0,t0.p00 AS k1,ANYVALUE(1) AS e0 FROM t_3 t0 WHERE t0.p00 IS NOT NULL GROUP BY 1,2) t0 WHERE t0.e0 IS NOT NULL) t1 ON t1.k0=(split_part(t0.k0,CAST(',' AS varchar(1)),2)) AND t1.k1=t0.p00 WHERE t1.e0 IS NOT NULL
24 мар. 2026 23:45:54,057 system - system - system ERROR SQLHandLogger - SUPPRESSED : ОШИБКА: база данных "boardgame" уже существует
	at org.postgresql.core.v3.QueryExecutorImpl.receiveErrorResponse(QueryExecutorImpl.java:2725)
	at org.postgresql.core.v3.QueryExecutorImpl.processResults(QueryExecutorImpl.java:2412)
	at org.postgresql.core.v3.QueryExecutorImpl.execute(QueryExecutorImpl.java:371)
	at org.postgresql.jdbc.PgStatement.executeInternal(PgStatement.java:502)
	at org.postgresql.jdbc.PgStatement.execute(PgStatement.java:419)
	at org.postgresql.jdbc.PgStatement.executeWithFlags(PgStatement.java:341)
	at org.postgresql.jdbc.PgStatement.executeCachedSql(PgStatement.java:326)
	at org.postgresql.jdbc.PgStatement.executeWithFlags(PgStatement.java:302)
	at org.postgresql.jdbc.PgStatement.execute(PgStatement.java:297)
	at lsfusion.server.data.sql.adapter.PostgreDataAdapter.ensureDB(PostgreDataAdapter.java:112)
	at lsfusion.server.data.sql.adapter.DataAdapter.ensureDBConnection(DataAdapter.java:70)
	at lsfusion.server.physics.exec.db.controller.manager.DBManager.lambda$2(DBManager.java:258)
	at lsfusion.server.physics.exec.db.table.ImplementTable.reflectionStatProps(ImplementTable.java:515)
	at lsfusion.server.physics.exec.db.controller.manager.DBManager.initReflectionEvents(DBManager.java:252)
	at lsfusion.server.physics.admin.reflection.controller.init.InitReflectionEventsTask.run(InitReflectionEventsTask.java:13)
	at lsfusion.server.base.task.Task.lambda$1(Task.java:151)
	at lsfusion.server.base.controller.thread.ExecutorFactory.lambda$0(ExecutorFactory.java:183)
	at lsfusion.base.BaseUtils.executeWithTimeout(BaseUtils.java:2323)
	at lsfusion.server.base.controller.thread.ExecutorFactory.executeWithTimeout(ExecutorFactory.java:180)
	at lsfusion.server.base.task.Task.proceed(Task.java:150)
	at lsfusion.server.base.task.Task$1.aspectRun(Task.java:107)
	at lsfusion.server.base.controller.thread.ExecutorFactory$AspectRunnable.run(ExecutorFactory.java:510)
	at java.base/java.util.concurrent.ThreadPoolExecutor.runWorker(ThreadPoolExecutor.java:1136)
	at java.base/java.util.concurrent.ThreadPoolExecutor$Worker.run(ThreadPoolExecutor.java:635)
	at java.base/java.lang.Thread.run(Thread.java:842)
	at lsfusion.server.base.controller.thread.ExecutorFactory$ClosableDaemonThreadFactory$ClosableThread.run(ExecutorFactory.java:592)


THREAD :Thread[pool-4-taskRunner-pool-7,5,main]
	at lsfusion.base.ExceptionUtils.getStackTrace(ExceptionUtils.java:26)
	at lsfusion.server.base.controller.stack.ExecutionStackAspect.getExStackTrace(ExecutionStackAspect.java:434)
	at lsfusion.server.physics.admin.log.ServerLoggers.sqlSuppLog(ServerLoggers.java:106)
	at lsfusion.server.data.sql.adapter.PostgreDataAdapter.ensureDB(PostgreDataAdapter.java:114)
	at lsfusion.server.data.sql.adapter.DataAdapter.ensureDBConnection(DataAdapter.java:70)
	at lsfusion.server.physics.exec.db.controller.manager.DBManager.lambda$2(DBManager.java:258)
	at lsfusion.server.physics.exec.db.table.ImplementTable.reflectionStatProps(ImplementTable.java:515)
	at lsfusion.server.physics.exec.db.controller.manager.DBManager.initReflectionEvents(DBManager.java:252)
	at lsfusion.server.physics.admin.reflection.controller.init.InitReflectionEventsTask.run(InitReflectionEventsTask.java:13)
	at lsfusion.server.base.task.Task.lambda$1(Task.java:151)
	at lsfusion.server.base.controller.thread.ExecutorFactory.lambda$0(ExecutorFactory.java:183)
	at lsfusion.base.BaseUtils.executeWithTimeout(BaseUtils.java:2323)
	at lsfusion.server.base.controller.thread.ExecutorFactory.executeWithTimeout(ExecutorFactory.java:180)
	at lsfusion.server.base.task.Task.proceed(Task.java:150)
	at lsfusion.server.base.task.Task$1.aspectRun(Task.java:107)
	at lsfusion.server.base.controller.thread.ExecutorFactory$AspectRunnable.run(ExecutorFactory.java:510)
	at java.base/java.util.concurrent.ThreadPoolExecutor.runWorker(ThreadPoolExecutor.java:1136)
	at java.base/java.util.concurrent.ThreadPoolExecutor$Worker.run(ThreadPoolExecutor.java:635)
	at java.base/java.lang.Thread.run(Thread.java:842)
	at lsfusion.server.base.controller.thread.ExecutorFactory$ClosableDaemonThreadFactory$ClosableThread.run(ExecutorFactory.java:592)

