24 мар. 2026 19:37:24,626 ERROR StartLogger - Exception while starting logics instance: [error]:
	BoardGameLogic:56:17 missing ',' at 'explanationGenrePart'

24 мар. 2026 19:38:18,280 ERROR StartLogger - Exception while starting logics instance: [error]:
	BoardGameTest:78:13 missing ';' at 'ELSE'
[error]:
	BoardGameTest:81:1 missing EOF at '}'

24 мар. 2026 19:40:24,959 ERROR StartLogger - Exception while starting logics instance: [error]:
	BoardGameUI:26:27 mismatched input '(' expecting ';'
[error]:
	BoardGameUI:32:5 no viable alternative at input 'PROPERTIES'
[error]:
	BoardGameUI:80:10 mismatched input 'FORM' expecting '('
[error]:
	BoardGameUI:80:35 mismatched input 'OBJECTS' expecting '('
[error]:
	BoardGameUI:80:45 mismatched input '=' expecting '('

24 мар. 2026 19:45:05,170 ERROR StartLogger - Exception while starting logics instance: [error]:
	BoardGameUI:59:89 extraneous input ')' expecting ';'
[error]:
	BoardGameUI:62:137 extraneous input ')' expecting ';'

24 мар. 2026 23:05:21,104 ERROR StartLogger - Exception while starting logics instance: [error]:
	BoardGameLogic:24:33 parameter 'SCORE_GENRE_MATCH' is not found
Subsequent errors (if any) could not be found.
24 мар. 2026 23:05:21,109 ERROR StartLogger - Exception while starting logics instance: [error]:
	BoardGameExampleData:61:33 parameter 'strategy' is not found
Subsequent errors (if any) could not be found.
24 мар. 2026 23:08:38,504 ERROR StartLogger - Exception while starting logics instance: [error]:
	BoardGameExampleData:57:29 parameter 'strategy' is not found
Subsequent errors (if any) could not be found.
24 мар. 2026 23:08:38,510 ERROR StartLogger - Exception while starting logics instance: [error]:
	BoardGameLogic:74:5 property or action 'id[BoardGame.BoardGame]' is not found
Subsequent errors (if any) could not be found.
24 мар. 2026 23:11:21,607 ERROR StartLogger - Exception while starting logics instance: [error]:
	BoardGameDomain:113:50 mismatched input 'WHERE' expecting 'ORDER'
[error]:
	BoardGameDomain:114:59 mismatched input 'WHERE' expecting 'ORDER'
[error]:
	BoardGameDomain:115:51 mismatched input 'WHERE' expecting 'ORDER'
[error]:
	BoardGameDomain:116:56 mismatched input 'WHERE' expecting 'ORDER'

24 мар. 2026 23:15:37,453 ERROR StartLogger - Exception while starting logics instance: [error]:
	BoardGameTest:76:91 property or action 'toString[INTEGER]' is not found
Subsequent errors (if any) could not be found.
24 мар. 2026 23:16:35,381 ERROR StartLogger - Exception while starting logics instance: [error]:
	BoardGameTest:114:25 use NULL instead of FALSE
Subsequent errors (if any) could not be found.
24 мар. 2026 23:17:43,355 ERROR StartLogger - Exception while starting logics instance: [error]:
	BoardGameUI:21:5 property or action 'getRecommendations[BoardGame.BoardGame]' is not found
Subsequent errors (if any) could not be found.
24 мар. 2026 23:18:22,871 ERROR StartLogger - The server requested SCRAM-based authentication, but the password is an empty string. (host: localhost, user: postgres)
24 мар. 2026 23:18:22,889 ERROR StartLogger - Exception while starting logics instance: 
java.lang.RuntimeException: org.postgresql.util.PSQLException: The server requested SCRAM-based authentication, but the password is an empty string.
	at com.google.common.base.Throwables.propagate(Throwables.java:160)
	at lsfusion.server.physics.exec.db.controller.manager.DBManager.initReflectionEvents(DBManager.java:295)
	at lsfusion.server.physics.admin.reflection.controller.init.InitReflectionEventsTask.run(InitReflectionEventsTask.java:13)
	at lsfusion.server.base.task.Task.lambda$1(Task.java:151)
	at lsfusion.server.base.controller.thread.ExecutorFactory.lambda$0(ExecutorFactory.java:183)
	at lsfusion.base.BaseUtils.executeWithTimeout(BaseUtils.java:2323)
	at lsfusion.server.base.controller.thread.ExecutorFactory.executeWithTimeout(ExecutorFactory.java:180)
	at lsfusion.server.base.task.Task.proceed(Task.java:150)
	at lsfusion.server.base.task.Task$1.aspectRun(Task.java:107)
	at lsfusion.server.base.controller.thread.ExecutorFactory$AspectRunnable.run(ExecutorFactory.java:510)
	at java.base/java.util.concurrent.ThreadPoolExecutor.runWorker(ThreadPoolExecutor.java:1136)
	at java.base/java.util.concurrent.ThreadPoolExecutor$Worker.run(ThreadPoolExecutor.java:635)
	at java.base/java.lang.Thread.run(Thread.java:842)
	at lsfusion.server.base.controller.thread.ExecutorFactory$ClosableDaemonThreadFactory$ClosableThread.run(ExecutorFactory.java:592)
Caused by: org.postgresql.util.PSQLException: The server requested SCRAM-based authentication, but the password is an empty string.
	at org.postgresql.core.v3.ConnectionFactoryImpl.lambda$doAuthentication$4(ConnectionFactoryImpl.java:849)
	at org.postgresql.core.v3.AuthenticationPluginManager.withPassword(AuthenticationPluginManager.java:82)
	at org.postgresql.core.v3.ConnectionFactoryImpl.doAuthentication(ConnectionFactoryImpl.java:840)
	at org.postgresql.core.v3.ConnectionFactoryImpl.tryConnect(ConnectionFactoryImpl.java:207)
	at org.postgresql.core.v3.ConnectionFactoryImpl.openConnectionImpl(ConnectionFactoryImpl.java:262)
	at org.postgresql.core.ConnectionFactory.openConnection(ConnectionFactory.java:54)
	at org.postgresql.jdbc.PgConnection.<init>(PgConnection.java:273)
	at org.postgresql.Driver.makeConnection(Driver.java:446)
	at org.postgresql.Driver.connect(Driver.java:298)
	at java.sql/java.sql.DriverManager.getConnection(DriverManager.java:681)
	at java.sql/java.sql.DriverManager.getConnection(DriverManager.java:252)
	at lsfusion.server.data.sql.adapter.PostgreDataAdapter.getConnection(PostgreDataAdapter.java:73)
	at lsfusion.server.data.sql.adapter.PostgreDataAdapter.ensureDB(PostgreDataAdapter.java:90)
	at lsfusion.server.data.sql.adapter.DataAdapter.ensureDBConnection(DataAdapter.java:70)
	at lsfusion.server.physics.exec.db.controller.manager.DBManager.lambda$2(DBManager.java:258)
	at lsfusion.server.physics.exec.db.table.ImplementTable.reflectionStatProps(ImplementTable.java:515)
	at lsfusion.server.physics.exec.db.controller.manager.DBManager.initReflectionEvents(DBManager.java:252)
	... 12 more
24 мар. 2026 23:20:04,006 ERROR StartLogger - The server requested SCRAM-based authentication, but the password is an empty string. (host: localhost, user: postgres)
24 мар. 2026 23:20:04,022 ERROR StartLogger - Exception while starting logics instance: 
java.lang.RuntimeException: org.postgresql.util.PSQLException: The server requested SCRAM-based authentication, but the password is an empty string.
	at com.google.common.base.Throwables.propagate(Throwables.java:160)
	at lsfusion.server.physics.exec.db.controller.manager.DBManager.initReflectionEvents(DBManager.java:295)
	at lsfusion.server.physics.admin.reflection.controller.init.InitReflectionEventsTask.run(InitReflectionEventsTask.java:13)
	at lsfusion.server.base.task.Task.lambda$1(Task.java:151)
	at lsfusion.server.base.controller.thread.ExecutorFactory.lambda$0(ExecutorFactory.java:183)
	at lsfusion.base.BaseUtils.executeWithTimeout(BaseUtils.java:2323)
	at lsfusion.server.base.controller.thread.ExecutorFactory.executeWithTimeout(ExecutorFactory.java:180)
	at lsfusion.server.base.task.Task.proceed(Task.java:150)
	at lsfusion.server.base.task.Task$1.aspectRun(Task.java:107)
	at lsfusion.server.base.controller.thread.ExecutorFactory$AspectRunnable.run(ExecutorFactory.java:510)
	at java.base/java.util.concurrent.ThreadPoolExecutor.runWorker(ThreadPoolExecutor.java:1136)
	at java.base/java.util.concurrent.ThreadPoolExecutor$Worker.run(ThreadPoolExecutor.java:635)
	at java.base/java.lang.Thread.run(Thread.java:842)
	at lsfusion.server.base.controller.thread.ExecutorFactory$ClosableDaemonThreadFactory$ClosableThread.run(ExecutorFactory.java:592)
Caused by: org.postgresql.util.PSQLException: The server requested SCRAM-based authentication, but the password is an empty string.
	at org.postgresql.core.v3.ConnectionFactoryImpl.lambda$doAuthentication$4(ConnectionFactoryImpl.java:849)
	at org.postgresql.core.v3.AuthenticationPluginManager.withPassword(AuthenticationPluginManager.java:82)
	at org.postgresql.core.v3.ConnectionFactoryImpl.doAuthentication(ConnectionFactoryImpl.java:840)
	at org.postgresql.core.v3.ConnectionFactoryImpl.tryConnect(ConnectionFactoryImpl.java:207)
	at org.postgresql.core.v3.ConnectionFactoryImpl.openConnectionImpl(ConnectionFactoryImpl.java:262)
	at org.postgresql.core.ConnectionFactory.openConnection(ConnectionFactory.java:54)
	at org.postgresql.jdbc.PgConnection.<init>(PgConnection.java:273)
	at org.postgresql.Driver.makeConnection(Driver.java:446)
	at org.postgresql.Driver.connect(Driver.java:298)
	at java.sql/java.sql.DriverManager.getConnection(DriverManager.java:681)
	at java.sql/java.sql.DriverManager.getConnection(DriverManager.java:252)
	at lsfusion.server.data.sql.adapter.PostgreDataAdapter.getConnection(PostgreDataAdapter.java:73)
	at lsfusion.server.data.sql.adapter.PostgreDataAdapter.ensureDB(PostgreDataAdapter.java:90)
	at lsfusion.server.data.sql.adapter.DataAdapter.ensureDBConnection(DataAdapter.java:70)
	at lsfusion.server.physics.exec.db.controller.manager.DBManager.lambda$2(DBManager.java:258)
	at lsfusion.server.physics.exec.db.table.ImplementTable.reflectionStatProps(ImplementTable.java:515)
	at lsfusion.server.physics.exec.db.controller.manager.DBManager.initReflectionEvents(DBManager.java:252)
	... 12 more
24 мар. 2026 23:22:15,123 ERROR StartLogger - The server requested SCRAM-based authentication, but the password is an empty string. (host: localhost, user: postgres)
24 мар. 2026 23:22:15,138 ERROR StartLogger - Exception while starting logics instance: 
java.lang.RuntimeException: org.postgresql.util.PSQLException: The server requested SCRAM-based authentication, but the password is an empty string.
	at com.google.common.base.Throwables.propagate(Throwables.java:160)
	at lsfusion.server.physics.exec.db.controller.manager.DBManager.initReflectionEvents(DBManager.java:295)
	at lsfusion.server.physics.admin.reflection.controller.init.InitReflectionEventsTask.run(InitReflectionEventsTask.java:13)
	at lsfusion.server.base.task.Task.lambda$1(Task.java:151)
	at lsfusion.server.base.controller.thread.ExecutorFactory.lambda$0(ExecutorFactory.java:183)
	at lsfusion.base.BaseUtils.executeWithTimeout(BaseUtils.java:2323)
	at lsfusion.server.base.controller.thread.ExecutorFactory.executeWithTimeout(ExecutorFactory.java:180)
	at lsfusion.server.base.task.Task.proceed(Task.java:150)
	at lsfusion.server.base.task.Task$1.aspectRun(Task.java:107)
	at lsfusion.server.base.controller.thread.ExecutorFactory$AspectRunnable.run(ExecutorFactory.java:510)
	at java.base/java.util.concurrent.ThreadPoolExecutor.runWorker(ThreadPoolExecutor.java:1136)
	at java.base/java.util.concurrent.ThreadPoolExecutor$Worker.run(ThreadPoolExecutor.java:635)
	at java.base/java.lang.Thread.run(Thread.java:842)
	at lsfusion.server.base.controller.thread.ExecutorFactory$ClosableDaemonThreadFactory$ClosableThread.run(ExecutorFactory.java:592)
Caused by: org.postgresql.util.PSQLException: The server requested SCRAM-based authentication, but the password is an empty string.
	at org.postgresql.core.v3.ConnectionFactoryImpl.lambda$doAuthentication$4(ConnectionFactoryImpl.java:849)
	at org.postgresql.core.v3.AuthenticationPluginManager.withPassword(AuthenticationPluginManager.java:82)
	at org.postgresql.core.v3.ConnectionFactoryImpl.doAuthentication(ConnectionFactoryImpl.java:840)
	at org.postgresql.core.v3.ConnectionFactoryImpl.tryConnect(ConnectionFactoryImpl.java:207)
	at org.postgresql.core.v3.ConnectionFactoryImpl.openConnectionImpl(ConnectionFactoryImpl.java:262)
	at org.postgresql.core.ConnectionFactory.openConnection(ConnectionFactory.java:54)
	at org.postgresql.jdbc.PgConnection.<init>(PgConnection.java:273)
	at org.postgresql.Driver.makeConnection(Driver.java:446)
	at org.postgresql.Driver.connect(Driver.java:298)
	at java.sql/java.sql.DriverManager.getConnection(DriverManager.java:681)
	at java.sql/java.sql.DriverManager.getConnection(DriverManager.java:252)
	at lsfusion.server.data.sql.adapter.PostgreDataAdapter.getConnection(PostgreDataAdapter.java:73)
	at lsfusion.server.data.sql.adapter.PostgreDataAdapter.ensureDB(PostgreDataAdapter.java:90)
	at lsfusion.server.data.sql.adapter.DataAdapter.ensureDBConnection(DataAdapter.java:70)
	at lsfusion.server.physics.exec.db.controller.manager.DBManager.lambda$2(DBManager.java:258)
	at lsfusion.server.physics.exec.db.table.ImplementTable.reflectionStatProps(ImplementTable.java:515)
	at lsfusion.server.physics.exec.db.controller.manager.DBManager.initReflectionEvents(DBManager.java:252)
	... 12 more
24 мар. 2026 23:22:50,675 ERROR StartLogger - The server requested SCRAM-based authentication, but the password is an empty string. (host: localhost, user: postgres)
24 мар. 2026 23:22:50,690 ERROR StartLogger - Exception while starting logics instance: 
java.lang.RuntimeException: org.postgresql.util.PSQLException: The server requested SCRAM-based authentication, but the password is an empty string.
	at com.google.common.base.Throwables.propagate(Throwables.java:160)
	at lsfusion.server.physics.exec.db.controller.manager.DBManager.initReflectionEvents(DBManager.java:295)
	at lsfusion.server.physics.admin.reflection.controller.init.InitReflectionEventsTask.run(InitReflectionEventsTask.java:13)
	at lsfusion.server.base.task.Task.lambda$1(Task.java:151)
	at lsfusion.server.base.controller.thread.ExecutorFactory.lambda$0(ExecutorFactory.java:183)
	at lsfusion.base.BaseUtils.executeWithTimeout(BaseUtils.java:2323)
	at lsfusion.server.base.controller.thread.ExecutorFactory.executeWithTimeout(ExecutorFactory.java:180)
	at lsfusion.server.base.task.Task.proceed(Task.java:150)
	at lsfusion.server.base.task.Task$1.aspectRun(Task.java:107)
	at lsfusion.server.base.controller.thread.ExecutorFactory$AspectRunnable.run(ExecutorFactory.java:510)
	at java.base/java.util.concurrent.ThreadPoolExecutor.runWorker(ThreadPoolExecutor.java:1136)
	at java.base/java.util.concurrent.ThreadPoolExecutor$Worker.run(ThreadPoolExecutor.java:635)
	at java.base/java.lang.Thread.run(Thread.java:842)
	at lsfusion.server.base.controller.thread.ExecutorFactory$ClosableDaemonThreadFactory$ClosableThread.run(ExecutorFactory.java:592)
Caused by: org.postgresql.util.PSQLException: The server requested SCRAM-based authentication, but the password is an empty string.
	at org.postgresql.core.v3.ConnectionFactoryImpl.lambda$doAuthentication$4(ConnectionFactoryImpl.java:849)
	at org.postgresql.core.v3.AuthenticationPluginManager.withPassword(AuthenticationPluginManager.java:82)
	at org.postgresql.core.v3.ConnectionFactoryImpl.doAuthentication(ConnectionFactoryImpl.java:840)
	at org.postgresql.core.v3.ConnectionFactoryImpl.tryConnect(ConnectionFactoryImpl.java:207)
	at org.postgresql.core.v3.ConnectionFactoryImpl.openConnectionImpl(ConnectionFactoryImpl.java:262)
	at org.postgresql.core.ConnectionFactory.openConnection(ConnectionFactory.java:54)
	at org.postgresql.jdbc.PgConnection.<init>(PgConnection.java:273)
	at org.postgresql.Driver.makeConnection(Driver.java:446)
	at org.postgresql.Driver.connect(Driver.java:298)
	at java.sql/java.sql.DriverManager.getConnection(DriverManager.java:681)
	at java.sql/java.sql.DriverManager.getConnection(DriverManager.java:252)
	at lsfusion.server.data.sql.adapter.PostgreDataAdapter.getConnection(PostgreDataAdapter.java:73)
	at lsfusion.server.data.sql.adapter.PostgreDataAdapter.ensureDB(PostgreDataAdapter.java:90)
	at lsfusion.server.data.sql.adapter.DataAdapter.ensureDBConnection(DataAdapter.java:70)
	at lsfusion.server.physics.exec.db.controller.manager.DBManager.lambda$2(DBManager.java:258)
	at lsfusion.server.physics.exec.db.table.ImplementTable.reflectionStatProps(ImplementTable.java:515)
	at lsfusion.server.physics.exec.db.controller.manager.DBManager.initReflectionEvents(DBManager.java:252)
	... 12 more
24 мар. 2026 23:24:16,122 ERROR StartLogger - The server requested SCRAM-based authentication, but the password is an empty string. (host: localhost, user: postgres)
24 мар. 2026 23:24:16,136 ERROR StartLogger - Exception while starting logics instance: 
java.lang.RuntimeException: org.postgresql.util.PSQLException: The server requested SCRAM-based authentication, but the password is an empty string.
	at com.google.common.base.Throwables.propagate(Throwables.java:160)
	at lsfusion.server.physics.exec.db.controller.manager.DBManager.initReflectionEvents(DBManager.java:295)
	at lsfusion.server.physics.admin.reflection.controller.init.InitReflectionEventsTask.run(InitReflectionEventsTask.java:13)
	at lsfusion.server.base.task.Task.lambda$1(Task.java:151)
	at lsfusion.server.base.controller.thread.ExecutorFactory.lambda$0(ExecutorFactory.java:183)
	at lsfusion.base.BaseUtils.executeWithTimeout(BaseUtils.java:2323)
	at lsfusion.server.base.controller.thread.ExecutorFactory.executeWithTimeout(ExecutorFactory.java:180)
	at lsfusion.server.base.task.Task.proceed(Task.java:150)
	at lsfusion.server.base.task.Task$1.aspectRun(Task.java:107)
	at lsfusion.server.base.controller.thread.ExecutorFactory$AspectRunnable.run(ExecutorFactory.java:510)
	at java.base/java.util.concurrent.ThreadPoolExecutor.runWorker(ThreadPoolExecutor.java:1136)
	at java.base/java.util.concurrent.ThreadPoolExecutor$Worker.run(ThreadPoolExecutor.java:635)
	at java.base/java.lang.Thread.run(Thread.java:842)
	at lsfusion.server.base.controller.thread.ExecutorFactory$ClosableDaemonThreadFactory$ClosableThread.run(ExecutorFactory.java:592)
Caused by: org.postgresql.util.PSQLException: The server requested SCRAM-based authentication, but the password is an empty string.
	at org.postgresql.core.v3.ConnectionFactoryImpl.lambda$doAuthentication$4(ConnectionFactoryImpl.java:849)
	at org.postgresql.core.v3.AuthenticationPluginManager.withPassword(AuthenticationPluginManager.java:82)
	at org.postgresql.core.v3.ConnectionFactoryImpl.doAuthentication(ConnectionFactoryImpl.java:840)
	at org.postgresql.core.v3.ConnectionFactoryImpl.tryConnect(ConnectionFactoryImpl.java:207)
	at org.postgresql.core.v3.ConnectionFactoryImpl.openConnectionImpl(ConnectionFactoryImpl.java:262)
	at org.postgresql.core.ConnectionFactory.openConnection(ConnectionFactory.java:54)
	at org.postgresql.jdbc.PgConnection.<init>(PgConnection.java:273)
	at org.postgresql.Driver.makeConnection(Driver.java:446)
	at org.postgresql.Driver.connect(Driver.java:298)
	at java.sql/java.sql.DriverManager.getConnection(DriverManager.java:681)
	at java.sql/java.sql.DriverManager.getConnection(DriverManager.java:252)
	at lsfusion.server.data.sql.adapter.PostgreDataAdapter.getConnection(PostgreDataAdapter.java:73)
	at lsfusion.server.data.sql.adapter.PostgreDataAdapter.ensureDB(PostgreDataAdapter.java:90)
	at lsfusion.server.data.sql.adapter.DataAdapter.ensureDBConnection(DataAdapter.java:70)
	at lsfusion.server.physics.exec.db.controller.manager.DBManager.lambda$2(DBManager.java:258)
	at lsfusion.server.physics.exec.db.table.ImplementTable.reflectionStatProps(ImplementTable.java:515)
	at lsfusion.server.physics.exec.db.controller.manager.DBManager.initReflectionEvents(DBManager.java:252)
	... 12 more
24 мар. 2026 23:24:56,372 ERROR StartLogger - The server requested SCRAM-based authentication, but the password is an empty string. (host: localhost, user: postgres)
24 мар. 2026 23:24:56,389 ERROR StartLogger - Exception while starting logics instance: 
java.lang.RuntimeException: org.postgresql.util.PSQLException: The server requested SCRAM-based authentication, but the password is an empty string.
	at com.google.common.base.Throwables.propagate(Throwables.java:160)
	at lsfusion.server.physics.exec.db.controller.manager.DBManager.initReflectionEvents(DBManager.java:295)
	at lsfusion.server.physics.admin.reflection.controller.init.InitReflectionEventsTask.run(InitReflectionEventsTask.java:13)
	at lsfusion.server.base.task.Task.lambda$1(Task.java:151)
	at lsfusion.server.base.controller.thread.ExecutorFactory.lambda$0(ExecutorFactory.java:183)
	at lsfusion.base.BaseUtils.executeWithTimeout(BaseUtils.java:2323)
	at lsfusion.server.base.controller.thread.ExecutorFactory.executeWithTimeout(ExecutorFactory.java:180)
	at lsfusion.server.base.task.Task.proceed(Task.java:150)
	at lsfusion.server.base.task.Task$1.aspectRun(Task.java:107)
	at lsfusion.server.base.controller.thread.ExecutorFactory$AspectRunnable.run(ExecutorFactory.java:510)
	at java.base/java.util.concurrent.ThreadPoolExecutor.runWorker(ThreadPoolExecutor.java:1136)
	at java.base/java.util.concurrent.ThreadPoolExecutor$Worker.run(ThreadPoolExecutor.java:635)
	at java.base/java.lang.Thread.run(Thread.java:842)
	at lsfusion.server.base.controller.thread.ExecutorFactory$ClosableDaemonThreadFactory$ClosableThread.run(ExecutorFactory.java:592)
Caused by: org.postgresql.util.PSQLException: The server requested SCRAM-based authentication, but the password is an empty string.
	at org.postgresql.core.v3.ConnectionFactoryImpl.lambda$doAuthentication$4(ConnectionFactoryImpl.java:849)
	at org.postgresql.core.v3.AuthenticationPluginManager.withPassword(AuthenticationPluginManager.java:82)
	at org.postgresql.core.v3.ConnectionFactoryImpl.doAuthentication(ConnectionFactoryImpl.java:840)
	at org.postgresql.core.v3.ConnectionFactoryImpl.tryConnect(ConnectionFactoryImpl.java:207)
	at org.postgresql.core.v3.ConnectionFactoryImpl.openConnectionImpl(ConnectionFactoryImpl.java:262)
	at org.postgresql.core.ConnectionFactory.openConnection(ConnectionFactory.java:54)
	at org.postgresql.jdbc.PgConnection.<init>(PgConnection.java:273)
	at org.postgresql.Driver.makeConnection(Driver.java:446)
	at org.postgresql.Driver.connect(Driver.java:298)
	at java.sql/java.sql.DriverManager.getConnection(DriverManager.java:681)
	at java.sql/java.sql.DriverManager.getConnection(DriverManager.java:252)
	at lsfusion.server.data.sql.adapter.PostgreDataAdapter.getConnection(PostgreDataAdapter.java:73)
	at lsfusion.server.data.sql.adapter.PostgreDataAdapter.ensureDB(PostgreDataAdapter.java:90)
	at lsfusion.server.data.sql.adapter.DataAdapter.ensureDBConnection(DataAdapter.java:70)
	at lsfusion.server.physics.exec.db.controller.manager.DBManager.lambda$2(DBManager.java:258)
	at lsfusion.server.physics.exec.db.table.ImplementTable.reflectionStatProps(ImplementTable.java:515)
	at lsfusion.server.physics.exec.db.controller.manager.DBManager.initReflectionEvents(DBManager.java:252)
	... 12 more
24 мар. 2026 23:27:05,149 ERROR SystemLogger - Failed to initialize tess4j. Add tess4j jar to classpath.
24 мар. 2026 23:34:24,764 ERROR StartLogger - Error starting RMI manager: 
java.rmi.server.ExportException: Port already in use: 7652; nested exception is: 
	java.net.BindException: Address already in use: bind
	at java.rmi/sun.rmi.transport.tcp.TCPTransport.listen(TCPTransport.java:346)
	at java.rmi/sun.rmi.transport.tcp.TCPTransport.exportObject(TCPTransport.java:243)
	at java.rmi/sun.rmi.transport.tcp.TCPEndpoint.exportObject(TCPEndpoint.java:415)
	at java.rmi/sun.rmi.transport.LiveRef.exportObject(LiveRef.java:147)
	at java.rmi/sun.rmi.server.UnicastServerRef.exportObject(UnicastServerRef.java:235)
	at java.rmi/sun.rmi.registry.RegistryImpl.setup(RegistryImpl.java:223)
	at java.rmi/sun.rmi.registry.RegistryImpl.<init>(RegistryImpl.java:182)
	at java.rmi/sun.rmi.registry.RegistryImpl.<init>(RegistryImpl.java:152)
	at java.rmi/java.rmi.registry.LocateRegistry.createRegistry(LocateRegistry.java:239)
	at lsfusion.base.remote.RMIUtils.createRmiRegistry(RMIUtils.java:32)
	at lsfusion.server.base.controller.remote.RmiManager.initRegistry(RmiManager.java:210)
	at lsfusion.server.base.controller.remote.RmiManager.onStarted(RmiManager.java:139)
	at lsfusion.server.base.controller.lifecycle.LifecycleAdapter.lifecycleEvent(LifecycleAdapter.java:22)
	at lsfusion.server.base.controller.manager.LifecycleManager.fireLifecycleEvent(LifecycleManager.java:39)
	at lsfusion.server.base.controller.manager.LifecycleManager.fireStarted(LifecycleManager.java:48)
	at lsfusion.server.logics.LogicsInstance.start(LogicsInstance.java:220)
	at lsfusion.server.logics.BusinessLogicsBootstrap.start(BusinessLogicsBootstrap.java:62)
	at lsfusion.server.logics.BusinessLogicsBootstrap.main(BusinessLogicsBootstrap.java:177)
Caused by: java.net.BindException: Address already in use: bind
	at java.base/sun.nio.ch.Net.bind0(Native Method)
	at java.base/sun.nio.ch.Net.bind(Net.java:555)
	at java.base/sun.nio.ch.Net.bind(Net.java:544)
	at java.base/sun.nio.ch.NioSocketImpl.bind(NioSocketImpl.java:648)
	at java.base/java.net.ServerSocket.bind(ServerSocket.java:388)
	at java.base/java.net.ServerSocket.<init>(ServerSocket.java:274)
	at java.base/java.net.ServerSocket.<init>(ServerSocket.java:218)
	at lsfusion.base.remote.ZipServerSocket.<init>(ZipServerSocket.java:10)
	at lsfusion.base.remote.ZipServerSocketFactory.createServerSocket(ZipServerSocketFactory.java:10)
	at lsfusion.base.remote.ZipServerSocketFactory.createServerSocket(ZipServerSocketFactory.java:6)
	at java.rmi/sun.rmi.transport.tcp.TCPEndpoint.newServerSocket(TCPEndpoint.java:673)
	at java.rmi/sun.rmi.transport.tcp.TCPTransport.listen(TCPTransport.java:335)
	... 17 more
24 мар. 2026 23:34:24,776 ERROR StartLogger - Exception while starting logics instance: 
java.net.BindException: Address already in use: bind
	at java.base/sun.nio.ch.Net.bind0(Native Method)
	at java.base/sun.nio.ch.Net.bind(Net.java:555)
	at java.base/sun.nio.ch.Net.bind(Net.java:544)
	at java.base/sun.nio.ch.NioSocketImpl.bind(NioSocketImpl.java:648)
	at java.base/java.net.ServerSocket.bind(ServerSocket.java:388)
	at java.base/java.net.ServerSocket.<init>(ServerSocket.java:274)
	at java.base/java.net.ServerSocket.<init>(ServerSocket.java:218)
	at lsfusion.base.remote.ZipServerSocket.<init>(ZipServerSocket.java:10)
	at lsfusion.base.remote.ZipServerSocketFactory.createServerSocket(ZipServerSocketFactory.java:10)
	at lsfusion.base.remote.ZipServerSocketFactory.createServerSocket(ZipServerSocketFactory.java:6)
	at java.rmi/sun.rmi.transport.tcp.TCPEndpoint.newServerSocket(TCPEndpoint.java:673)
	at java.rmi/sun.rmi.transport.tcp.TCPTransport.listen(TCPTransport.java:335)
	at java.rmi/sun.rmi.transport.tcp.TCPTransport.exportObject(TCPTransport.java:243)
	at java.rmi/sun.rmi.transport.tcp.TCPEndpoint.exportObject(TCPEndpoint.java:415)
	at java.rmi/sun.rmi.transport.LiveRef.exportObject(LiveRef.java:147)
	at java.rmi/sun.rmi.server.UnicastServerRef.exportObject(UnicastServerRef.java:235)
	at java.rmi/sun.rmi.registry.RegistryImpl.setup(RegistryImpl.java:223)
	at java.rmi/sun.rmi.registry.RegistryImpl.<init>(RegistryImpl.java:182)
	at java.rmi/sun.rmi.registry.RegistryImpl.<init>(RegistryImpl.java:152)
	at java.rmi/java.rmi.registry.LocateRegistry.createRegistry(LocateRegistry.java:239)
	at lsfusion.base.remote.RMIUtils.createRmiRegistry(RMIUtils.java:32)
	at lsfusion.server.base.controller.remote.RmiManager.initRegistry(RmiManager.java:210)
	at lsfusion.server.base.controller.remote.RmiManager.onStarted(RmiManager.java:139)
	at lsfusion.server.base.controller.lifecycle.LifecycleAdapter.lifecycleEvent(LifecycleAdapter.java:22)
	at lsfusion.server.base.controller.manager.LifecycleManager.fireLifecycleEvent(LifecycleManager.java:39)
	at lsfusion.server.base.controller.manager.LifecycleManager.fireStarted(LifecycleManager.java:48)
	at lsfusion.server.logics.LogicsInstance.start(LogicsInstance.java:220)
	at lsfusion.server.logics.BusinessLogicsBootstrap.start(BusinessLogicsBootstrap.java:62)
	at lsfusion.server.logics.BusinessLogicsBootstrap.main(BusinessLogicsBootstrap.java:177)
24 мар. 2026 23:35:13,450 ERROR StartLogger - Error starting RMI manager: 
java.rmi.server.ExportException: Port already in use: 7652; nested exception is: 
	java.net.BindException: Address already in use: bind
	at java.rmi/sun.rmi.transport.tcp.TCPTransport.listen(TCPTransport.java:346)
	at java.rmi/sun.rmi.transport.tcp.TCPTransport.exportObject(TCPTransport.java:243)
	at java.rmi/sun.rmi.transport.tcp.TCPEndpoint.exportObject(TCPEndpoint.java:415)
	at java.rmi/sun.rmi.transport.LiveRef.exportObject(LiveRef.java:147)
	at java.rmi/sun.rmi.server.UnicastServerRef.exportObject(UnicastServerRef.java:235)
	at java.rmi/sun.rmi.registry.RegistryImpl.setup(RegistryImpl.java:223)
	at java.rmi/sun.rmi.registry.RegistryImpl.<init>(RegistryImpl.java:182)
	at java.rmi/sun.rmi.registry.RegistryImpl.<init>(RegistryImpl.java:152)
	at java.rmi/java.rmi.registry.LocateRegistry.createRegistry(LocateRegistry.java:239)
	at lsfusion.base.remote.RMIUtils.createRmiRegistry(RMIUtils.java:32)
	at lsfusion.server.base.controller.remote.RmiManager.initRegistry(RmiManager.java:210)
	at lsfusion.server.base.controller.remote.RmiManager.onStarted(RmiManager.java:139)
	at lsfusion.server.base.controller.lifecycle.LifecycleAdapter.lifecycleEvent(LifecycleAdapter.java:22)
	at lsfusion.server.base.controller.manager.LifecycleManager.fireLifecycleEvent(LifecycleManager.java:39)
	at lsfusion.server.base.controller.manager.LifecycleManager.fireStarted(LifecycleManager.java:48)
	at lsfusion.server.logics.LogicsInstance.start(LogicsInstance.java:220)
	at lsfusion.server.logics.BusinessLogicsBootstrap.start(BusinessLogicsBootstrap.java:62)
	at lsfusion.server.logics.BusinessLogicsBootstrap.main(BusinessLogicsBootstrap.java:177)
Caused by: java.net.BindException: Address already in use: bind
	at java.base/sun.nio.ch.Net.bind0(Native Method)
	at java.base/sun.nio.ch.Net.bind(Net.java:555)
	at java.base/sun.nio.ch.Net.bind(Net.java:544)
	at java.base/sun.nio.ch.NioSocketImpl.bind(NioSocketImpl.java:648)
	at java.base/java.net.ServerSocket.bind(ServerSocket.java:388)
	at java.base/java.net.ServerSocket.<init>(ServerSocket.java:274)
	at java.base/java.net.ServerSocket.<init>(ServerSocket.java:218)
	at lsfusion.base.remote.ZipServerSocket.<init>(ZipServerSocket.java:10)
	at lsfusion.base.remote.ZipServerSocketFactory.createServerSocket(ZipServerSocketFactory.java:10)
	at lsfusion.base.remote.ZipServerSocketFactory.createServerSocket(ZipServerSocketFactory.java:6)
	at java.rmi/sun.rmi.transport.tcp.TCPEndpoint.newServerSocket(TCPEndpoint.java:673)
	at java.rmi/sun.rmi.transport.tcp.TCPTransport.listen(TCPTransport.java:335)
	... 17 more
24 мар. 2026 23:35:13,466 ERROR StartLogger - Exception while starting logics instance: 
java.net.BindException: Address already in use: bind
	at java.base/sun.nio.ch.Net.bind0(Native Method)
	at java.base/sun.nio.ch.Net.bind(Net.java:555)
	at java.base/sun.nio.ch.Net.bind(Net.java:544)
	at java.base/sun.nio.ch.NioSocketImpl.bind(NioSocketImpl.java:648)
	at java.base/java.net.ServerSocket.bind(ServerSocket.java:388)
	at java.base/java.net.ServerSocket.<init>(ServerSocket.java:274)
	at java.base/java.net.ServerSocket.<init>(ServerSocket.java:218)
	at lsfusion.base.remote.ZipServerSocket.<init>(ZipServerSocket.java:10)
	at lsfusion.base.remote.ZipServerSocketFactory.createServerSocket(ZipServerSocketFactory.java:10)
	at lsfusion.base.remote.ZipServerSocketFactory.createServerSocket(ZipServerSocketFactory.java:6)
	at java.rmi/sun.rmi.transport.tcp.TCPEndpoint.newServerSocket(TCPEndpoint.java:673)
	at java.rmi/sun.rmi.transport.tcp.TCPTransport.listen(TCPTransport.java:335)
	at java.rmi/sun.rmi.transport.tcp.TCPTransport.exportObject(TCPTransport.java:243)
	at java.rmi/sun.rmi.transport.tcp.TCPEndpoint.exportObject(TCPEndpoint.java:415)
	at java.rmi/sun.rmi.transport.LiveRef.exportObject(LiveRef.java:147)
	at java.rmi/sun.rmi.server.UnicastServerRef.exportObject(UnicastServerRef.java:235)
	at java.rmi/sun.rmi.registry.RegistryImpl.setup(RegistryImpl.java:223)
	at java.rmi/sun.rmi.registry.RegistryImpl.<init>(RegistryImpl.java:182)
	at java.rmi/sun.rmi.registry.RegistryImpl.<init>(RegistryImpl.java:152)
	at java.rmi/java.rmi.registry.LocateRegistry.createRegistry(LocateRegistry.java:239)
	at lsfusion.base.remote.RMIUtils.createRmiRegistry(RMIUtils.java:32)
	at lsfusion.server.base.controller.remote.RmiManager.initRegistry(RmiManager.java:210)
	at lsfusion.server.base.controller.remote.RmiManager.onStarted(RmiManager.java:139)
	at lsfusion.server.base.controller.lifecycle.LifecycleAdapter.lifecycleEvent(LifecycleAdapter.java:22)
	at lsfusion.server.base.controller.manager.LifecycleManager.fireLifecycleEvent(LifecycleManager.java:39)
	at lsfusion.server.base.controller.manager.LifecycleManager.fireStarted(LifecycleManager.java:48)
	at lsfusion.server.logics.LogicsInstance.start(LogicsInstance.java:220)
	at lsfusion.server.logics.BusinessLogicsBootstrap.start(BusinessLogicsBootstrap.java:62)
	at lsfusion.server.logics.BusinessLogicsBootstrap.main(BusinessLogicsBootstrap.java:177)
24 мар. 2026 23:35:57,478 ERROR StartLogger - The server requested SCRAM-based authentication, but the password is an empty string. (host: localhost, user: postgres)
24 мар. 2026 23:35:57,498 ERROR StartLogger - Exception while starting logics instance: 
java.lang.RuntimeException: org.postgresql.util.PSQLException: The server requested SCRAM-based authentication, but the password is an empty string.
	at com.google.common.base.Throwables.propagate(Throwables.java:160)
	at lsfusion.server.physics.exec.db.controller.manager.DBManager.initReflectionEvents(DBManager.java:295)
	at lsfusion.server.physics.admin.reflection.controller.init.InitReflectionEventsTask.run(InitReflectionEventsTask.java:13)
	at lsfusion.server.base.task.Task.lambda$1(Task.java:151)
	at lsfusion.server.base.controller.thread.ExecutorFactory.lambda$0(ExecutorFactory.java:183)
	at lsfusion.base.BaseUtils.executeWithTimeout(BaseUtils.java:2323)
	at lsfusion.server.base.controller.thread.ExecutorFactory.executeWithTimeout(ExecutorFactory.java:180)
	at lsfusion.server.base.task.Task.proceed(Task.java:150)
	at lsfusion.server.base.task.Task$1.aspectRun(Task.java:107)
	at lsfusion.server.base.controller.thread.ExecutorFactory$AspectRunnable.run(ExecutorFactory.java:510)
	at java.base/java.util.concurrent.ThreadPoolExecutor.runWorker(ThreadPoolExecutor.java:1136)
	at java.base/java.util.concurrent.ThreadPoolExecutor$Worker.run(ThreadPoolExecutor.java:635)
	at java.base/java.lang.Thread.run(Thread.java:842)
	at lsfusion.server.base.controller.thread.ExecutorFactory$ClosableDaemonThreadFactory$ClosableThread.run(ExecutorFactory.java:592)
Caused by: org.postgresql.util.PSQLException: The server requested SCRAM-based authentication, but the password is an empty string.
	at org.postgresql.core.v3.ConnectionFactoryImpl.lambda$doAuthentication$4(ConnectionFactoryImpl.java:849)
	at org.postgresql.core.v3.AuthenticationPluginManager.withPassword(AuthenticationPluginManager.java:82)
	at org.postgresql.core.v3.ConnectionFactoryImpl.doAuthentication(ConnectionFactoryImpl.java:840)
	at org.postgresql.core.v3.ConnectionFactoryImpl.tryConnect(ConnectionFactoryImpl.java:207)
	at org.postgresql.core.v3.ConnectionFactoryImpl.openConnectionImpl(ConnectionFactoryImpl.java:262)
	at org.postgresql.core.ConnectionFactory.openConnection(ConnectionFactory.java:54)
	at org.postgresql.jdbc.PgConnection.<init>(PgConnection.java:273)
	at org.postgresql.Driver.makeConnection(Driver.java:446)
	at org.postgresql.Driver.connect(Driver.java:298)
	at java.sql/java.sql.DriverManager.getConnection(DriverManager.java:681)
	at java.sql/java.sql.DriverManager.getConnection(DriverManager.java:252)
	at lsfusion.server.data.sql.adapter.PostgreDataAdapter.getConnection(PostgreDataAdapter.java:73)
	at lsfusion.server.data.sql.adapter.PostgreDataAdapter.ensureDB(PostgreDataAdapter.java:90)
	at lsfusion.server.data.sql.adapter.DataAdapter.ensureDBConnection(DataAdapter.java:70)
	at lsfusion.server.physics.exec.db.controller.manager.DBManager.lambda$2(DBManager.java:258)
	at lsfusion.server.physics.exec.db.table.ImplementTable.reflectionStatProps(ImplementTable.java:515)
	at lsfusion.server.physics.exec.db.controller.manager.DBManager.initReflectionEvents(DBManager.java:252)
	... 12 more
