24 мар. 2026 19:37:22,088  INFO StartLogger - Server is starting...
24 мар. 2026 19:37:22,220  INFO StartLogger - Current version: 6.1 (365)
24 мар. 2026 19:37:22,220  INFO StartLogger - Java version: 17.0.12
24 мар. 2026 19:37:22,220  INFO StartLogger - Class path: lib/lsfusion-server-6.1.jar;target/classes
24 мар. 2026 19:37:22,254  INFO StartLogger - JVM arguments: []
24 мар. 2026 19:37:23,225  INFO StartLogger - Logics instance is starting...
24 мар. 2026 19:37:23,267  INFO StartLogger - Initializing BusinessLogics
24 мар. 2026 19:37:23,307  INFO StartLogger - Initializing string literals data
24 мар. 2026 19:37:23,307  INFO StartLogger - Initializing localizer
24 мар. 2026 19:37:23,308  INFO StartLogger - Creating modules
24 мар. 2026 19:37:23,889  INFO StartLogger - Initializing dependencies
24 мар. 2026 19:37:24,025  INFO StartLogger - Initializing modules order
24 мар. 2026 19:37:24,036  INFO StartLogger - Initializing metacodes and classes
24 мар. 2026 19:37:24,646  INFO StartLogger - Error starting server, server will be stopped
24 мар. 2026 19:37:24,646  INFO StartLogger - Server is stopping...
24 мар. 2026 19:37:24,646  INFO StartLogger - Logics instance is stopping...
24 мар. 2026 19:37:24,646  INFO StartLogger - Logics instance has stopped...
24 мар. 2026 19:37:24,651  INFO StartLogger - Server has stopped...
24 мар. 2026 19:38:15,580  INFO StartLogger - Server is starting...
24 мар. 2026 19:38:15,708  INFO StartLogger - Current version: 6.1 (365)
24 мар. 2026 19:38:15,719  INFO StartLogger - Java version: 17.0.12
24 мар. 2026 19:38:15,719  INFO StartLogger - Class path: lib/lsfusion-server-6.1.jar;target/classes
24 мар. 2026 19:38:15,739  INFO StartLogger - JVM arguments: []
24 мар. 2026 19:38:16,758  INFO StartLogger - Logics instance is starting...
24 мар. 2026 19:38:16,802  INFO StartLogger - Initializing BusinessLogics
24 мар. 2026 19:38:16,828  INFO StartLogger - Creating modules
24 мар. 2026 19:38:16,828  INFO StartLogger - Initializing localizer
24 мар. 2026 19:38:16,828  INFO StartLogger - Initializing string literals data
24 мар. 2026 19:38:17,518  INFO StartLogger - Initializing dependencies
24 мар. 2026 19:38:17,678  INFO StartLogger - Initializing modules order
24 мар. 2026 19:38:17,687  INFO StartLogger - Initializing metacodes and classes
24 мар. 2026 19:38:18,282  INFO StartLogger - Error starting server, server will be stopped
24 мар. 2026 19:38:18,282  INFO StartLogger - Server is stopping...
24 мар. 2026 19:38:18,282  INFO StartLogger - Logics instance is stopping...
24 мар. 2026 19:38:18,296  INFO StartLogger - Logics instance has stopped...
24 мар. 2026 19:38:18,296  INFO StartLogger - Server has stopped...
24 мар. 2026 19:40:21,893  INFO StartLogger - Server is starting...
24 мар. 2026 19:40:22,015  INFO StartLogger - Current version: 6.1 (365)
24 мар. 2026 19:40:22,017  INFO StartLogger - Java version: 17.0.12
24 мар. 2026 19:40:22,017  INFO StartLogger - Class path: lib/lsfusion-server-6.1.jar;target/classes
24 мар. 2026 19:40:22,038  INFO StartLogger - JVM arguments: []
24 мар. 2026 19:40:23,107  INFO StartLogger - Logics instance is starting...
24 мар. 2026 19:40:23,152  INFO StartLogger - Initializing BusinessLogics
24 мар. 2026 19:40:23,175  INFO StartLogger - Creating modules
24 мар. 2026 19:40:23,183  INFO StartLogger - Initializing string literals data
24 мар. 2026 19:40:23,183  INFO StartLogger - Initializing localizer
24 мар. 2026 19:40:24,099  INFO StartLogger - Initializing dependencies
24 мар. 2026 19:40:24,288  INFO StartLogger - Initializing modules order
24 мар. 2026 19:40:24,291  INFO StartLogger - Initializing metacodes and classes
24 мар. 2026 19:40:24,971  INFO StartLogger - Error starting server, server will be stopped
24 мар. 2026 19:40:24,971  INFO StartLogger - Server is stopping...
24 мар. 2026 19:40:24,971  INFO StartLogger - Logics instance is stopping...
24 мар. 2026 19:40:24,975  INFO StartLogger - Logics instance has stopped...
24 мар. 2026 19:40:24,977  INFO StartLogger - Server has stopped...
